2022-05-31 22:51:45,678 [main] INFO  org.vividus.log.TestInfoLogger - CONDA_EXE=/Users/macbook/opt/anaconda3/bin/conda
2022-05-31 22:51:45,682 [main] INFO  org.vividus.log.TestInfoLogger - CONDA_PYTHON_EXE=/Users/macbook/opt/anaconda3/bin/python
2022-05-31 22:51:45,683 [main] INFO  org.vividus.log.TestInfoLogger - CONDA_SHLVL=0
2022-05-31 22:51:45,683 [main] INFO  org.vividus.log.TestInfoLogger - DISPLAY=/private/tmp/com.apple.launchd.gTqJkzWtBq/org.xquartz:0
2022-05-31 22:51:45,683 [main] INFO  org.vividus.log.TestInfoLogger - HOME=/Users/macbook
2022-05-31 22:51:45,683 [main] INFO  org.vividus.log.TestInfoLogger - JAVA_HOME=/Library/Java/JavaVirtualMachines/jdk-17.0.3.1.jdk/Contents/Home
2022-05-31 22:51:45,683 [main] INFO  org.vividus.log.TestInfoLogger - JAVA_MAIN_CLASS_96936=org.gradle.wrapper.GradleWrapperMain
2022-05-31 22:51:45,683 [main] INFO  org.vividus.log.TestInfoLogger - JAVA_MAIN_CLASS_96962=org.vividus.runner.StoriesRunner
2022-05-31 22:51:45,683 [main] INFO  org.vividus.log.TestInfoLogger - LC_CTYPE=UTF-8
2022-05-31 22:51:45,685 [main] INFO  org.vividus.log.TestInfoLogger - LOGNAME=macbook
2022-05-31 22:51:45,685 [main] INFO  org.vividus.log.TestInfoLogger - PATH=/Users/macbook/opt/anaconda3/condabin:/Users/macbook/.rbenv/shims:/Users/macbook/.rbenv/shims:/opt/local/bin:/opt/local/sbin:/usr/local/bin:/usr/bin:/bin:/usr/sbin:/sbin:/usr/local/share/dotnet:/opt/X11/bin:~/.dotnet/tools:/Library/Apple/usr/bin:/Library/Frameworks/Mono.framework/Versions/Current/Commands:/Applications/Xamarin Workbooks.app/Contents/SharedSupport/path-bin:/Users/macbook/.rvm/bin
2022-05-31 22:51:45,686 [main] INFO  org.vividus.log.TestInfoLogger - PWD=/Users/macbook/task2
2022-05-31 22:51:45,686 [main] INFO  org.vividus.log.TestInfoLogger - RBENV_SHELL=zsh
2022-05-31 22:51:45,686 [main] INFO  org.vividus.log.TestInfoLogger - SHELL=/bin/zsh
2022-05-31 22:51:45,686 [main] INFO  org.vividus.log.TestInfoLogger - SHLVL=1
2022-05-31 22:51:45,686 [main] INFO  org.vividus.log.TestInfoLogger - SSH_AUTH_SOCK=/private/tmp/com.apple.launchd.MsiH23rXWW/Listeners
2022-05-31 22:51:45,687 [main] INFO  org.vividus.log.TestInfoLogger - TERM=xterm-256color
2022-05-31 22:51:45,687 [main] INFO  org.vividus.log.TestInfoLogger - TERM_PROGRAM=Apple_Terminal
2022-05-31 22:51:45,687 [main] INFO  org.vividus.log.TestInfoLogger - TERM_PROGRAM_VERSION=444
2022-05-31 22:51:45,687 [main] INFO  org.vividus.log.TestInfoLogger - TERM_SESSION_ID=23E6B503-9EFC-4214-B041-052BEC65D5A6
2022-05-31 22:51:45,687 [main] INFO  org.vividus.log.TestInfoLogger - TMPDIR=/var/folders/r3/thzlxrbx3dgdd324ms_dlxr00000gn/T/
2022-05-31 22:51:45,687 [main] INFO  org.vividus.log.TestInfoLogger - USER=macbook
2022-05-31 22:51:45,687 [main] INFO  org.vividus.log.TestInfoLogger - VIVIDUS_BUILD_SYSTEM_HOME=vividus-build-system
2022-05-31 22:51:45,687 [main] INFO  org.vividus.log.TestInfoLogger - XPC_FLAGS=0x0
2022-05-31 22:51:45,687 [main] INFO  org.vividus.log.TestInfoLogger - XPC_SERVICE_NAME=0
2022-05-31 22:51:45,688 [main] INFO  org.vividus.log.TestInfoLogger - _CE_CONDA=
2022-05-31 22:51:45,688 [main] INFO  org.vividus.log.TestInfoLogger - _CE_M=
2022-05-31 22:51:45,688 [main] INFO  org.vividus.log.TestInfoLogger - __CFBundleIdentifier=com.apple.Terminal
2022-05-31 22:51:45,688 [main] INFO  org.vividus.log.TestInfoLogger - __CF_USER_TEXT_ENCODING=0x1F5:0x0:0x0
2022-05-31 22:51:45,688 [main] INFO  org.vividus.log.TestInfoLogger - allure.history-directory=/Users/macbook/task2/output/history
2022-05-31 22:51:45,688 [main] INFO  org.vividus.log.TestInfoLogger - allure.report-directory=/Users/macbook/task2/output/reports/allure
2022-05-31 22:51:45,688 [main] INFO  org.vividus.log.TestInfoLogger - analytics.enabled=false
2022-05-31 22:51:45,689 [main] INFO  org.vividus.log.TestInfoLogger - analytics.tracking-id=UA-167152972-1
2022-05-31 22:51:45,689 [main] INFO  org.vividus.log.TestInfoLogger - bbd.variables.global.email=tt0128389@gmail.com
2022-05-31 22:51:45,689 [main] INFO  org.vividus.log.TestInfoLogger - bbd.variables.global.password=****
2022-05-31 22:51:45,689 [main] INFO  org.vividus.log.TestInfoLogger - bdd.all-meta-filters=groovy: (!layout || layout.contains('desktop')) && !skip && (true)
2022-05-31 22:51:45,689 [main] INFO  org.vividus.log.TestInfoLogger - bdd.batch.fail-fast=false
2022-05-31 22:51:45,690 [main] INFO  org.vividus.log.TestInfoLogger - bdd.cache-examples-table=false
2022-05-31 22:51:45,690 [main] INFO  org.vividus.log.TestInfoLogger - bdd.configuration.all-composite-paths=,steps/defaults/*.steps
2022-05-31 22:51:45,690 [main] INFO  org.vividus.log.TestInfoLogger - bdd.configuration.composite-paths=
2022-05-31 22:51:45,690 [main] INFO  org.vividus.log.TestInfoLogger - bdd.configuration.dry-run=false
2022-05-31 22:51:45,690 [main] INFO  org.vividus.log.TestInfoLogger - bdd.configuration.examples-table-header-separator=|
2022-05-31 22:51:45,690 [main] INFO  org.vividus.log.TestInfoLogger - bdd.configuration.examples-table-value-separator=|
2022-05-31 22:51:45,690 [main] INFO  org.vividus.log.TestInfoLogger - bdd.configuration.formats=
2022-05-31 22:51:45,690 [main] INFO  org.vividus.log.TestInfoLogger - bdd.configuration.parallel-story-examples-enabled=false
2022-05-31 22:51:45,690 [main] INFO  org.vividus.log.TestInfoLogger - bdd.configuration.skip-story-if-given-story-failed=false
2022-05-31 22:51:45,690 [main] INFO  org.vividus.log.TestInfoLogger - bdd.date-expression-processor.locale=en_US
2022-05-31 22:51:45,691 [main] INFO  org.vividus.log.TestInfoLogger - bdd.generate-view-after-batches=false
2022-05-31 22:51:45,691 [main] INFO  org.vividus.log.TestInfoLogger - bdd.meta-filters=true
2022-05-31 22:51:45,691 [main] INFO  org.vividus.log.TestInfoLogger - bdd.report-directory=/Users/macbook/task2/output/reports/jbehave
2022-05-31 22:51:45,691 [main] INFO  org.vividus.log.TestInfoLogger - bdd.scenario.fail-fast=false
2022-05-31 22:51:45,691 [main] INFO  org.vividus.log.TestInfoLogger - bdd.story-execution-timeout=10800
2022-05-31 22:51:45,691 [main] INFO  org.vividus.log.TestInfoLogger - bdd.story-loader.batch-1.resource-include-patterns=*.story
2022-05-31 22:51:45,691 [main] INFO  org.vividus.log.TestInfoLogger - bdd.story-loader.batch-1.resource-location=story/web
2022-05-31 22:51:45,691 [main] INFO  org.vividus.log.TestInfoLogger - bdd.story.fail-fast=false
2022-05-31 22:51:45,691 [main] INFO  org.vividus.log.TestInfoLogger - buildSystemVersion=1.0
2022-05-31 22:51:45,691 [main] INFO  org.vividus.log.TestInfoLogger - configuration.environments=test
2022-05-31 22:51:45,692 [main] INFO  org.vividus.log.TestInfoLogger - configuration.profiles=web/desktop/chrome
2022-05-31 22:51:45,692 [main] INFO  org.vividus.log.TestInfoLogger - configuration.suites=test1
2022-05-31 22:51:45,692 [main] INFO  org.vividus.log.TestInfoLogger - desktop-electron-app=false
2022-05-31 22:51:45,692 [main] INFO  org.vividus.log.TestInfoLogger - engine.alias-paths=
2022-05-31 22:51:45,692 [main] INFO  org.vividus.log.TestInfoLogger - environment-configurer.configuration.environments=test
2022-05-31 22:51:45,692 [main] INFO  org.vividus.log.TestInfoLogger - environment-configurer.configuration.profiles=web/desktop/chrome
2022-05-31 22:51:45,692 [main] INFO  org.vividus.log.TestInfoLogger - environment-configurer.configuration.suites=test1
2022-05-31 22:51:45,693 [main] INFO  org.vividus.log.TestInfoLogger - environment-configurer.dynamic.batch-exclude-patterns.category=SUITE
2022-05-31 22:51:45,693 [main] INFO  org.vividus.log.TestInfoLogger - environment-configurer.dynamic.batch-exclude-patterns.description-pattern=Batch %s Exclude Patterns
2022-05-31 22:51:45,693 [main] INFO  org.vividus.log.TestInfoLogger - environment-configurer.dynamic.batch-exclude-patterns.property-regex=bdd.story-loader.batch-(.+).resource-exclude-patterns
2022-05-31 22:51:45,693 [main] INFO  org.vividus.log.TestInfoLogger - environment-configurer.dynamic.batch-include-patterns.category=SUITE
2022-05-31 22:51:45,693 [main] INFO  org.vividus.log.TestInfoLogger - environment-configurer.dynamic.batch-include-patterns.description-pattern=Batch %s Include Patterns
2022-05-31 22:51:45,693 [main] INFO  org.vividus.log.TestInfoLogger - environment-configurer.dynamic.batch-include-patterns.property-regex=bdd.story-loader.batch-(.+).resource-include-patterns
2022-05-31 22:51:45,693 [main] INFO  org.vividus.log.TestInfoLogger - environment-configurer.dynamic.batch-location.category=SUITE
2022-05-31 22:51:45,694 [main] INFO  org.vividus.log.TestInfoLogger - environment-configurer.dynamic.batch-location.description-pattern=Batch %s Location
2022-05-31 22:51:45,694 [main] INFO  org.vividus.log.TestInfoLogger - environment-configurer.dynamic.batch-location.property-regex=bdd.story-loader.batch-(.+).resource-location
2022-05-31 22:51:45,694 [main] INFO  org.vividus.log.TestInfoLogger - environment-configurer.dynamic.batch-meta-filters.category=SUITE
2022-05-31 22:51:45,694 [main] INFO  org.vividus.log.TestInfoLogger - environment-configurer.dynamic.batch-meta-filters.description-pattern=Batch %s Meta Filters
2022-05-31 22:51:45,694 [main] INFO  org.vividus.log.TestInfoLogger - environment-configurer.dynamic.batch-meta-filters.property-regex=bdd.batch-(.+).meta-filters
2022-05-31 22:51:45,694 [main] INFO  org.vividus.log.TestInfoLogger - environment-configurer.dynamic.batch-threads.category=SUITE
2022-05-31 22:51:45,694 [main] INFO  org.vividus.log.TestInfoLogger - environment-configurer.dynamic.batch-threads.description-pattern=Batch %s Threads
2022-05-31 22:51:45,695 [main] INFO  org.vividus.log.TestInfoLogger - environment-configurer.dynamic.batch-threads.property-regex=bdd.batch-(.+).threads
2022-05-31 22:51:45,695 [main] INFO  org.vividus.log.TestInfoLogger - environment-configurer.environment.main-application-page=https://trello.com/login
2022-05-31 22:51:45,695 [main] INFO  org.vividus.log.TestInfoLogger - environment-configurer.profile.browser=chrome 
2022-05-31 22:51:45,695 [main] INFO  org.vividus.log.TestInfoLogger - environment-configurer.profile.operating-system=Mac OS X
2022-05-31 22:51:45,695 [main] INFO  org.vividus.log.TestInfoLogger - environment-configurer.profile.proxy=OFF
2022-05-31 22:51:45,695 [main] INFO  org.vividus.log.TestInfoLogger - environment-configurer.profile.remote-execution=OFF
2022-05-31 22:51:45,695 [main] INFO  org.vividus.log.TestInfoLogger - environment-configurer.suite.global-meta-filters=groovy: (!layout || layout.contains('desktop')) && !skip && (true)
2022-05-31 22:51:45,696 [main] INFO  org.vividus.log.TestInfoLogger - http.auth.password=****
2022-05-31 22:51:45,696 [main] INFO  org.vividus.log.TestInfoLogger - http.auth.preemptive-auth-enabled=false
2022-05-31 22:51:45,696 [main] INFO  org.vividus.log.TestInfoLogger - http.auth.username=
2022-05-31 22:51:45,696 [main] INFO  org.vividus.log.TestInfoLogger - http.circular-redirects-allowed=false
2022-05-31 22:51:45,696 [main] INFO  org.vividus.log.TestInfoLogger - http.connect-timeout=30000
2022-05-31 22:51:45,696 [main] INFO  org.vividus.log.TestInfoLogger - http.connection-request-timeout=30000
2022-05-31 22:51:45,696 [main] INFO  org.vividus.log.TestInfoLogger - http.cookie-spec=default
2022-05-31 22:51:45,696 [main] INFO  org.vividus.log.TestInfoLogger - http.idempotent-methods-sending-request-body=
2022-05-31 22:51:45,696 [main] INFO  org.vividus.log.TestInfoLogger - http.key-store.password=****
2022-05-31 22:51:45,697 [main] INFO  org.vividus.log.TestInfoLogger - http.key-store.path=****
2022-05-31 22:51:45,697 [main] INFO  org.vividus.log.TestInfoLogger - http.key-store.type=****
2022-05-31 22:51:45,697 [main] INFO  org.vividus.log.TestInfoLogger - http.max-connections-per-route=60
2022-05-31 22:51:45,697 [main] INFO  org.vividus.log.TestInfoLogger - http.max-total-connections=80
2022-05-31 22:51:45,697 [main] INFO  org.vividus.log.TestInfoLogger - http.service-unavailable-retry.max-retries=1
2022-05-31 22:51:45,697 [main] INFO  org.vividus.log.TestInfoLogger - http.service-unavailable-retry.retry-interval=PT1S
2022-05-31 22:51:45,697 [main] INFO  org.vividus.log.TestInfoLogger - http.service-unavailable-retry.status-codes=
2022-05-31 22:51:45,697 [main] INFO  org.vividus.log.TestInfoLogger - http.socket-timeout=300000
2022-05-31 22:51:45,697 [main] INFO  org.vividus.log.TestInfoLogger - http.ssl.check-certificate=true
2022-05-31 22:51:45,697 [main] INFO  org.vividus.log.TestInfoLogger - http.ssl.private-key-password=****
2022-05-31 22:51:45,697 [main] INFO  org.vividus.log.TestInfoLogger - http.ssl.verify-hostname=true
2022-05-31 22:51:45,697 [main] INFO  org.vividus.log.TestInfoLogger - known-issue-provider.detect-potentially-known-issues=true
2022-05-31 22:51:45,697 [main] INFO  org.vividus.log.TestInfoLogger - known-issue-provider.fileName=known-issues.json
2022-05-31 22:51:45,698 [main] INFO  org.vividus.log.TestInfoLogger - location.locale=en_US
2022-05-31 22:51:45,698 [main] INFO  org.vividus.log.TestInfoLogger - location.zone-id=Asia/Tbilisi
2022-05-31 22:51:45,698 [main] INFO  org.vividus.log.TestInfoLogger - mobile-app=false
2022-05-31 22:51:45,698 [main] INFO  org.vividus.log.TestInfoLogger - output.directory=/Users/macbook/task2/output
2022-05-31 22:51:45,698 [main] INFO  org.vividus.log.TestInfoLogger - output.report-directory=/Users/macbook/task2/output/reports
2022-05-31 22:51:45,698 [main] INFO  org.vividus.log.TestInfoLogger - property-mapper.naming-strategy=KEBAB_CASE
2022-05-31 22:51:45,698 [main] INFO  org.vividus.log.TestInfoLogger - property-mapper.prefix-separator=.
2022-05-31 22:51:45,698 [main] INFO  org.vividus.log.TestInfoLogger - proxy.capture-types=REQUEST_CONTENT, RESPONSE_CONTENT, REQUEST_BINARY_CONTENT, RESPONSE_BINARY_CONTENT, REQUEST_HEADERS, RESPONSE_HEADERS
2022-05-31 22:51:45,698 [main] INFO  org.vividus.log.TestInfoLogger - proxy.connectable-host=
2022-05-31 22:51:45,698 [main] INFO  org.vividus.log.TestInfoLogger - proxy.enabled=false
2022-05-31 22:51:45,698 [main] INFO  org.vividus.log.TestInfoLogger - proxy.host=localhost
2022-05-31 22:51:45,698 [main] INFO  org.vividus.log.TestInfoLogger - proxy.mitm.enabled=false
2022-05-31 22:51:45,698 [main] INFO  org.vividus.log.TestInfoLogger - proxy.mitm.key-store.alias=****
2022-05-31 22:51:45,698 [main] INFO  org.vividus.log.TestInfoLogger - proxy.mitm.key-store.password=****
2022-05-31 22:51:45,699 [main] INFO  org.vividus.log.TestInfoLogger - proxy.mitm.key-store.path=****
2022-05-31 22:51:45,700 [main] INFO  org.vividus.log.TestInfoLogger - proxy.mitm.key-store.type=****
2022-05-31 22:51:45,700 [main] INFO  org.vividus.log.TestInfoLogger - proxy.ports=0
2022-05-31 22:51:45,700 [main] INFO  org.vividus.log.TestInfoLogger - proxy.recording.enabled=false
2022-05-31 22:51:45,700 [main] INFO  org.vividus.log.TestInfoLogger - proxy.trust-all-servers=false
2022-05-31 22:51:45,701 [main] INFO  org.vividus.log.TestInfoLogger - report.text-length-diff-threshold=100
2022-05-31 22:51:45,701 [main] INFO  org.vividus.log.TestInfoLogger - rest-api.http.cookie-store-level=global
2022-05-31 22:51:45,701 [main] INFO  org.vividus.log.TestInfoLogger - rest-api.http.endpoint=
2022-05-31 22:51:45,701 [main] INFO  org.vividus.log.TestInfoLogger - rvm_alias_expanded=
2022-05-31 22:51:45,701 [main] INFO  org.vividus.log.TestInfoLogger - rvm_bin_flag=
2022-05-31 22:51:45,701 [main] INFO  org.vividus.log.TestInfoLogger - rvm_bin_path=/Users/macbook/.rvm/bin
2022-05-31 22:51:45,701 [main] INFO  org.vividus.log.TestInfoLogger - rvm_docs_type=
2022-05-31 22:51:45,701 [main] INFO  org.vividus.log.TestInfoLogger - rvm_gemstone_package_file=
2022-05-31 22:51:45,702 [main] INFO  org.vividus.log.TestInfoLogger - rvm_gemstone_url=
2022-05-31 22:51:45,702 [main] INFO  org.vividus.log.TestInfoLogger - rvm_hook=
2022-05-31 22:51:45,702 [main] INFO  org.vividus.log.TestInfoLogger - rvm_niceness=
2022-05-31 22:51:45,702 [main] INFO  org.vividus.log.TestInfoLogger - rvm_nightly_flag=
2022-05-31 22:51:45,702 [main] INFO  org.vividus.log.TestInfoLogger - rvm_only_path_flag=
2022-05-31 22:51:45,702 [main] INFO  org.vividus.log.TestInfoLogger - rvm_path=/Users/macbook/.rvm
2022-05-31 22:51:45,702 [main] INFO  org.vividus.log.TestInfoLogger - rvm_prefix=/Users/macbook
2022-05-31 22:51:45,702 [main] INFO  org.vividus.log.TestInfoLogger - rvm_pretty_print_flag=
2022-05-31 22:51:45,702 [main] INFO  org.vividus.log.TestInfoLogger - rvm_proxy=
2022-05-31 22:51:45,703 [main] INFO  org.vividus.log.TestInfoLogger - rvm_quiet_flag=
2022-05-31 22:51:45,703 [main] INFO  org.vividus.log.TestInfoLogger - rvm_ruby_bits=
2022-05-31 22:51:45,703 [main] INFO  org.vividus.log.TestInfoLogger - rvm_ruby_file=
2022-05-31 22:51:45,703 [main] INFO  org.vividus.log.TestInfoLogger - rvm_ruby_make=
2022-05-31 22:51:45,703 [main] INFO  org.vividus.log.TestInfoLogger - rvm_ruby_make_install=
2022-05-31 22:51:45,703 [main] INFO  org.vividus.log.TestInfoLogger - rvm_ruby_mode=
2022-05-31 22:51:45,703 [main] INFO  org.vividus.log.TestInfoLogger - rvm_script_name=
2022-05-31 22:51:45,703 [main] INFO  org.vividus.log.TestInfoLogger - rvm_sdk=
2022-05-31 22:51:45,703 [main] INFO  org.vividus.log.TestInfoLogger - rvm_silent_flag=
2022-05-31 22:51:45,704 [main] INFO  org.vividus.log.TestInfoLogger - rvm_use_flag=
2022-05-31 22:51:45,704 [main] INFO  org.vividus.log.TestInfoLogger - rvm_version=1.29.12 (latest)
2022-05-31 22:51:45,704 [main] INFO  org.vividus.log.TestInfoLogger - screenshot.on-failure.debug-modes=
2022-05-31 22:51:45,704 [main] INFO  org.vividus.log.TestInfoLogger - selenium.alert-strategy=DO_NOTHING
2022-05-31 22:51:45,704 [main] INFO  org.vividus.log.TestInfoLogger - selenium.browser=chrome
2022-05-31 22:51:45,704 [main] INFO  org.vividus.log.TestInfoLogger - selenium.grid.capabilities.browserName=chrome
2022-05-31 22:51:45,704 [main] INFO  org.vividus.log.TestInfoLogger - selenium.grid.capabilities.platformName=Windows 10
2022-05-31 22:51:45,704 [main] INFO  org.vividus.log.TestInfoLogger - selenium.grid.enabled=false
2022-05-31 22:51:45,705 [main] INFO  org.vividus.log.TestInfoLogger - selenium.grid.idle-timeout=360
2022-05-31 22:51:45,705 [main] INFO  org.vividus.log.TestInfoLogger - selenium.grid.platform-name=Windows
2022-05-31 22:51:45,705 [main] INFO  org.vividus.log.TestInfoLogger - selenium.grid.platform-version=10
2022-05-31 22:51:45,705 [main] INFO  org.vividus.log.TestInfoLogger - selenium.grid.screen-resolution=1920x1080
2022-05-31 22:51:45,705 [main] INFO  org.vividus.log.TestInfoLogger - selenium.grid.url=
2022-05-31 22:51:45,705 [main] INFO  org.vividus.log.TestInfoLogger - selenium.grid.use-w3c=true
2022-05-31 22:51:45,705 [main] INFO  org.vividus.log.TestInfoLogger - selenium.screenshot.full-page=false
2022-05-31 22:51:45,705 [main] INFO  org.vividus.log.TestInfoLogger - selenium.screenshot.highlighter=MONOCHROME
2022-05-31 22:51:45,705 [main] INFO  org.vividus.log.TestInfoLogger - selenium.screenshot.indent=300
2022-05-31 22:51:45,705 [main] INFO  org.vividus.log.TestInfoLogger - selenium.screenshot.strategy=VIEWPORT_PASTING
2022-05-31 22:51:45,705 [main] INFO  org.vividus.log.TestInfoLogger - selenium.timeout.async-script-timeout=1
2022-05-31 22:51:45,705 [main] INFO  org.vividus.log.TestInfoLogger - selenium.timeout.async-script-timeout-unit=MINUTES
2022-05-31 22:51:45,705 [main] INFO  org.vividus.log.TestInfoLogger - selenium.timeout.page-load-timeout=1
2022-05-31 22:51:45,706 [main] INFO  org.vividus.log.TestInfoLogger - selenium.timeout.page-load-timeout-unit=MINUTES
2022-05-31 22:51:45,706 [main] INFO  org.vividus.log.TestInfoLogger - selenium.windows-strategy=DO_NOTHING
2022-05-31 22:51:45,706 [main] INFO  org.vividus.log.TestInfoLogger - soft-assert.stack-trace-filter.enabled=true
2022-05-31 22:51:45,706 [main] INFO  org.vividus.log.TestInfoLogger - soft-assert.stack-trace-filter.exclusions=org.vividus.softassert
2022-05-31 22:51:45,706 [main] INFO  org.vividus.log.TestInfoLogger - soft-assert.stack-trace-filter.inclusions=org.vividus
2022-05-31 22:51:45,706 [main] INFO  org.vividus.log.TestInfoLogger - spring.profiles.active=web
2022-05-31 22:51:45,706 [main] INFO  org.vividus.log.TestInfoLogger - start-context-listener.cleanable-directories=/Users/macbook/task2/output/reports
2022-05-31 22:51:45,706 [main] INFO  org.vividus.log.TestInfoLogger - statistics.folder=/Users/macbook/task2/output/statistics
2022-05-31 22:51:45,706 [main] INFO  org.vividus.log.TestInfoLogger - statistics.print-failures=false
2022-05-31 22:51:45,706 [main] INFO  org.vividus.log.TestInfoLogger - template-processor.resolve-bdd-variables=false
2022-05-31 22:51:45,706 [main] INFO  org.vividus.log.TestInfoLogger - ui.context.self-healing=false
2022-05-31 22:51:45,706 [main] INFO  org.vividus.log.TestInfoLogger - ui.publish-source-on-failure=true
2022-05-31 22:51:45,706 [main] INFO  org.vividus.log.TestInfoLogger - ui.screenshot.debug-directory=
2022-05-31 22:51:45,706 [main] INFO  org.vividus.log.TestInfoLogger - ui.search.retry-search-if-stale=false
2022-05-31 22:51:45,707 [main] INFO  org.vividus.log.TestInfoLogger - ui.search.wait-for-element-timeout=PT0S
2022-05-31 22:51:45,707 [main] INFO  org.vividus.log.TestInfoLogger - ui.visual.acceptable-diff-percentage=0
2022-05-31 22:51:45,707 [main] INFO  org.vividus.log.TestInfoLogger - ui.visual.baselines-folder=./baselines
2022-05-31 22:51:45,707 [main] INFO  org.vividus.log.TestInfoLogger - ui.visual.ignored-areas=
2022-05-31 22:51:45,707 [main] INFO  org.vividus.log.TestInfoLogger - ui.visual.ignored-elements=
2022-05-31 22:51:45,707 [main] INFO  org.vividus.log.TestInfoLogger - ui.visual.indexer=
2022-05-31 22:51:45,707 [main] INFO  org.vividus.log.TestInfoLogger - ui.visual.override-baselines=false
2022-05-31 22:51:45,707 [main] INFO  org.vividus.log.TestInfoLogger - ui.visual.required-diff-percentage=70
2022-05-31 22:51:45,708 [main] INFO  org.vividus.log.TestInfoLogger - ui.wait.polling-period=PT2S
2022-05-31 22:51:45,708 [main] INFO  org.vividus.log.TestInfoLogger - ui.wait.timeout=PT1M
2022-05-31 22:51:45,708 [main] INFO  org.vividus.log.TestInfoLogger - web-application.authentication-mode=URL
2022-05-31 22:51:45,708 [main] INFO  org.vividus.log.TestInfoLogger - web-application.environment-type=test
2022-05-31 22:51:45,708 [main] INFO  org.vividus.log.TestInfoLogger - web-application.main-page-url=https://trello.com/login
2022-05-31 22:51:45,708 [main] INFO  org.vividus.log.TestInfoLogger - web-application.phone-resolution-width-threshold=640
2022-05-31 22:51:45,708 [main] INFO  org.vividus.log.TestInfoLogger - web-application.session-scope=story
2022-05-31 22:51:45,708 [main] INFO  org.vividus.log.TestInfoLogger - web-application.sticky-header-size-percentage=25
2022-05-31 22:51:45,708 [main] INFO  org.vividus.log.TestInfoLogger - web-application.tablet-resolution-width-threshold=1024
2022-05-31 22:51:45,709 [main] INFO  org.vividus.log.TestInfoLogger - web.alert.wait-for-alert-timeout=PT0S
2022-05-31 22:51:45,709 [main] INFO  org.vividus.log.TestInfoLogger - web.screenshot.strategy=
2022-05-31 22:51:45,709 [main] INFO  org.vividus.log.TestInfoLogger - web.search.link-url.case-sensitive=false
2022-05-31 22:51:45,709 [main] INFO  org.vividus.log.TestInfoLogger - web.steps.js.include-browser-extension-log-entries=false
2022-05-31 22:51:45,709 [main] INFO  org.vividus.log.TestInfoLogger - web.steps.page.keep-user-info-for-protocol-redirects=false
2022-05-31 22:51:45,709 [main] INFO  org.vividus.log.TestInfoLogger - web.wait.page-open-timeout=PT10S
2022-05-31 22:51:45,709 [main] INFO  org.vividus.log.TestInfoLogger - web.wait.page-starts-to-load-timeout=PT0.5S
2022-05-31 22:51:45,709 [main] INFO  org.vividus.log.TestInfoLogger - web.wait.window-open-timeout=PT15S
2022-05-31 22:51:45,716 [main] INFO  org.vividus.log.TestInfoLogger - 
------------------------------------------------------------
 Execution plan (before filtering by meta):
   batch-1:
     file:/Users/macbook/task2/output/resources/main/story/web/Login.story
     file:/Users/macbook/task2/output/resources/main/story/web/VerifyUser.story
------------------------------------------------------------
2022-05-31 22:51:46,669 [main] INFO  org.vividus.log.LoggingStoryReporter - BeforeStories
2022-05-31 22:51:46,690 [main] INFO  org.vividus.log.LoggingEmbedderMonitor - Using timeout for story Login.story of 10800 secs.
2022-05-31 22:51:46,692 [batch-1-thread-1] INFO  org.vividus.log.LoggingStoryReporter - (file:/Users/macbook/task2/output/resources/main/story/web/Login.story)
2022-05-31 22:51:46,693 [batch-1-thread-1] INFO  org.vividus.log.LoggingStoryReporter - BeforeSystemStorySteps
2022-05-31 22:51:46,697 [batch-1-thread-1] INFO  org.vividus.log.LoggingStoryReporter - BeforeUserStorySteps
2022-05-31 22:51:46,706 [batch-1-thread-1] INFO  org.vividus.log.LoggingStoryReporter - Scenario: Log in the application
2022-05-31 22:51:46,707 [batch-1-thread-1] INFO  org.vividus.log.LoggingStoryReporter - BeforeSystemScenarioSteps
2022-05-31 22:51:46,708 [batch-1-thread-1] INFO  org.vividus.log.LoggingStoryReporter - BeforeUserScenarioSteps
2022-05-31 22:51:46,712 [batch-1-thread-1] INFO  org.vividus.log.LoggingStepMonitor - Performing step 'Given I am on the main application page'
2022-05-31 22:51:46,743 [batch-1-thread-1] INFO  org.vividus.ui.web.action.NavigateActions - Loading: https://trello.com/login
2022-05-31 22:51:46,891 [batch-1-thread-1] INFO  io.github.bonigarcia.wdm.WebDriverManager - Using chromedriver 102.0.5005.61 (resolved driver for Chrome 102)
2022-05-31 22:51:46,907 [batch-1-thread-1] INFO  io.github.bonigarcia.wdm.WebDriverManager - Exporting webdriver.chrome.driver as /Users/macbook/.cache/selenium/chromedriver/mac64/102.0.5005.61/chromedriver
2022-05-31 22:51:46,917 [batch-1-thread-1] INFO  org.vividus.selenium.AbstractWebDriverFactory - Requested capabilities:
{ }
2022-05-31 22:51:49,746 [Forwarding newSession on session null to remote] INFO  org.openqa.selenium.remote.ProtocolHandshake - Detected dialect: W3C
2022-05-31 22:51:49,851 [batch-1-thread-1] WARN  org.openqa.selenium.devtools.CdpVersionFinder - Unable to find an exact match for CDP version 102, so returning the closest version found: 101
2022-05-31 22:51:49,851 [batch-1-thread-1] INFO  org.openqa.selenium.devtools.CdpVersionFinder - Found CDP implementation for version 102 of 101
2022-05-31 22:51:49,895 [batch-1-thread-1] INFO  org.vividus.selenium.AbstractWebDriverFactory - Session capabilities:
{
  "acceptInsecureCerts" : false,
  "browserName" : "chrome",
  "browserVersion" : "102.0.5005.61",
  "chrome" : {
    "chromedriverVersion" : "102.0.5005.61 (0e59bcc00cc4985ce39ad31c150065f159d95ad3-refs/branch-heads/5005@{#819})",
    "userDataDir" : "/var/folders/r3/thzlxrbx3dgdd324ms_dlxr00000gn/T/.com.google.Chrome.1oyGsz"
  },
  "goog:chromeOptions" : {
    "debuggerAddress" : "localhost:63122"
  },
  "javascriptEnabled" : true,
  "networkConnectionEnabled" : false,
  "pageLoadStrategy" : "normal",
  "platform" : "MAC",
  "platformName" : "MAC",
  "proxy" : {
    "proxyType" : "UNSPECIFIED",
    "autodetect" : false,
    "ftpProxy" : null,
    "httpProxy" : null,
    "noProxy" : null,
    "sslProxy" : null,
    "socksProxy" : null,
    "socksVersion" : null,
    "socksUsername" : null,
    "socksPassword" : null,
    "proxyAutoconfigUrl" : null
  },
  "se:cdp" : "ws://localhost:63122/devtools/browser/421aaf63-eaf9-4cff-8151-1e02b1e71e25",
  "se:cdpVersion" : "102.0.5005.61",
  "setWindowRect" : true,
  "strictFileInteractability" : false,
  "timeouts" : {
    "implicit" : 0,
    "pageLoad" : 300000,
    "script" : 30000
  },
  "unhandledPromptBehavior" : "dismiss and notify",
  "webauthn:extension:credBlob" : true,
  "webauthn:extension:largeBlob" : true,
  "webauthn:virtualAuthenticators" : true
}
2022-05-31 22:51:52,349 [batch-1-thread-1] INFO  org.vividus.ui.web.action.NavigateActions - Refreshing the current page
2022-05-31 22:51:53,618 [batch-1-thread-1] INFO  org.vividus.log.LoggingStepMonitor - Performing step 'When I enter 'tt0128389@gmail.com' in a field by the xpath '//*[@id="user"]''
2022-05-31 22:51:53,625 [batch-1-thread-1] INFO  org.vividus.log.LoggingStepMonitor - Performing step 'When I enter `｟tt0128389@gmail.com｠` in field located `By.xpath(｟//*[@id="user"]｠)`'
2022-05-31 22:51:53,652 [batch-1-thread-1] INFO  org.vividus.ui.action.search.AbstractElementAction - Total number of elements found By.xpath: //*[normalize-space(@id)="user"] is 1
2022-05-31 22:51:53,681 [batch-1-thread-1] INFO  org.vividus.ui.action.search.AbstractElementAction - Number of visible elements is 1
2022-05-31 22:51:53,684 [batch-1-thread-1] INFO  org.vividus.softassert.SoftAssert - Pass: An element with attributes XPath: '//*[@id="user"]'; Visibility: VISIBLE; exists
2022-05-31 22:51:53,685 [batch-1-thread-1] DEBUG org.vividus.softassert.SoftAssert - Pass: An element with attributes: ' XPath: '//*[@id="user"]'; Visibility: VISIBLE;' exists
2022-05-31 22:51:53,712 [batch-1-thread-1] INFO  org.vividus.steps.ui.web.FieldSteps - Entering text "tt0128389@gmail.com" in element
2022-05-31 22:51:53,816 [batch-1-thread-1] INFO  org.vividus.log.LoggingStepMonitor - Performing step 'When I click on an element by the xpath '//*[@id="login"]''
2022-05-31 22:51:53,817 [batch-1-thread-1] INFO  org.vividus.log.LoggingStepMonitor - Performing step 'When I click on element located `By.xpath(｟//*[@id="login"]｠)`'
2022-05-31 22:51:53,838 [batch-1-thread-1] INFO  org.vividus.ui.action.search.AbstractElementAction - Total number of elements found By.xpath: //*[normalize-space(@id)="login"] is 1
2022-05-31 22:51:53,856 [batch-1-thread-1] INFO  org.vividus.ui.action.search.AbstractElementAction - Number of visible elements is 1
2022-05-31 22:51:53,857 [batch-1-thread-1] INFO  org.vividus.softassert.SoftAssert - Pass: An element with attributes XPath: '//*[@id="login"]'; Visibility: VISIBLE; exists
2022-05-31 22:51:53,857 [batch-1-thread-1] DEBUG org.vividus.softassert.SoftAssert - Pass: An element with attributes: ' XPath: '//*[@id="login"]'; Visibility: VISIBLE;' exists
2022-05-31 22:51:56,952 [batch-1-thread-1] INFO  org.vividus.log.LoggingStepMonitor - Performing step 'When I enter '123456nZ' in a field by the xpath '//*[@id="password"]''
2022-05-31 22:51:56,953 [batch-1-thread-1] INFO  org.vividus.log.LoggingStepMonitor - Performing step 'When I enter `｟123456nZ｠` in field located `By.xpath(｟//*[@id="password"]｠)`'
2022-05-31 22:51:56,966 [batch-1-thread-1] INFO  org.vividus.ui.action.search.AbstractElementAction - Total number of elements found By.xpath: //*[normalize-space(@id)="password"] is 1
2022-05-31 22:51:56,995 [batch-1-thread-1] INFO  org.vividus.ui.action.search.AbstractElementAction - Number of visible elements is 1
2022-05-31 22:51:56,996 [batch-1-thread-1] INFO  org.vividus.softassert.SoftAssert - Pass: An element with attributes XPath: '//*[@id="password"]'; Visibility: VISIBLE; exists
2022-05-31 22:51:56,996 [batch-1-thread-1] DEBUG org.vividus.softassert.SoftAssert - Pass: An element with attributes: ' XPath: '//*[@id="password"]'; Visibility: VISIBLE;' exists
2022-05-31 22:51:57,032 [batch-1-thread-1] INFO  org.vividus.steps.ui.web.FieldSteps - Entering text "123456nZ" in element
2022-05-31 22:51:57,088 [batch-1-thread-1] INFO  org.vividus.log.LoggingStepMonitor - Performing step 'When I click on an element by the xpath '//*[@id="login-submit"]/span''
2022-05-31 22:51:57,090 [batch-1-thread-1] INFO  org.vividus.log.LoggingStepMonitor - Performing step 'When I click on element located `By.xpath(｟//*[@id="login-submit"]/span｠)`'
2022-05-31 22:51:57,102 [batch-1-thread-1] INFO  org.vividus.ui.action.search.AbstractElementAction - Total number of elements found By.xpath: //*[normalize-space(@id)="login-submit"]/span is 1
2022-05-31 22:51:57,119 [batch-1-thread-1] INFO  org.vividus.ui.action.search.AbstractElementAction - Number of visible elements is 1
2022-05-31 22:51:57,119 [batch-1-thread-1] INFO  org.vividus.softassert.SoftAssert - Pass: An element with attributes XPath: '//*[@id="login-submit"]/span'; Visibility: VISIBLE; exists
2022-05-31 22:51:57,119 [batch-1-thread-1] DEBUG org.vividus.softassert.SoftAssert - Pass: An element with attributes: ' XPath: '//*[@id="login-submit"]/span'; Visibility: VISIBLE;' exists
2022-05-31 22:51:57,878 [batch-1-thread-1] INFO  org.vividus.log.LoggingStepMonitor - Performing step 'Then the page with the URL containing 'atlassian' is loaded'
2022-05-31 22:51:57,885 [batch-1-thread-1] INFO  org.vividus.softassert.SoftAssert - Pass: Page with the URLpart 'atlassian' is loaded a string containing "atlassian"
2022-05-31 22:51:57,886 [batch-1-thread-1] DEBUG org.vividus.softassert.SoftAssert - Pass: Page url 'https://id.atlassian.com/login?application=trello&continue=https://trello.com/auth/atlassian/callback?returnUrl=%252F%26display=%26aaOnboarding=%26updateEmail=%26traceId=629663cbc9ee4afb7a3eb83b4c4901e3%26migrateGoogle=%26ssoVerified=&email=tt0128389@gmail.com&errorCode&login_hint=tt0128389@gmail.com&restrict=true' contains part 'atlassian' a string containing "atlassian"
2022-05-31 22:51:57,887 [batch-1-thread-1] INFO  org.vividus.log.LoggingStoryReporter - AfterUserScenarioSteps
2022-05-31 22:51:57,888 [batch-1-thread-1] INFO  org.vividus.log.LoggingStoryReporter - AfterSystemScenarioSteps
2022-05-31 22:51:57,890 [batch-1-thread-1] INFO  org.vividus.softassert.SoftAssert - Passed verification: 5 of 5 assertions passed.
2022-05-31 22:51:58,072 [batch-1-thread-1] INFO  org.vividus.log.LoggingStoryReporter - AfterUserStorySteps
2022-05-31 22:51:58,076 [batch-1-thread-1] INFO  org.vividus.log.LoggingStoryReporter - AfterSystemStorySteps
2022-05-31 22:51:58,336 [batch-1-thread-1] INFO  org.vividus.log.LoggingStoryReporter - (file:/Users/macbook/task2/output/resources/main/story/web/VerifyUser.story)
2022-05-31 22:51:58,337 [batch-1-thread-1] INFO  org.vividus.log.LoggingStoryReporter - BeforeSystemStorySteps
2022-05-31 22:51:58,337 [batch-1-thread-1] INFO  org.vividus.log.LoggingStoryReporter - BeforeUserStorySteps
2022-05-31 22:51:58,339 [batch-1-thread-1] INFO  org.vividus.log.LoggingStoryReporter - Scenario: Verify user profile
2022-05-31 22:51:58,340 [batch-1-thread-1] INFO  org.vividus.log.LoggingStoryReporter - BeforeSystemScenarioSteps
2022-05-31 22:51:58,341 [batch-1-thread-1] INFO  org.vividus.log.LoggingStoryReporter - BeforeUserScenarioSteps
2022-05-31 22:51:58,342 [batch-1-thread-1] INFO  org.vividus.log.LoggingStepMonitor - Performing step 'Given I am on a page with the URL 'https://trello.com/home''
2022-05-31 22:51:58,343 [batch-1-thread-1] INFO  org.vividus.ui.web.action.NavigateActions - Loading: https://trello.com/home
2022-05-31 22:51:58,344 [batch-1-thread-1] INFO  org.vividus.selenium.AbstractWebDriverFactory - Requested capabilities:
{ }
2022-05-31 22:51:58,430 [main] INFO  org.vividus.log.LoggingEmbedderMonitor - Using timeout for story VerifyUser.story of 10800 secs.
2022-05-31 22:52:00,069 [Forwarding newSession on session null to remote] INFO  org.openqa.selenium.remote.ProtocolHandshake - Detected dialect: W3C
2022-05-31 22:52:00,098 [batch-1-thread-1] WARN  org.openqa.selenium.devtools.CdpVersionFinder - Unable to find an exact match for CDP version 102, so returning the closest version found: 101
2022-05-31 22:52:00,098 [batch-1-thread-1] INFO  org.openqa.selenium.devtools.CdpVersionFinder - Found CDP implementation for version 102 of 101
2022-05-31 22:52:00,106 [batch-1-thread-1] INFO  org.vividus.selenium.AbstractWebDriverFactory - Session capabilities:
{
  "acceptInsecureCerts" : false,
  "browserName" : "chrome",
  "browserVersion" : "102.0.5005.61",
  "chrome" : {
    "chromedriverVersion" : "102.0.5005.61 (0e59bcc00cc4985ce39ad31c150065f159d95ad3-refs/branch-heads/5005@{#819})",
    "userDataDir" : "/var/folders/r3/thzlxrbx3dgdd324ms_dlxr00000gn/T/.com.google.Chrome.170DQV"
  },
  "goog:chromeOptions" : {
    "debuggerAddress" : "localhost:63219"
  },
  "javascriptEnabled" : true,
  "networkConnectionEnabled" : false,
  "pageLoadStrategy" : "normal",
  "platform" : "MAC",
  "platformName" : "MAC",
  "proxy" : {
    "proxyType" : "UNSPECIFIED",
    "autodetect" : false,
    "ftpProxy" : null,
    "httpProxy" : null,
    "noProxy" : null,
    "sslProxy" : null,
    "socksProxy" : null,
    "socksVersion" : null,
    "socksUsername" : null,
    "socksPassword" : null,
    "proxyAutoconfigUrl" : null
  },
  "se:cdp" : "ws://localhost:63219/devtools/browser/21b3fbdb-62ed-4f86-8a2f-14f1577c532c",
  "se:cdpVersion" : "102.0.5005.61",
  "setWindowRect" : true,
  "strictFileInteractability" : false,
  "timeouts" : {
    "implicit" : 0,
    "pageLoad" : 300000,
    "script" : 30000
  },
  "unhandledPromptBehavior" : "dismiss and notify",
  "webauthn:extension:credBlob" : true,
  "webauthn:extension:largeBlob" : true,
  "webauthn:virtualAuthenticators" : true
}
2022-05-31 22:52:04,507 [batch-1-thread-1] INFO  org.vividus.log.LoggingStepMonitor - Performing step 'When I enter 'tt5892605@gmail.com' in a field by the xpath '//*[@id="hero"]/div/div/div[2]/form/div[1]/input''
2022-05-31 22:52:04,508 [batch-1-thread-1] INFO  org.vividus.log.LoggingStepMonitor - Performing step 'When I enter `｟tt5892605@gmail.com｠` in field located `By.xpath(｟//*[@id="hero"]/div/div/div[2]/form/div[1]/input｠)`'
2022-05-31 22:52:04,525 [batch-1-thread-1] INFO  org.vividus.ui.action.search.AbstractElementAction - Total number of elements found By.xpath: //*[normalize-space(@id)="hero"]/div/div/div[2]/form/div[1]/input is 1
2022-05-31 22:52:04,540 [batch-1-thread-1] INFO  org.vividus.ui.action.search.AbstractElementAction - Number of visible elements is 1
2022-05-31 22:52:04,540 [batch-1-thread-1] INFO  org.vividus.softassert.SoftAssert - Pass: An element with attributes XPath: '//*[@id="hero"]/div/div/div[2]/form/div[1]/input'; Visibility: VISIBLE; exists
2022-05-31 22:52:04,541 [batch-1-thread-1] DEBUG org.vividus.softassert.SoftAssert - Pass: An element with attributes: ' XPath: '//*[@id="hero"]/div/div/div[2]/form/div[1]/input'; Visibility: VISIBLE;' exists
2022-05-31 22:52:04,563 [batch-1-thread-1] INFO  org.vividus.steps.ui.web.FieldSteps - Entering text "tt5892605@gmail.com" in element
2022-05-31 22:52:04,713 [batch-1-thread-1] INFO  org.vividus.log.LoggingStepMonitor - Performing step 'When I click on an element by the xpath '//*[@id="hero"]/div/div/div[2]/form/div[2]/button''
2022-05-31 22:52:04,714 [batch-1-thread-1] INFO  org.vividus.log.LoggingStepMonitor - Performing step 'When I click on element located `By.xpath(｟//*[@id="hero"]/div/div/div[2]/form/div[2]/button｠)`'
2022-05-31 22:52:04,727 [batch-1-thread-1] INFO  org.vividus.ui.action.search.AbstractElementAction - Total number of elements found By.xpath: //*[normalize-space(@id)="hero"]/div/div/div[2]/form/div[2]/button is 1
2022-05-31 22:52:04,744 [batch-1-thread-1] INFO  org.vividus.ui.action.search.AbstractElementAction - Number of visible elements is 1
2022-05-31 22:52:04,744 [batch-1-thread-1] INFO  org.vividus.softassert.SoftAssert - Pass: An element with attributes XPath: '//*[@id="hero"]/div/div/div[2]/form/div[2]/button'; Visibility: VISIBLE; exists
2022-05-31 22:52:04,744 [batch-1-thread-1] DEBUG org.vividus.softassert.SoftAssert - Pass: An element with attributes: ' XPath: '//*[@id="hero"]/div/div/div[2]/form/div[2]/button'; Visibility: VISIBLE;' exists
2022-05-31 22:52:09,703 [batch-1-thread-1] INFO  org.vividus.log.LoggingStepMonitor - Performing step 'When I click on an element by the xpath '//*[@id="signup-submit"]''
2022-05-31 22:52:09,704 [batch-1-thread-1] INFO  org.vividus.log.LoggingStepMonitor - Performing step 'When I click on element located `By.xpath(｟//*[@id="signup-submit"]｠)`'
2022-05-31 22:52:09,713 [batch-1-thread-1] INFO  org.vividus.ui.action.search.AbstractElementAction - Total number of elements found By.xpath: //*[normalize-space(@id)="signup-submit"] is 1
2022-05-31 22:52:09,726 [batch-1-thread-1] INFO  org.vividus.ui.action.search.AbstractElementAction - Number of visible elements is 1
2022-05-31 22:52:09,727 [batch-1-thread-1] INFO  org.vividus.softassert.SoftAssert - Pass: An element with attributes XPath: '//*[@id="signup-submit"]'; Visibility: VISIBLE; exists
2022-05-31 22:52:09,727 [batch-1-thread-1] DEBUG org.vividus.softassert.SoftAssert - Pass: An element with attributes: ' XPath: '//*[@id="signup-submit"]'; Visibility: VISIBLE;' exists
2022-05-31 22:52:10,468 [batch-1-thread-1] INFO  org.vividus.log.LoggingStepMonitor - Performing step 'When I click on an element by the xpath '//*[@id="signup-submit"]/span''
2022-05-31 22:52:10,469 [batch-1-thread-1] INFO  org.vividus.log.LoggingStepMonitor - Performing step 'When I click on element located `By.xpath(｟//*[@id="signup-submit"]/span｠)`'
2022-05-31 22:52:10,478 [batch-1-thread-1] INFO  org.vividus.ui.action.search.AbstractElementAction - Total number of elements found By.xpath: //*[normalize-space(@id)="signup-submit"]/span is 1
2022-05-31 22:52:10,490 [batch-1-thread-1] INFO  org.vividus.ui.action.search.AbstractElementAction - Number of visible elements is 1
2022-05-31 22:52:10,490 [batch-1-thread-1] INFO  org.vividus.softassert.SoftAssert - Pass: An element with attributes XPath: '//*[@id="signup-submit"]/span'; Visibility: VISIBLE; exists
2022-05-31 22:52:10,490 [batch-1-thread-1] DEBUG org.vividus.softassert.SoftAssert - Pass: An element with attributes: ' XPath: '//*[@id="signup-submit"]/span'; Visibility: VISIBLE;' exists
2022-05-31 22:52:12,356 [batch-1-thread-1] INFO  org.vividus.log.LoggingStepMonitor - Performing step 'When I click on an element by the xpath '//*[@id="welcome-send-validation-submit"]/span''
2022-05-31 22:52:12,357 [batch-1-thread-1] INFO  org.vividus.log.LoggingStepMonitor - Performing step 'When I click on element located `By.xpath(｟//*[@id="welcome-send-validation-submit"]/span｠)`'
2022-05-31 22:52:12,369 [batch-1-thread-1] INFO  org.vividus.ui.action.search.AbstractElementAction - Total number of elements found By.xpath: //*[normalize-space(@id)="welcome-send-validation-submit"]/span is 0
2022-05-31 22:52:12,371 [batch-1-thread-1] ERROR org.vividus.softassert.SoftAssert - Fail: An element with attributes XPath: '//*[@id="welcome-send-validation-submit"]/span'; Visibility: VISIBLE; [Expected: exists Actual: does not exist]
2022-05-31 22:52:12,374 [batch-1-thread-1] DEBUG org.vividus.softassert.SoftAssert - Fail: An element with attributes: ' XPath: '//*[@id="welcome-send-validation-submit"]/span'; Visibility: VISIBLE;' [Expected: exists Actual: does not exist]
2022-05-31 22:52:15,807 [batch-1-thread-1] INFO  org.vividus.log.LoggingStepMonitor - Performing step 'Then the text 'We've sent you an email!' exists'
2022-05-31 22:52:15,830 [batch-1-thread-1] INFO  org.vividus.ui.action.search.AbstractElementAction - Total number of elements found By.xpath: .//*[normalize-space(.)="We've sent you an email!" and not(.//*[normalize-space(.)="We've sent you an email!"])] is 0
2022-05-31 22:52:15,836 [batch-1-thread-1] INFO  org.vividus.ui.action.search.AbstractElementAction - Total number of elements found By.xpath: .//*[contains(normalize-space(.), "We've sent you an email!") and not(.//*[contains(normalize-space(.), "We've sent you an email!")])] is 0
2022-05-31 22:52:15,848 [batch-1-thread-1] INFO  org.vividus.ui.action.search.AbstractElementAction - Total number of elements found By.xpath: .//*[text()[normalize-space(translate(., 'ABCDEFGHIJKLMNOPQRSTUVWXYZ', 'abcdefghijklmnopqrstuvwxyz'))="we've sent you an email!"] or @*[normalize-space(translate(., 'ABCDEFGHIJKLMNOPQRSTUVWXYZ', 'abcdefghijklmnopqrstuvwxyz'))="we've sent you an email!"] or *[normalize-space(translate(., 'ABCDEFGHIJKLMNOPQRSTUVWXYZ', 'abcdefghijklmnopqrstuvwxyz'))="we've sent you an email!"] and not(.//*[text()[normalize-space(translate(., 'ABCDEFGHIJKLMNOPQRSTUVWXYZ', 'abcdefghijklmnopqrstuvwxyz'))="we've sent you an email!"] or @*[normalize-space(translate(., 'ABCDEFGHIJKLMNOPQRSTUVWXYZ', 'abcdefghijklmnopqrstuvwxyz'))="we've sent you an email!"] or *[normalize-space(translate(., 'ABCDEFGHIJKLMNOPQRSTUVWXYZ', 'abcdefghijklmnopqrstuvwxyz'))="we've sent you an email!"]])] is 0
2022-05-31 22:52:15,865 [batch-1-thread-1] ERROR org.vividus.softassert.SoftAssert - Fail: There is an element with text=We've sent you an email! in the context [The condition is false]
2022-05-31 22:52:18,459 [batch-1-thread-1] INFO  org.vividus.log.LoggingStoryReporter - AfterUserScenarioSteps
2022-05-31 22:52:18,459 [batch-1-thread-1] INFO  org.vividus.log.LoggingStoryReporter - AfterSystemScenarioSteps
2022-05-31 22:52:18,461 [batch-1-thread-1] ERROR org.vividus.softassert.SoftAssert - Failed verification: 2 of 6 assertions failed. Known issues are not found.
1) java.lang.AssertionError: An element with attributes XPath: '//*[@id="welcome-send-validation-submit"]/span'; Visibility: VISIBLE; [Expected: exists Actual: does not exist]
	at org.vividus.steps.ui.validation.DescriptiveSoftAssert.recordAssertionOutcome(DescriptiveSoftAssert.java:69)
	at org.vividus.steps.ui.validation.DescriptiveSoftAssert.assertThat(DescriptiveSoftAssert.java:39)
	at org.vividus.steps.ui.validation.BaseValidations.lambda$assertIfElementExists$3(BaseValidations.java:145)
	at org.vividus.steps.ui.validation.BaseValidations.runValidatingSearchContext(BaseValidations.java:198)
	at org.vividus.steps.ui.validation.BaseValidations.assertIfElementExists(BaseValidations.java:137)
	at org.vividus.steps.ui.validation.BaseValidations.assertIfElementExists(BaseValidations.java:100)
	at org.vividus.steps.ui.web.ElementSteps.clickOnElement(ElementSteps.java:290)
2) java.lang.AssertionError: There is an element with text=We've sent you an email! in the context [The condition is false]
	at org.vividus.steps.ui.web.TextValidationSteps.lambda$ifTextExists$2(TextValidationSteps.java:131)
	at org.vividus.steps.ui.web.TextValidationSteps.ifTextExists(TextValidationSteps.java:101)

2022-05-31 22:52:18,464 [batch-1-thread-1] INFO  org.vividus.log.LoggingStoryReporter - org.vividus.steps.AssertSteps.verifyIfAssertionsPassed() (FAILED)
(org.jbehave.core.failures.BeforeOrAfterFailed: Method verifyIfAssertionsPassed (annotated with @AfterScenario in class org.vividus.steps.AssertSteps) failed: org.vividus.softassert.exception.VerificationError: 
1) java.lang.AssertionError: An element with attributes XPath: '//*[@id="welcome-send-validation-submit"]/span'; Visibility: VISIBLE; [Expected: exists Actual: does not exist]
	at org.vividus.steps.ui.validation.DescriptiveSoftAssert.recordAssertionOutcome(DescriptiveSoftAssert.java:69)
	at org.vividus.steps.ui.validation.DescriptiveSoftAssert.assertThat(DescriptiveSoftAssert.java:39)
	at org.vividus.steps.ui.validation.BaseValidations.lambda$assertIfElementExists$3(BaseValidations.java:145)
	at org.vividus.steps.ui.validation.BaseValidations.runValidatingSearchContext(BaseValidations.java:198)
	at org.vividus.steps.ui.validation.BaseValidations.assertIfElementExists(BaseValidations.java:137)
	at org.vividus.steps.ui.validation.BaseValidations.assertIfElementExists(BaseValidations.java:100)
	at org.vividus.steps.ui.web.ElementSteps.clickOnElement(ElementSteps.java:290)
2) java.lang.AssertionError: There is an element with text=We've sent you an email! in the context [The condition is false]
	at org.vividus.steps.ui.web.TextValidationSteps.lambda$ifTextExists$2(TextValidationSteps.java:131)
	at org.vividus.steps.ui.web.TextValidationSteps.ifTextExists(TextValidationSteps.java:101)
)
2022-05-31 22:52:18,465 [batch-1-thread-1] ERROR org.vividus.log.LoggingStoryReporter - Step is failed with exception
org.jbehave.core.failures.UUIDExceptionWrapper: org.jbehave.core.failures.BeforeOrAfterFailed: Method verifyIfAssertionsPassed (annotated with @AfterScenario in class org.vividus.steps.AssertSteps) failed: org.vividus.softassert.exception.VerificationError: 
1) java.lang.AssertionError: An element with attributes XPath: '//*[@id="welcome-send-validation-submit"]/span'; Visibility: VISIBLE; [Expected: exists Actual: does not exist]
	at org.vividus.steps.ui.validation.DescriptiveSoftAssert.recordAssertionOutcome(DescriptiveSoftAssert.java:69)
	at org.vividus.steps.ui.validation.DescriptiveSoftAssert.assertThat(DescriptiveSoftAssert.java:39)
	at org.vividus.steps.ui.validation.BaseValidations.lambda$assertIfElementExists$3(BaseValidations.java:145)
	at org.vividus.steps.ui.validation.BaseValidations.runValidatingSearchContext(BaseValidations.java:198)
	at org.vividus.steps.ui.validation.BaseValidations.assertIfElementExists(BaseValidations.java:137)
	at org.vividus.steps.ui.validation.BaseValidations.assertIfElementExists(BaseValidations.java:100)
	at org.vividus.steps.ui.web.ElementSteps.clickOnElement(ElementSteps.java:290)
2) java.lang.AssertionError: There is an element with text=We've sent you an email! in the context [The condition is false]
	at org.vividus.steps.ui.web.TextValidationSteps.lambda$ifTextExists$2(TextValidationSteps.java:131)
	at org.vividus.steps.ui.web.TextValidationSteps.ifTextExists(TextValidationSteps.java:101)

	at org.jbehave.core.steps.StepCreator$BeforeOrAfterStep.perform(StepCreator.java:743) ~[jbehave-core-5.0.0-alpha.26.jar:?]
	at org.jbehave.core.steps.StepCreator$ReportingAbstractStep.perform(StepCreator.java:678) ~[jbehave-core-5.0.0-alpha.26.jar:?]
	at org.jbehave.core.steps.StepCreator$DelegatingStep.perform(StepCreator.java:702) ~[jbehave-core-5.0.0-alpha.26.jar:?]
	at org.jbehave.core.embedder.PerformableTree$FineSoFar.run(PerformableTree.java:397) ~[jbehave-core-5.0.0-alpha.26.jar:?]
	at org.jbehave.core.embedder.PerformableTree$PerformableSteps.perform(PerformableTree.java:1423) ~[jbehave-core-5.0.0-alpha.26.jar:?]
	at org.jbehave.core.embedder.PerformableTree$PerformableEntity.performSteps(PerformableTree.java:979) ~[jbehave-core-5.0.0-alpha.26.jar:?]
	at org.jbehave.core.embedder.PerformableTree$PerformableEntity.performAfterSteps(PerformableTree.java:958) ~[jbehave-core-5.0.0-alpha.26.jar:?]
	at org.jbehave.core.embedder.PerformableTree$AbstractPerformableScenario.performScenario(PerformableTree.java:1267) ~[jbehave-core-5.0.0-alpha.26.jar:?]
	at org.jbehave.core.embedder.PerformableTree$NormalPerformableScenario.perform(PerformableTree.java:1314) ~[jbehave-core-5.0.0-alpha.26.jar:?]
	at org.jbehave.core.embedder.PerformableTree$PerformableScenario.perform(PerformableTree.java:1200) ~[jbehave-core-5.0.0-alpha.26.jar:?]
	at org.jbehave.core.embedder.PerformableTree$PerformableStory.performScenarios(PerformableTree.java:1089) ~[jbehave-core-5.0.0-alpha.26.jar:?]
	at org.jbehave.core.embedder.PerformableTree$PerformableStory.perform(PerformableTree.java:1064) ~[jbehave-core-5.0.0-alpha.26.jar:?]
	at org.jbehave.core.embedder.PerformableTree.performCancellable(PerformableTree.java:514) ~[jbehave-core-5.0.0-alpha.26.jar:?]
	at org.jbehave.core.embedder.PerformableTree.perform(PerformableTree.java:481) ~[jbehave-core-5.0.0-alpha.26.jar:?]
	at org.jbehave.core.embedder.StoryManager$EnqueuedStory.call(StoryManager.java:300) ~[jbehave-core-5.0.0-alpha.26.jar:?]
	at org.jbehave.core.embedder.StoryManager$EnqueuedStory.call(StoryManager.java:273) ~[jbehave-core-5.0.0-alpha.26.jar:?]
	at java.util.concurrent.FutureTask.run(FutureTask.java:264) ~[?:?]
	at java.util.concurrent.ThreadPoolExecutor.runWorker(ThreadPoolExecutor.java:1136) ~[?:?]
	at java.util.concurrent.ThreadPoolExecutor$Worker.run(ThreadPoolExecutor.java:635) ~[?:?]
	at java.lang.Thread.run(Thread.java:833) ~[?:?]
Caused by: org.jbehave.core.failures.BeforeOrAfterFailed: Method verifyIfAssertionsPassed (annotated with @AfterScenario in class org.vividus.steps.AssertSteps) failed: org.vividus.softassert.exception.VerificationError: 
1) java.lang.AssertionError: An element with attributes XPath: '//*[@id="welcome-send-validation-submit"]/span'; Visibility: VISIBLE; [Expected: exists Actual: does not exist]
	at org.vividus.steps.ui.validation.DescriptiveSoftAssert.recordAssertionOutcome(DescriptiveSoftAssert.java:69)
	at org.vividus.steps.ui.validation.DescriptiveSoftAssert.assertThat(DescriptiveSoftAssert.java:39)
	at org.vividus.steps.ui.validation.BaseValidations.lambda$assertIfElementExists$3(BaseValidations.java:145)
	at org.vividus.steps.ui.validation.BaseValidations.runValidatingSearchContext(BaseValidations.java:198)
	at org.vividus.steps.ui.validation.BaseValidations.assertIfElementExists(BaseValidations.java:137)
	at org.vividus.steps.ui.validation.BaseValidations.assertIfElementExists(BaseValidations.java:100)
	at org.vividus.steps.ui.web.ElementSteps.clickOnElement(ElementSteps.java:290)
2) java.lang.AssertionError: There is an element with text=We've sent you an email! in the context [The condition is false]
	at org.vividus.steps.ui.web.TextValidationSteps.lambda$ifTextExists$2(TextValidationSteps.java:131)
	at org.vividus.steps.ui.web.TextValidationSteps.ifTextExists(TextValidationSteps.java:101)

	... 20 more
Caused by: org.vividus.softassert.exception.VerificationError: 
1) java.lang.AssertionError: An element with attributes XPath: '//*[@id="welcome-send-validation-submit"]/span'; Visibility: VISIBLE; [Expected: exists Actual: does not exist]
	at org.vividus.steps.ui.validation.DescriptiveSoftAssert.recordAssertionOutcome(DescriptiveSoftAssert.java:69)
	at org.vividus.steps.ui.validation.DescriptiveSoftAssert.assertThat(DescriptiveSoftAssert.java:39)
	at org.vividus.steps.ui.validation.BaseValidations.lambda$assertIfElementExists$3(BaseValidations.java:145)
	at org.vividus.steps.ui.validation.BaseValidations.runValidatingSearchContext(BaseValidations.java:198)
	at org.vividus.steps.ui.validation.BaseValidations.assertIfElementExists(BaseValidations.java:137)
	at org.vividus.steps.ui.validation.BaseValidations.assertIfElementExists(BaseValidations.java:100)
	at org.vividus.steps.ui.web.ElementSteps.clickOnElement(ElementSteps.java:290)
2) java.lang.AssertionError: There is an element with text=We've sent you an email! in the context [The condition is false]
	at org.vividus.steps.ui.web.TextValidationSteps.lambda$ifTextExists$2(TextValidationSteps.java:131)
	at org.vividus.steps.ui.web.TextValidationSteps.ifTextExists(TextValidationSteps.java:101)

	at org.vividus.softassert.SoftAssert.verify(SoftAssert.java:286) ~[vividus-soft-assert-0.4.9.jar:0.4.9]
	at org.vividus.steps.AssertSteps.verifyIfAssertionsPassed(AssertSteps.java:45) ~[vividus-0.4.9.jar:0.4.9]
	at jdk.internal.reflect.NativeMethodAccessorImpl.invoke0(Native Method) ~[?:?]
	at jdk.internal.reflect.NativeMethodAccessorImpl.invoke(NativeMethodAccessorImpl.java:77) ~[?:?]
	at jdk.internal.reflect.DelegatingMethodAccessorImpl.invoke(DelegatingMethodAccessorImpl.java:43) ~[?:?]
	at java.lang.reflect.Method.invoke(Method.java:568) ~[?:?]
	at org.jbehave.core.steps.StepCreator$MethodInvoker.invoke(StepCreator.java:1022) ~[jbehave-core-5.0.0-alpha.26.jar:?]
	at org.jbehave.core.steps.StepCreator$BeforeOrAfterStep.perform(StepCreator.java:739) ~[jbehave-core-5.0.0-alpha.26.jar:?]
	... 19 more
2022-05-31 22:52:18,479 [batch-1-thread-1] INFO  org.vividus.log.LoggingStoryReporter - AfterUserStorySteps
2022-05-31 22:52:18,479 [batch-1-thread-1] INFO  org.vividus.log.LoggingStoryReporter - AfterSystemStorySteps
2022-05-31 22:52:18,844 [main] INFO  org.vividus.log.LoggingStoryReporter - AfterStories
2022-05-31 22:52:18,852 [main] INFO  org.vividus.log.TestInfoLogger - 
------------------------------------------------------------
 Configuration:
   Suites                           test1
   Environments                     test
   Profiles                         web/desktop/chrome
------------------------------------------------------------
 Profile:
   Proxy                            OFF
   Operating System                 Mac OS X
   Browser                          chrome 
   Remote Execution                 OFF
------------------------------------------------------------
 Suite:
   Batch 1 Location                 story/web
   Batch 1 Include Patterns         *.story
   Global Meta Filters              groovy: (!layout || layout.contains('desktop')) && !skip && (true)
------------------------------------------------------------
 Environment:
   Main Application Page            https://trello.com/login
------------------------------------------------------------
 Vividus:
   vividus                          0.4.9
   vividus-allure-adaptor           0.4.9
   vividus-analytics                0.4.9
   vividus-engine                   0.4.9
   vividus-extension-selenium       0.4.9
   vividus-extension-visual-testing 0.4.9
   vividus-http-client              0.4.9
   vividus-plugin-json              0.4.9
   vividus-plugin-rest-api          0.4.9
   vividus-plugin-visual            0.4.9
   vividus-plugin-web-app           0.4.9
   vividus-reporter                 0.4.9
   vividus-soft-assert              0.4.9
   vividus-test-context             0.4.9
   vividus-util                     0.4.9

 Execution statistics:
   ----------------------------------------
                 Story   Scenario     Step
   ----------------------------------------
   Passed            1          1       11
   Failed            1          1        2
   Broken            0          0        0
   Known Issue       0          0        0
   Pending           0          0        0
   Skipped           0          0        0
   ----------------------------------------
   TOTAL             2          2       13
2022-05-31 22:52:20,339 [main] INFO  org.vividus.report.allure.AllureReportGenerator - Allure report is successfully generated at /Users/macbook/task2/output/reports/allure/index.html
2022-05-31 22:54:44,663 [main] INFO  org.vividus.log.TestInfoLogger - 
  _   _______   _________  __  ______
 | | / /  _/ | / /  _/ _ \/ / / / __/
 | |/ // / | |/ // // // / /_/ /\ \  
 |___/___/ |___/___/____/\____/___/  
                                     

2022-05-31 22:54:44,767 [main] INFO  org.vividus.configuration.PropertiesLoader - Loading properties from /deprecated
2022-05-31 22:54:44,769 [main] INFO  org.vividus.configuration.PropertiesLoader - Loading properties from /org/vividus/http/client
2022-05-31 22:54:44,771 [main] INFO  org.vividus.configuration.PropertiesLoader - Loading properties from /org/vividus/util
2022-05-31 22:54:44,776 [main] INFO  org.vividus.configuration.PropertiesLoader - Loading properties from /defaults
2022-05-31 22:54:44,785 [main] INFO  org.vividus.configuration.PropertiesLoader - Loading properties from /
2022-05-31 22:54:44,816 [main] INFO  org.vividus.configuration.PropertiesLoader - Loading properties from /profile/web/desktop/chrome
2022-05-31 22:54:44,819 [main] INFO  org.vividus.configuration.PropertiesLoader - Loading properties from /environment/test
2022-05-31 22:54:44,822 [main] INFO  org.vividus.configuration.PropertiesLoader - Loading properties from /suite/test1
2022-05-31 22:54:49,355 [main] INFO  org.vividus.log.TestInfoLogger - 
  _   _______   _________  __  ______
 | | / /  _/ | / /  _/ _ \/ / / / __/
 | |/ // / | |/ // // // / /_/ /\ \  
 |___/___/ |___/___/____/\____/___/  
                                     

2022-05-31 22:54:49,418 [main] INFO  org.vividus.configuration.PropertiesLoader - Loading properties from /deprecated
2022-05-31 22:54:49,420 [main] INFO  org.vividus.configuration.PropertiesLoader - Loading properties from /org/vividus/http/client
2022-05-31 22:54:49,422 [main] INFO  org.vividus.configuration.PropertiesLoader - Loading properties from /org/vividus/util
2022-05-31 22:54:49,425 [main] INFO  org.vividus.configuration.PropertiesLoader - Loading properties from /defaults
2022-05-31 22:54:49,435 [main] INFO  org.vividus.configuration.PropertiesLoader - Loading properties from /
2022-05-31 22:54:49,456 [main] INFO  org.vividus.configuration.PropertiesLoader - Loading properties from /profile/web/desktop/chrome
2022-05-31 22:54:49,458 [main] INFO  org.vividus.configuration.PropertiesLoader - Loading properties from /environment/test
2022-05-31 22:54:49,461 [main] INFO  org.vividus.configuration.PropertiesLoader - Loading properties from /suite/test1
2022-05-31 22:54:51,950 [main] INFO  org.vividus.log.TestInfoLogger - allure.results.directory=/Users/macbook/task2/output/allure-results
2022-05-31 22:54:51,950 [main] INFO  org.vividus.log.TestInfoLogger - file.encoding=UTF-8
2022-05-31 22:54:51,950 [main] INFO  org.vividus.log.TestInfoLogger - file.separator=/
2022-05-31 22:54:51,951 [main] INFO  org.vividus.log.TestInfoLogger - ftp.nonProxyHosts=local|*.local|169.254/16|*.169.254/16
2022-05-31 22:54:51,951 [main] INFO  org.vividus.log.TestInfoLogger - http.nonProxyHosts=local|*.local|169.254/16|*.169.254/16
2022-05-31 22:54:51,951 [main] INFO  org.vividus.log.TestInfoLogger - java.class.path=/Users/macbook/task2/output/classes/java/main:/Users/macbook/task2/output/resources/main:/Users/macbook/.gradle/caches/modules-2/files-2.1/org.vividus/vividus/0.4.9/38a7f0acc5351b754f02ee1f0fb34599e3fc2d5c/vividus-0.4.9.jar:/Users/macbook/.gradle/caches/modules-2/files-2.1/org.vividus/vividus-plugin-rest-api/0.4.9/c871f95680314eb9263cc31a3576a9a99226da97/vividus-plugin-rest-api-0.4.9.jar:/Users/macbook/.gradle/caches/modules-2/files-2.1/org.vividus/vividus-plugin-json/0.4.9/7101458590ab66cf91ad8aa6fa4116eb4415d6ad/vividus-plugin-json-0.4.9.jar:/Users/macbook/.gradle/caches/modules-2/files-2.1/org.vividus/vividus-plugin-visual/0.4.9/899f7d63616d2fee5ad47f5da2efb25ca394b0a8/vividus-plugin-visual-0.4.9.jar:/Users/macbook/.gradle/caches/modules-2/files-2.1/org.vividus/vividus-plugin-web-app/0.4.9/8bca40e6c11d6f1385d1b6dd0ae82027d0a1bfc3/vividus-plugin-web-app-0.4.9.jar:/Users/macbook/.gradle/caches/modules-2/files-2.1/org.vividus/vividus-allure-adaptor/0.4.9/9cb2f37a9ea692d70d95bab894d3e097223d44e/vividus-allure-adaptor-0.4.9.jar:/Users/macbook/.gradle/caches/modules-2/files-2.1/org.vividus/vividus-analytics/0.4.9/f3b7a380379535b5b88dc14483885e5159dd0dc7/vividus-analytics-0.4.9.jar:/Users/macbook/.gradle/caches/modules-2/files-2.1/org.vividus/vividus-extension-visual-testing/0.4.9/69af5609468b840050d737be193245467448cc7d/vividus-extension-visual-testing-0.4.9.jar:/Users/macbook/.gradle/caches/modules-2/files-2.1/org.vividus/vividus-extension-selenium/0.4.9/9750a4358f0aecc6464f412e2d057705b48a1e36/vividus-extension-selenium-0.4.9.jar:/Users/macbook/.gradle/caches/modules-2/files-2.1/org.vividus/vividus-soft-assert/0.4.9/79ed0b7d1eb11297c74b14dddb0c428399b9cb53/vividus-soft-assert-0.4.9.jar:/Users/macbook/.gradle/caches/modules-2/files-2.1/org.vividus/vividus-engine/0.4.9/7b0f9daf8e77f879eb78385b35c2f8b3da55c7f9/vividus-engine-0.4.9.jar:/Users/macbook/.gradle/caches/modules-2/files-2.1/org.vividus/vividus-http-client/0.4.9/2fbde53c7be43b43d61e263fa409ae441cff5bfb/vividus-http-client-0.4.9.jar:/Users/macbook/.gradle/caches/modules-2/files-2.1/org.vividus/vividus-reporter/0.4.9/7bb203af5de0c801da5d38374321c8d1ac3a626c/vividus-reporter-0.4.9.jar:/Users/macbook/.gradle/caches/modules-2/files-2.1/org.vividus/vividus-util/0.4.9/959eeb6f785817b3b3083d10b98931207d566c4c/vividus-util-0.4.9.jar:/Users/macbook/.gradle/caches/modules-2/files-2.1/com.github.valfirst.browserup-proxy/browserup-proxy-core/2.1.5/68bbd7a9d399656d812aefcbce8b20067da88fc6/browserup-proxy-core-2.1.5.jar:/Users/macbook/.gradle/caches/modules-2/files-2.1/com.github.valfirst.browserup-proxy/browserup-proxy-mitm/2.1.5/eb9a415c640e8d7a4d4434ea49b6e4a493908e78/browserup-proxy-mitm-2.1.5.jar:/Users/macbook/.gradle/caches/modules-2/files-2.1/org.slf4j/jcl-over-slf4j/2.0.0-alpha2/d19474caf00ebbbfb503c4cbef258edb8f31404d/jcl-over-slf4j-2.0.0-alpha2.jar:/Users/macbook/.gradle/caches/modules-2/files-2.1/org.slf4j/jul-to-slf4j/2.0.0-alpha2/f79c148a6d3ea4e8dad0dc6f369aef68dbd3cc23/jul-to-slf4j-2.0.0-alpha2.jar:/Users/macbook/.gradle/caches/modules-2/files-2.1/com.jayway.jsonpath/json-path-assert/2.7.0/df8959d2fd55d5d0367e75f8d563ad7220ccf70d/json-path-assert-2.7.0.jar:/Users/macbook/.gradle/caches/modules-2/files-2.1/io.qameta.allure/allure-generator/2.18.0/533b67460ca49c53a55f8582571f3ebef3785ea9/allure-generator-2.18.0.jar:/Users/macbook/.gradle/caches/modules-2/files-2.1/org.apache.tika/tika-core/2.4.0/97b2454943127857a8304319be658d6d7ff4fff1/tika-core-2.4.0.jar:/Users/macbook/.gradle/caches/modules-2/files-2.1/com.codeborne/selenide/6.5.0/2504e2f624d0f74d52385f9804fa0f80fd29ae09/selenide-6.5.0.jar:/Users/macbook/.gradle/caches/modules-2/files-2.1/com.codeborne/selenide-core/6.5.0/adc0aeafac7b3993f5a9d4f67d0064a283ae0bf1/selenide-core-6.5.0.jar:/Users/macbook/.gradle/caches/modules-2/files-2.1/io.github.bonigarcia/webdrivermanager/5.1.1/4be041d104ebe9ba84a4e7a111944a13d262400b/webdrivermanager-5.1.1.jar:/Users/macbook/.gradle/caches/modules-2/files-2.1/org.apache.logging.log4j/log4j-slf4j18-impl/2.17.2/79462d0451b93106225395b03362b1965984533b/log4j-slf4j18-impl-2.17.2.jar:/Users/macbook/.gradle/caches/modules-2/files-2.1/io.qameta.allure/allure-java-commons/2.18.0/20224c188a439a01eca65e45da5fed7eb1e5e048/allure-java-commons-2.18.0.jar:/Users/macbook/.gradle/caches/modules-2/files-2.1/io.qameta.allure/allure-plugin-api/2.18.0/a50bfd5a2afde4558975979f96bd1ff2b9d3ba6d/allure-plugin-api-2.18.0.jar:/Users/macbook/.gradle/caches/modules-2/files-2.1/com.jayway.jsonpath/json-path/2.7.0/f9d7d9659f2694e61142046ff8a216c047f263e8/json-path-2.7.0.jar:/Users/macbook/.gradle/caches/modules-2/files-2.1/org.apache.httpcomponents.client5/httpclient5/5.1.3/13c984b7b881afcff3a7f0bb95878724a48a4b66/httpclient5-5.1.3.jar:/Users/macbook/.gradle/caches/modules-2/files-2.1/io.appium/java-client/8.0.0/bd49469d8820f92f3b83e924862b4e83668408f8/java-client-8.0.0.jar:/Users/macbook/.gradle/caches/modules-2/files-2.1/org.allurefw/allure1-model/1.0/cfd4d328364a7736448e42f088b53b5b8fb1c09d/allure1-model-1.0.jar:/Users/macbook/.gradle/caches/modules-2/files-2.1/de.vandermeer/asciitable/0.3.2/96ee630413aa5a03ac5cbb34c79c95f91f417caa/asciitable-0.3.2.jar:/Users/macbook/.gradle/caches/modules-2/files-2.1/de.vandermeer/ascii-utf-themes/0.0.1/4e6354685bb4bf62742dd8f0bc2de338e048e978/ascii-utf-themes-0.0.1.jar:/Users/macbook/.gradle/caches/modules-2/files-2.1/de.vandermeer/char-translation/0.0.2/1f8a810c0b9a5b8269288b22f842b88b1262f238/char-translation-0.0.2.jar:/Users/macbook/.gradle/caches/modules-2/files-2.1/de.vandermeer/skb-interfaces/0.0.1/78940adb54f8dbcebb9b6166ebd0ff52ca124b32/skb-interfaces-0.0.1.jar:/Users/macbook/.gradle/caches/modules-2/files-2.1/org.seleniumhq.selenium/selenium-java/4.1.4/d1ff6102a8b23729b967406ea85f40fea5a2e970/selenium-java-4.1.4.jar:/Users/macbook/.gradle/caches/modules-2/files-2.1/org.seleniumhq.selenium/selenium-chrome-driver/4.1.4/68af859b6ebb156c53ab8e54c0f130a6813b4973/selenium-chrome-driver-4.1.4.jar:/Users/macbook/.gradle/caches/modules-2/files-2.1/org.seleniumhq.selenium/selenium-edge-driver/4.1.4/3f216e94ed0f71d4a96b4df0880cff1c194d9b02/selenium-edge-driver-4.1.4.jar:/Users/macbook/.gradle/caches/modules-2/files-2.1/org.seleniumhq.selenium/selenium-firefox-driver/4.1.4/eb04a522ccfd9e91f80a593dd07276f187a49bb/selenium-firefox-driver-4.1.4.jar:/Users/macbook/.gradle/caches/modules-2/files-2.1/org.seleniumhq.selenium/selenium-ie-driver/4.1.4/de2e3bfb254f1b0972b1026087fe5b6b6b0e2bed/selenium-ie-driver-4.1.4.jar:/Users/macbook/.gradle/caches/modules-2/files-2.1/org.seleniumhq.selenium/selenium-safari-driver/4.1.4/d882231dd0a27954a4c1ba627c28b5880edcc6e0/selenium-safari-driver-4.1.4.jar:/Users/macbook/.gradle/caches/modules-2/files-2.1/org.seleniumhq.selenium/selenium-opera-driver/4.1.4/515b2c05e90cd37952a626604cdb1fd1185d4760/selenium-opera-driver-4.1.4.jar:/Users/macbook/.gradle/caches/modules-2/files-2.1/org.seleniumhq.selenium/selenium-chromium-driver/4.1.4/963a217eed29f23fcf4ab6958ffb0bdb465c0997/selenium-chromium-driver-4.1.4.jar:/Users/macbook/.gradle/caches/modules-2/files-2.1/org.seleniumhq.selenium/selenium-devtools-v85/4.1.4/627f9ea27c505032abb04b480aed5462e3a24182/selenium-devtools-v85-4.1.4.jar:/Users/macbook/.gradle/caches/modules-2/files-2.1/org.seleniumhq.selenium/selenium-support/4.1.4/8aa95743eb0f5233e7f9634ee45dfbfd7d0ca9b1/selenium-support-4.1.4.jar:/Users/macbook/.gradle/caches/modules-2/files-2.1/ru.yandex.qatools.ashot/ashot/1.5.4/630e052b98de4f4f82c2d16d803d7b30f468853d/ashot-1.5.4.jar:/Users/macbook/.gradle/caches/modules-2/files-2.1/org.seleniumhq.selenium/selenium-devtools-v100/4.1.4/37837b48286353437adeaf084860a7adeb485782/selenium-devtools-v100-4.1.4.jar:/Users/macbook/.gradle/caches/modules-2/files-2.1/org.seleniumhq.selenium/selenium-devtools-v101/4.1.4/cad0f16567048d507d9ca1fa12176bfea8957575/selenium-devtools-v101-4.1.4.jar:/Users/macbook/.gradle/caches/modules-2/files-2.1/org.seleniumhq.selenium/selenium-devtools-v99/4.1.4/efbdac8d0865f10ad26e45533e46be766dedf980/selenium-devtools-v99-4.1.4.jar:/Users/macbook/.gradle/caches/modules-2/files-2.1/org.seleniumhq.selenium/selenium-remote-driver/4.1.4/dfe2fc3aeff186f9ae5d1f8b739a2d330b3e7b1c/selenium-remote-driver-4.1.4.jar:/Users/macbook/.gradle/caches/modules-2/files-2.1/org.asynchttpclient/async-http-client/2.12.3/6dfc91814cc8b3bc3327246d0e5df36911b9a623/async-http-client-2.12.3.jar:/Users/macbook/.gradle/caches/modules-2/files-2.1/xyz.rogfam/littleproxy/2.0.9/948fc7ecdf547c9656feffceb40b83b756c42e42/littleproxy-2.0.9.jar:/Users/macbook/.gradle/caches/modules-2/files-2.1/dnsjava/dnsjava/3.5.1/eaf35f867896a7dc9d6ba15899a3d7834e0e2abe/dnsjava-3.5.1.jar:/Users/macbook/.gradle/caches/modules-2/files-2.1/org.zeroturnaround/zt-exec/1.12/51a8d135518365a169a8c94e074c7eaaf864e147/zt-exec-1.12.jar:/Users/macbook/.gradle/caches/modules-2/files-2.1/org.asynchttpclient/async-http-client-netty-utils/2.12.3/ad99d8622931ed31367d0fef7fa17eb62e033fb3/async-http-client-netty-utils-2.12.3.jar:/Users/macbook/.gradle/caches/modules-2/files-2.1/org.slf4j/slf4j-api/2.0.0-alpha2/5822122019357edb9366f595f887ab77bab80b39/slf4j-api-2.0.0-alpha2.jar:/Users/macbook/.gradle/caches/modules-2/files-2.1/org.apache.logging.log4j/log4j-core/2.17.2/fa43ba4467f5300b16d1e0742934149bfc5ac564/log4j-core-2.17.2.jar:/Users/macbook/.gradle/caches/modules-2/files-2.1/org.apache.logging.log4j/log4j-api/2.17.2/f42d6afa111b4dec5d2aea0fe2197240749a4ea6/log4j-api-2.17.2.jar:/Users/macbook/.gradle/caches/modules-2/files-2.1/org.apache.groovy/groovy/4.0.2/56d3019114aea2658cb6bdbb1d9768feab9bccdd/groovy-4.0.2.jar:/Users/macbook/.gradle/caches/modules-2/files-2.1/org.vividus/jbehave-spring/5.0.0-alpha.26/8244d4aa86540b10fa36f4e622bf68c2baa86e78/jbehave-spring-5.0.0-alpha.26.jar:/Users/macbook/.gradle/caches/modules-2/files-2.1/org.springframework/spring-context/5.3.20/517a42165221ea944c8b794154c10b69c0128281/spring-context-5.3.20.jar:/Users/macbook/.gradle/caches/modules-2/files-2.1/javax.inject/javax.inject/1/6975da39a7040257bd51d21a231b76c915872d38/javax.inject-1.jar:/Users/macbook/.gradle/caches/modules-2/files-2.1/commons-cli/commons-cli/1.5.0/dc98be5d5390230684a092589d70ea76a147925c/commons-cli-1.5.0.jar:/Users/macbook/.gradle/caches/modules-2/files-2.1/org.jasypt/jasypt-spring4/1.9.3/1759d8d81852c7c05451c9d1126f394122ed22ef/jasypt-spring4-1.9.3.jar:/Users/macbook/.gradle/caches/modules-2/files-2.1/io.qameta.allure/allure-jsonunit/2.18.0/ae5ee2879d6c0810a3e3cc76ce189d18ba84c389/allure-jsonunit-2.18.0.jar:/Users/macbook/.gradle/caches/modules-2/files-2.1/org.vividus/jbehave-core/5.0.0-alpha.26/1aded394cc8e06d470a08aee13ace8f91a84750e/jbehave-core-5.0.0-alpha.26.jar:/Users/macbook/.gradle/caches/modules-2/files-2.1/com.opencsv/opencsv/4.6/b7ce164e9e75be4b5eb42fd89c9c53ebecea6729/opencsv-4.6.jar:/Users/macbook/.gradle/caches/modules-2/files-2.1/org.apache.commons/commons-text/1.9/ba6ac8c2807490944a0a27f6f8e68fb5ed2e80e2/commons-text-1.9.jar:/Users/macbook/.gradle/caches/modules-2/files-2.1/org.apache.commons/commons-lang3/3.12.0/c6842c86792ff03b9f1d1fe2aab8dc23aa6c6f0e/commons-lang3-3.12.0.jar:/Users/macbook/.gradle/caches/modules-2/files-2.1/com.flipkart.zjsonpatch/zjsonpatch/0.4.12/9783037290ba3b7e95e2e7b57183f159d6256271/zjsonpatch-0.4.12.jar:/Users/macbook/.gradle/caches/modules-2/files-2.1/org.apache.commons/commons-collections4/4.4/62ebe7544cb7164d87e0637a2a6a2bdc981395e8/commons-collections4-4.4.jar:/Users/macbook/.gradle/caches/modules-2/files-2.1/org.junit.platform/junit-platform-launcher/1.8.2/c334fcee82b81311ab5c426ec2d52d467c8d0b28/junit-platform-launcher-1.8.2.jar:/Users/macbook/.gradle/caches/modules-2/files-2.1/org.junit.jupiter/junit-jupiter/5.8.2/5a817b1e63f1217e5c586090c45e681281f097ad/junit-jupiter-5.8.2.jar:/Users/macbook/.gradle/caches/modules-2/files-2.1/org.junit.jupiter/junit-jupiter-engine/5.8.2/c598b4328d2f397194d11df3b1648d68d7d990e3/junit-jupiter-engine-5.8.2.jar:/Users/macbook/.gradle/caches/modules-2/files-2.1/org.junit.platform/junit-platform-engine/1.8.2/b737de09f19864bd136805c84df7999a142fec29/junit-platform-engine-1.8.2.jar:/Users/macbook/.gradle/caches/modules-2/files-2.1/org.junit.jupiter/junit-jupiter-params/5.8.2/ddeafe92fc263f895bfb73ffeca7fd56e23c2cce/junit-jupiter-params-5.8.2.jar:/Users/macbook/.gradle/caches/modules-2/files-2.1/org.junit.jupiter/junit-jupiter-api/5.8.2/4c21029217adf07e4c0d0c5e192b6bf610c94bdc/junit-jupiter-api-5.8.2.jar:/Users/macbook/.gradle/caches/modules-2/files-2.1/org.junit.platform/junit-platform-commons/1.8.2/32c8b8617c1342376fd5af2053da6410d8866861/junit-platform-commons-1.8.2.jar:/Users/macbook/.gradle/caches/modules-2/files-2.1/org.junit.vintage/junit-vintage-engine/5.8.2/64dde404f2db8b0e2ec6a53d31f4a076e298b1d1/junit-vintage-engine-5.8.2.jar:/Users/macbook/.gradle/caches/modules-2/files-2.1/junit/junit/4.13.2/8ac9e16d933b6fb43bc7f576336b8f4d7eb5ba12/junit-4.13.2.jar:/Users/macbook/.gradle/caches/modules-2/files-2.1/net.javacrumbs.json-unit/json-unit/2.35.0/36247fc5b6536b12233fc3c6be752d44d72e94/json-unit-2.35.0.jar:/Users/macbook/.gradle/caches/modules-2/files-2.1/net.javacrumbs.json-unit/json-unit-core/2.35.0/a03d04a57e261857ce265dac9cef0df771e16eb6/json-unit-core-2.35.0.jar:/Users/macbook/.gradle/caches/modules-2/files-2.1/org.hamcrest/hamcrest-core/2.2/3f2bd07716a31c395e2837254f37f21f0f0ab24b/hamcrest-core-2.2.jar:/Users/macbook/.gradle/caches/modules-2/files-2.1/org.awaitility/awaitility/4.2.0/2c39784846001a9cffd6c6b89c78de62c0d80fb8/awaitility-4.2.0.jar:/Users/macbook/.gradle/caches/modules-2/files-2.1/org.hamcrest/hamcrest/2.2/1820c0968dba3a11a1b30669bb1f01978a91dedc/hamcrest-2.2.jar:/Users/macbook/.gradle/caches/modules-2/files-2.1/com.google.auto.service/auto-service/1.0.1/c9779f7372192a96c957a3df1faeeabd07881085/auto-service-1.0.1.jar:/Users/macbook/.gradle/caches/modules-2/files-2.1/com.google.auto/auto-common/1.2/ca270191fd7d2a7297da7c8f29184206df10c67d/auto-common-1.2.jar:/Users/macbook/.gradle/caches/modules-2/files-2.1/org.seleniumhq.selenium/selenium-http/4.1.4/3d291d9f6749990ae543e49636d41ffd7108be16/selenium-http-4.1.4.jar:/Users/macbook/.gradle/caches/modules-2/files-2.1/com.google.guava/guava/31.1-jre/60458f877d055d0c9114d9e1a2efb737b4bc282c/guava-31.1-jre.jar:/Users/macbook/.gradle/caches/modules-2/files-2.1/io.github.classgraph/classgraph/4.8.137/41692ccaf4e46e5cc10be225dd04104aa59b9d94/classgraph-4.8.137.jar:/Users/macbook/.gradle/caches/modules-2/files-2.1/io.github.java-diff-utils/java-diff-utils/4.11/e674e7408acefe082e7421d37f5d866e49dc468f/java-diff-utils-4.11.jar:/Users/macbook/.gradle/caches/modules-2/files-2.1/org.apache.commons/commons-jexl3/3.2.1/e138026048758e4f92b0e1e9e0c8e496ddc1fd61/commons-jexl3-3.2.1.jar:/Users/macbook/.gradle/caches/modules-2/files-2.1/net.datafaker/datafaker/1.3.0/edf60689c387d3312b23ec59ec689916b0106b16/datafaker-1.3.0.jar:/Users/macbook/.gradle/caches/modules-2/files-2.1/org.vividus/vividus-test-context/0.4.9/173dd04299405221ac686630c38c46e0474bd105/vividus-test-context-0.4.9.jar:/Users/macbook/.gradle/caches/modules-2/files-2.1/org.apache.httpcomponents/httpmime/4.5.13/efc110bad4a0d45cda7858e6beee1d8a8313da5a/httpmime-4.5.13.jar:/Users/macbook/.gradle/caches/modules-2/files-2.1/org.springframework/spring-web/5.3.20/3c2fe9363760d62d5b7c9f087bb4255e3377a0b2/spring-web-5.3.20.jar:/Users/macbook/.gradle/caches/modules-2/files-2.1/io.qameta.allure.plugins/behaviors-plugin/2.18.0/a0a760090bf7bf67d71150461ea4c14a9590eedd/behaviors-plugin-2.18.0.jar:/Users/macbook/.gradle/caches/modules-2/files-2.1/org.springframework/spring-aop/5.3.20/c82f17997ab18ecafa8d08ce34a7c7aa4a04ef9e/spring-aop-5.3.20.jar:/Users/macbook/.gradle/caches/modules-2/files-2.1/org.springframework/spring-beans/5.3.20/ab88bd9e3a8307f5c0516c15d295c88ec318659/spring-beans-5.3.20.jar:/Users/macbook/.gradle/caches/modules-2/files-2.1/org.springframework/spring-expression/5.3.20/20e179f0dfabf0a46428f22c2150c9c4850fd15d/spring-expression-5.3.20.jar:/Users/macbook/.gradle/caches/modules-2/files-2.1/org.springframework/spring-core/5.3.20/4b88aa3c401ede3d6c8ac78ea0c646cf326ec24b/spring-core-5.3.20.jar:/Users/macbook/.gradle/caches/modules-2/files-2.1/javax.xml.bind/jaxb-api/2.3.1/8531ad5ac454cc2deb9d4d32c40c4d7451939b5d/jaxb-api-2.3.1.jar:/Users/macbook/.gradle/caches/modules-2/files-2.1/com.fasterxml.jackson.dataformat/jackson-dataformat-xml/2.13.3/ec52dc41977a927a6ff175042576d716cd55c7c5/jackson-dataformat-xml-2.13.3.jar:/Users/macbook/.gradle/caches/modules-2/files-2.1/com.fasterxml.jackson.dataformat/jackson-dataformat-yaml/2.13.3/9363ded5441b1fee62d5be0604035690ca759a2a/jackson-dataformat-yaml-2.13.3.jar:/Users/macbook/.gradle/caches/modules-2/files-2.1/com.fasterxml.jackson.datatype/jackson-datatype-jdk8/2.13.3/d4884595d5aab5babdb00ddbd693b8fd36b5ec3c/jackson-datatype-jdk8-2.13.3.jar:/Users/macbook/.gradle/caches/modules-2/files-2.1/com.fasterxml.jackson.datatype/jackson-datatype-jsr310/2.13.3/ad2f4c61aeb9e2a8bb5e4a3ed782cfddec52d972/jackson-datatype-jsr310-2.13.3.jar:/Users/macbook/.gradle/caches/modules-2/files-2.1/com.fasterxml.jackson.module/jackson-module-jaxb-annotations/2.13.3/1dba7b89605c64026f60ccf1116d3766039fcab0/jackson-module-jaxb-annotations-2.13.3.jar:/Users/macbook/.gradle/caches/modules-2/files-2.1/com.fasterxml.jackson.core/jackson-databind/2.13.3/56deb9ea2c93a7a556b3afbedd616d342963464e/jackson-databind-2.13.3.jar:/Users/macbook/.gradle/caches/modules-2/files-2.1/com.fasterxml.jackson.core/jackson-core/2.13.3/a27014716e4421684416e5fa83d896ddb87002da/jackson-core-2.13.3.jar:/Users/macbook/.gradle/caches/modules-2/files-2.1/com.fasterxml.jackson.core/jackson-annotations/2.13.3/7198b3aac15285a49e218e08441c5f70af00fc51/jackson-annotations-2.13.3.jar:/Users/macbook/.gradle/caches/modules-2/files-2.1/com.fasterxml.jackson.dataformat/jackson-dataformat-properties/2.13.3/1f2824ed336013669df33e2b5045fce3041f91a4/jackson-dataformat-properties-2.13.3.jar:/Users/macbook/.gradle/caches/modules-2/files-2.1/io.qameta.allure/allure-model/2.18.0/4ad6073747a833a72428aa7b8eee75b61cc6802d/allure-model-2.18.0.jar:/Users/macbook/.gradle/caches/modules-2/files-2.1/commons-io/commons-io/2.11.0/a2503f302b11ebde7ebc3df41daebe0e4eea3689/commons-io-2.11.0.jar:/Users/macbook/.gradle/caches/modules-2/files-2.1/org.apache.commons/commons-pool2/2.11.1/8970fd110c965f285ed4c6e40be7630c62db6f68/commons-pool2-2.11.1.jar:/Users/macbook/.gradle/caches/modules-2/files-2.1/org.freemarker/freemarker/2.3.31/cd4fc0942b4a8bdb19f3b669aa42136fb54feb55/freemarker-2.3.31.jar:/Users/macbook/.gradle/caches/modules-2/files-2.1/org.jasypt/jasypt/1.9.3/d99ef9540f51c617f2a293b460f025d2ee563dd/jasypt-1.9.3.jar:/Users/macbook/.gradle/caches/modules-2/files-2.1/com.google.guava/failureaccess/1.0.1/1dcf1de382a0bf95a3d8b0849546c88bac1292c9/failureaccess-1.0.1.jar:/Users/macbook/.gradle/caches/modules-2/files-2.1/com.google.guava/listenablefuture/9999.0-empty-to-avoid-conflict-with-guava/b421526c5f297295adef1c886e5246c39d4ac629/listenablefuture-9999.0-empty-to-avoid-conflict-with-guava.jar:/Users/macbook/.gradle/caches/modules-2/files-2.1/com.google.code.findbugs/jsr305/3.0.2/25ea2e8b0c338a877313bd4672d3fe056ea78f0d/jsr305-3.0.2.jar:/Users/macbook/.gradle/caches/modules-2/files-2.1/org.checkerframework/checker-qual/3.12.0/d5692f0526415fcc6de94bb5bfbd3afd9dd3b3e5/checker-qual-3.12.0.jar:/Users/macbook/.gradle/caches/modules-2/files-2.1/com.google.errorprone/error_prone_annotations/2.11.0/c5a0ace696d3f8b1c1d8cc036d8c03cc0cbe6b69/error_prone_annotations-2.11.0.jar:/Users/macbook/.gradle/caches/modules-2/files-2.1/com.google.j2objc/j2objc-annotations/1.3/ba035118bc8bac37d7eff77700720999acd9986d/j2objc-annotations-1.3.jar:/Users/macbook/.gradle/caches/modules-2/files-2.1/com.github.mifmif/generex/1.0.2/b378f873b4e8d7616c3d920e2132cb1c87679600/generex-1.0.2.jar:/Users/macbook/.gradle/caches/modules-2/files-2.1/org.apache.httpcomponents/httpclient/4.5.13/e5f6cae5ca7ecaac1ec2827a9e2d65ae2869cada/httpclient-4.5.13.jar:/Users/macbook/.gradle/caches/modules-2/files-2.1/com.google.auto.service/auto-service-annotations/1.0.1/ac86dacc0eb9285ea9d42eee6aad8629ca3a7432/auto-service-annotations-1.0.1.jar:/Users/macbook/.gradle/caches/modules-2/files-2.1/org.seleniumhq.selenium/selenium-json/4.1.4/d6b50de970b3cf420fdd58b656c500745202da85/selenium-json-4.1.4.jar:/Users/macbook/.gradle/caches/modules-2/files-2.1/org.seleniumhq.selenium/selenium-api/4.1.4/b246fcd2411c2c9b7209077d9b47971ef9d4fefd/selenium-api-4.1.4.jar:/Users/macbook/.gradle/caches/modules-2/files-2.1/com.google.code.gson/gson/2.9.0/8a1167e089096758b49f9b34066ef98b2f4b37aa/gson-2.9.0.jar:/Users/macbook/.gradle/caches/modules-2/files-2.1/org.brotli/dec/0.1.2/c26a897ae0d524809eef1c786cc6183b4ddcc3b/dec-0.1.2.jar:/Users/macbook/.gradle/caches/modules-2/files-2.1/com.google.zxing/javase/3.5.0/8d18b81e6bf1c783166387c1b077ec2a13f01818/javase-3.5.0.jar:/Users/macbook/.gradle/caches/modules-2/files-2.1/com.google.zxing/core/3.5.0/43cad2dc52f93c72e21ba4bd0a9244f04bb51fad/core-3.5.0.jar:/Users/macbook/.gradle/caches/modules-2/files-2.1/com.vladsch.flexmark/flexmark-ext-tables/0.62.2/c95068a1450835c2695750ece82c996a7b57bbd3/flexmark-ext-tables-0.62.2.jar:/Users/macbook/.gradle/caches/modules-2/files-2.1/com.vladsch.flexmark/flexmark/0.62.2/606a88e1d15aa8debd97cb5dfdf788ddc6fb5b5e/flexmark-0.62.2.jar:/Users/macbook/.gradle/caches/modules-2/files-2.1/org.springframework/spring-jcl/5.3.20/35119231d09863699567ce579c21512ddcbc5407/spring-jcl-5.3.20.jar:/Users/macbook/.gradle/caches/modules-2/files-2.1/javax.activation/javax.activation-api/1.2.0/85262acf3ca9816f9537ca47d5adeabaead7cb16/javax.activation-api-1.2.0.jar:/Users/macbook/.gradle/caches/modules-2/files-2.1/net.minidev/json-smart/2.4.7/8d7f4c1530c07c54930935f3da85f48b83b3c109/json-smart-2.4.7.jar:/Users/macbook/.gradle/caches/modules-2/files-2.1/dk.brics.automaton/automaton/1.11-8/6ebfa65eb431ff4b715a23be7a750cbc4cc96d0f/automaton-1.11-8.jar:/Users/macbook/.gradle/caches/modules-2/files-2.1/org.codehaus.plexus/plexus-utils/3.4.1/4de9992988c534efd668bfcca0480ebe13e0c0eb/plexus-utils-3.4.1.jar:/Users/macbook/.gradle/caches/modules-2/files-2.1/com.thoughtworks.paranamer/paranamer/2.8/619eba74c19ccf1da8ebec97a2d7f8ba05773dd6/paranamer-2.8.jar:/Users/macbook/.gradle/caches/modules-2/files-2.1/org.apache.httpcomponents/httpcore/4.4.13/853b96d3afbb7bf8cc303fe27ee96836a10c1834/httpcore-4.4.13.jar:/Users/macbook/.gradle/caches/modules-2/files-2.1/commons-validator/commons-validator/1.7/76069c915de3787f3ddd8726a56f47a95bfcbb0e/commons-validator-1.7.jar:/Users/macbook/.gradle/caches/modules-2/files-2.1/commons-beanutils/commons-beanutils/1.9.4/d52b9abcd97f38c81342bb7e7ae1eee9b73cba51/commons-beanutils-1.9.4.jar:/Users/macbook/.gradle/caches/modules-2/files-2.1/commons-logging/commons-logging/1.2/4bfc12adfe4842bf07b657f0369c4cb522955686/commons-logging-1.2.jar:/Users/macbook/.gradle/caches/modules-2/files-2.1/commons-codec/commons-codec/1.15/49d94806b6e3dc933dacbd8acb0fdbab8ebd1e5d/commons-codec-1.15.jar:/Users/macbook/.gradle/caches/modules-2/files-2.1/commons-lang/commons-lang/2.6/ce1edb914c94ebc388f086c6827e8bdeec71ac2/commons-lang-2.6.jar:/Users/macbook/.gradle/caches/modules-2/files-2.1/org.apache.commons/commons-compress/1.21/4ec95b60d4e86b5c95a0e919cb172a0af98011ef/commons-compress-1.21.jar:/Users/macbook/.gradle/caches/modules-2/files-2.1/org.opentest4j/opentest4j/1.2.0/28c11eb91f9b6d8e200631d46e20a7f407f2a046/opentest4j-1.2.0.jar:/Users/macbook/.gradle/caches/modules-2/files-2.1/com.beust/jcommander/1.82/a7c5fef184d238065de38f81bbc6ee50cca2e21/jcommander-1.82.jar:/Users/macbook/.gradle/caches/modules-2/files-2.1/io.netty/netty-all/4.1.77.Final/4479b91838a2e5fcbc0fc8c1829182451573eba/netty-all-4.1.77.Final.jar:/Users/macbook/.gradle/caches/modules-2/files-2.1/com.typesafe.netty/netty-reactive-streams/2.0.4/f77c8eaa7d5e2f2160b6d21ba385cf726f164b2/netty-reactive-streams-2.0.4.jar:/Users/macbook/.gradle/caches/modules-2/files-2.1/io.netty/netty-handler-proxy/4.1.77.Final/d1ac0d95b770098c46b6679fbfd417ae277012d4/netty-handler-proxy-4.1.77.Final.jar:/Users/macbook/.gradle/caches/modules-2/files-2.1/io.netty/netty-codec-http/4.1.77.Final/c5ac5afa9af5b4dc0e8bdbfd686979af77ebdb3c/netty-codec-http-4.1.77.Final.jar:/Users/macbook/.gradle/caches/modules-2/files-2.1/io.netty/netty-resolver-dns-native-macos/4.1.77.Final/ba23bed7fd221158b5064096f9f8e286b190250c/netty-resolver-dns-native-macos-4.1.77.Final-osx-x86_64.jar:/Users/macbook/.gradle/caches/modules-2/files-2.1/io.netty/netty-resolver-dns-native-macos/4.1.77.Final/edfd4aea54326ee6b834d403e45bb89634dfaaf2/netty-resolver-dns-native-macos-4.1.77.Final-osx-aarch_64.jar:/Users/macbook/.gradle/caches/modules-2/files-2.1/io.netty/netty-resolver-dns-classes-macos/4.1.77.Final/60a6b7a3d81982bcf98db89c20b04f870d2d5ea0/netty-resolver-dns-classes-macos-4.1.77.Final.jar:/Users/macbook/.gradle/caches/modules-2/files-2.1/io.netty/netty-resolver-dns/4.1.77.Final/aad506ab6804e2720771634e2de2a065fa678126/netty-resolver-dns-4.1.77.Final.jar:/Users/macbook/.gradle/caches/modules-2/files-2.1/io.netty/netty-handler/4.1.77.Final/47a81089de03635a27f509f3e4e13386ae1db275/netty-handler-4.1.77.Final.jar:/Users/macbook/.gradle/caches/modules-2/files-2.1/io.netty/netty-codec-socks/4.1.77.Final/17bb510aa545fc73a18ab804c594593e32de1a1d/netty-codec-socks-4.1.77.Final.jar:/Users/macbook/.gradle/caches/modules-2/files-2.1/io.netty/netty-transport-native-epoll/4.1.77.Final/272f94f6ff601d2d2d88836d484044d5de6ab5ac/netty-transport-native-epoll-4.1.77.Final.jar:/Users/macbook/.gradle/caches/modules-2/files-2.1/io.netty/netty-transport-native-epoll/4.1.77.Final/8d10e9e138dac52172dd83229bdc89197100c723/netty-transport-native-epoll-4.1.77.Final-linux-x86_64.jar:/Users/macbook/.gradle/caches/modules-2/files-2.1/io.netty/netty-transport-native-epoll/4.1.77.Final/5f051599ced83e119ddeda891f471c0613721e5c/netty-transport-native-epoll-4.1.77.Final-linux-aarch_64.jar:/Users/macbook/.gradle/caches/modules-2/files-2.1/io.netty/netty-transport-classes-epoll/4.1.77.Final/dd70dbccbcf98382223a59044f3c08d8e9920cad/netty-transport-classes-epoll-4.1.77.Final.jar:/Users/macbook/.gradle/caches/modules-2/files-2.1/io.netty/netty-transport-native-kqueue/4.1.77.Final/6cad40f7c59152dccb9b21f32171c00d03be4fde/netty-transport-native-kqueue-4.1.77.Final.jar:/Users/macbook/.gradle/caches/modules-2/files-2.1/io.netty/netty-transport-native-kqueue/4.1.77.Final/a5b9f6713bbfacccbaef27a567deb571222da723/netty-transport-native-kqueue-4.1.77.Final-osx-x86_64.jar:/Users/macbook/.gradle/caches/modules-2/files-2.1/io.netty/netty-transport-native-kqueue/4.1.77.Final/1e3afd165dbde85b536dfbbd48b96d65fd1f5405/netty-transport-native-kqueue-4.1.77.Final-osx-aarch_64.jar:/Users/macbook/.gradle/caches/modules-2/files-2.1/io.netty/netty-transport-classes-kqueue/4.1.77.Final/d82618d83946911d0550fcccc87f18de85d7ade9/netty-transport-classes-kqueue-4.1.77.Final.jar:/Users/macbook/.gradle/caches/modules-2/files-2.1/io.netty/netty-transport-native-unix-common/4.1.77.Final/c95d53486414b3270d08057957c5da8e0c37e4eb/netty-transport-native-unix-common-4.1.77.Final.jar:/Users/macbook/.gradle/caches/modules-2/files-2.1/io.netty/netty-codec-dns/4.1.77.Final/a0a9bc85703efbab626fb8642e08e221b59dc604/netty-codec-dns-4.1.77.Final.jar:/Users/macbook/.gradle/caches/modules-2/files-2.1/io.netty/netty-codec/4.1.77.Final/4efc5f59335301d6ba0d7cd31dd10651119b03c8/netty-codec-4.1.77.Final.jar:/Users/macbook/.gradle/caches/modules-2/files-2.1/io.netty/netty-transport/4.1.77.Final/2a3373bbd20d520c821f210bd5ee886788512043/netty-transport-4.1.77.Final.jar:/Users/macbook/.gradle/caches/modules-2/files-2.1/io.netty/netty-buffer/4.1.77.Final/d97571f99e5e739d86824d0df99f35d295276b5f/netty-buffer-4.1.77.Final.jar:/Users/macbook/.gradle/caches/modules-2/files-2.1/io.netty/netty-resolver/4.1.77.Final/4a239dbf8d8bb5f98aa51462c35011c0516395fd/netty-resolver-4.1.77.Final.jar:/Users/macbook/.gradle/caches/modules-2/files-2.1/io.netty/netty-common/4.1.77.Final/ea0fc20f4e6178966b9d62017b7fcb83dfe0e713/netty-common-4.1.77.Final.jar:/Users/macbook/.gradle/caches/modules-2/files-2.1/io.opentelemetry/opentelemetry-exporter-logging/1.13.0/1d53b783d3f565606e19776a3411fb34fa642238/opentelemetry-exporter-logging-1.13.0.jar:/Users/macbook/.gradle/caches/modules-2/files-2.1/io.opentelemetry/opentelemetry-sdk-extension-autoconfigure/1.13.0-alpha/f01d20fb5b8a314c4ae69c34f1c2cbbe7c78c71f/opentelemetry-sdk-extension-autoconfigure-1.13.0-alpha.jar:/Users/macbook/.gradle/caches/modules-2/files-2.1/io.opentelemetry/opentelemetry-sdk-extension-autoconfigure-spi/1.13.0/5b9bdd69f54b28bb336516d05d08fc32c3b7448b/opentelemetry-sdk-extension-autoconfigure-spi-1.13.0.jar:/Users/macbook/.gradle/caches/modules-2/files-2.1/io.opentelemetry/opentelemetry-sdk/1.13.0/2b2a72c07c88b9df272c85c55f6b37b30ef88932/opentelemetry-sdk-1.13.0.jar:/Users/macbook/.gradle/caches/modules-2/files-2.1/io.opentelemetry/opentelemetry-sdk-trace/1.13.0/522d7bd82da2fbd53e782062d87e1d3872e196e5/opentelemetry-sdk-trace-1.13.0.jar:/Users/macbook/.gradle/caches/modules-2/files-2.1/io.opentelemetry/opentelemetry-sdk-metrics/1.13.0-alpha/231fbb2c38ed6456244948ae13221de21bd236e0/opentelemetry-sdk-metrics-1.13.0-alpha.jar:/Users/macbook/.gradle/caches/modules-2/files-2.1/io.opentelemetry/opentelemetry-sdk-logs/1.13.0-alpha/346a4cf9b4778ff97b2ecca28344ff2bccfca625/opentelemetry-sdk-logs-1.13.0-alpha.jar:/Users/macbook/.gradle/caches/modules-2/files-2.1/io.opentelemetry/opentelemetry-sdk-common/1.13.0/1da9c40ece22166bea9952b95b7e0295e2cdf944/opentelemetry-sdk-common-1.13.0.jar:/Users/macbook/.gradle/caches/modules-2/files-2.1/io.opentelemetry/opentelemetry-semconv/1.13.0-alpha/3fa7b8f67d9fb77cee450a2e0727e1978032d6ad/opentelemetry-semconv-1.13.0-alpha.jar:/Users/macbook/.gradle/caches/modules-2/files-2.1/io.opentelemetry/opentelemetry-api/1.13.0/558f0bc9bb80f639a6edf816872a4acb7edd2a88/opentelemetry-api-1.13.0.jar:/Users/macbook/.gradle/caches/modules-2/files-2.1/io.opentelemetry/opentelemetry-context/1.13.0/abb6a2c76fdf132724b3462d0b5ec0966892e0df/opentelemetry-context-1.13.0.jar:/Users/macbook/.gradle/caches/modules-2/files-2.1/io.ous/jtoml/2.0.0/2085505b2b173e14b2a7702edd703ce185fd6206/jtoml-2.0.0.jar:/Users/macbook/.gradle/caches/modules-2/files-2.1/net.bytebuddy/byte-buddy/1.12.9/424ded9ef3496b0d997ce066f2166a4f7ec7b07a/byte-buddy-1.12.9.jar:/Users/macbook/.gradle/caches/modules-2/files-2.1/org.apache.commons/commons-exec/1.3/8dfb9facd0830a27b1b5f29f84593f0aeee7773b/commons-exec-1.3.jar:/Users/macbook/.gradle/caches/modules-2/files-2.1/org.apache.httpcomponents.core5/httpcore5-h2/5.1.3/4664b59b09f5ee008e37a963bbb92f4068e91696/httpcore5-h2-5.1.3.jar:/Users/macbook/.gradle/caches/modules-2/files-2.1/org.apache.httpcomponents.core5/httpcore5/5.1.3/d1638d1e5f2793f187d4144c702a93524ba6fd3b/httpcore5-5.1.3.jar:/Users/macbook/.gradle/caches/modules-2/files-2.1/org.bouncycastle/bcpkix-jdk15on/1.70/f81e5af49571a9d5a109a88f239a73ce87055417/bcpkix-jdk15on-1.70.jar:/Users/macbook/.gradle/caches/modules-2/files-2.1/org.bouncycastle/bcutil-jdk15on/1.70/54280e7195a7430d7911ded93fc01e07300b9526/bcutil-jdk15on-1.70.jar:/Users/macbook/.gradle/caches/modules-2/files-2.1/org.bouncycastle/bcprov-jdk15on/1.70/4636a0d01f74acaf28082fb62b317f1080118371/bcprov-jdk15on-1.70.jar:/Users/macbook/.gradle/caches/modules-2/files-2.1/cglib/cglib/3.3.0/c956b9f9708af5901e9cf05701e9b2b1c25027cc/cglib-3.3.0.jar:/Users/macbook/.gradle/caches/modules-2/files-2.1/org.aspectj/aspectjweaver/1.9.8/860849bd5fbb047279d138006f0fe613bf00962/aspectjweaver-1.9.8.jar:/Users/macbook/.gradle/caches/modules-2/files-2.1/com.jcraft/jzlib/1.1.3/c01428efa717624f7aabf4df319939dda9646b2d/jzlib-1.1.3.jar:/Users/macbook/.gradle/caches/modules-2/files-2.1/com.squareup.okhttp3/okhttp/4.9.3/b0b14b3d12980912723fb8b66afb48dcda742fcb/okhttp-4.9.3.jar:/Users/macbook/.gradle/caches/modules-2/files-2.1/ru.qatools.commons/properties/2.0.RC5/9c90f0e4211aedcc39c18cd77b2268ddb6563bad/properties-2.0.RC5.jar:/Users/macbook/.gradle/caches/modules-2/files-2.1/com.github.baev/jaxb-utils/1.0/7463f66662f5bc4ea6e61de04bfccfafe6125d67/jaxb-utils-1.0.jar:/Users/macbook/.gradle/caches/modules-2/files-2.1/com.vladsch.flexmark/flexmark-util/0.62.2/6e38dcd6bb4ccfc13d513aaba350404977fa85bd/flexmark-util-0.62.2.jar:/Users/macbook/.gradle/caches/modules-2/files-2.1/com.vladsch.flexmark/flexmark-util-format/0.62.2/58548be1fc0682698721c0c278451a41f361d3a/flexmark-util-format-0.62.2.jar:/Users/macbook/.gradle/caches/modules-2/files-2.1/com.vladsch.flexmark/flexmark-util-ast/0.62.2/c0b998d5570295f104a4ffee4f8eec305d7db327/flexmark-util-ast-0.62.2.jar:/Users/macbook/.gradle/caches/modules-2/files-2.1/com.vladsch.flexmark/flexmark-util-builder/0.62.2/22c85efb51d4aa25540b8b0d880be7ad4a8baec1/flexmark-util-builder-0.62.2.jar:/Users/macbook/.gradle/caches/modules-2/files-2.1/com.vladsch.flexmark/flexmark-util-dependency/0.62.2/ae5afa76a669e06b3a65255c2ed775ede5cd3eb1/flexmark-util-dependency-0.62.2.jar:/Users/macbook/.gradle/caches/modules-2/files-2.1/com.vladsch.flexmark/flexmark-util-html/0.62.2/6d830cb37e48fd9dca44bf15fbc3a86aa7d82c5a/flexmark-util-html-0.62.2.jar:/Users/macbook/.gradle/caches/modules-2/files-2.1/com.vladsch.flexmark/flexmark-util-options/0.62.2/d871763fff2226c271cc3333e98729ce6211065c/flexmark-util-options-0.62.2.jar:/Users/macbook/.gradle/caches/modules-2/files-2.1/com.vladsch.flexmark/flexmark-util-sequence/0.62.2/87af2803a63b5b07cc42d9c1d98f8ecd4f83fbcc/flexmark-util-sequence-0.62.2.jar:/Users/macbook/.gradle/caches/modules-2/files-2.1/com.vladsch.flexmark/flexmark-util-collection/0.62.2/85253a62761533ce7709f81b0c581c8473f825ec/flexmark-util-collection-0.62.2.jar:/Users/macbook/.gradle/caches/modules-2/files-2.1/com.vladsch.flexmark/flexmark-util-data/0.62.2/2df8ce1abab2e40edc7d340962025ee1dd09fe02/flexmark-util-data-0.62.2.jar:/Users/macbook/.gradle/caches/modules-2/files-2.1/com.vladsch.flexmark/flexmark-util-misc/0.62.2/18133dd81887c512e2f56feb3c14a8a1210f30ea/flexmark-util-misc-0.62.2.jar:/Users/macbook/.gradle/caches/modules-2/files-2.1/com.vladsch.flexmark/flexmark-util-visitor/0.62.2/ca49bd94860a5ccedd82bde96ece831f16c66ff1/flexmark-util-visitor-0.62.2.jar:/Users/macbook/.gradle/caches/modules-2/files-2.1/com.fasterxml.woodstox/woodstox-core/6.2.7/86622cfd0a9933628b6b876d0c92589148d3b42e/woodstox-core-6.2.7.jar:/Users/macbook/.gradle/caches/modules-2/files-2.1/org.codehaus.woodstox/stax2-api/4.2.1/a3f7325c52240418c2ba257b103c3c550e140c83/stax2-api-4.2.1.jar:/Users/macbook/.gradle/caches/modules-2/files-2.1/org.yaml/snakeyaml/1.30/8fde7fe2586328ac3c68db92045e1c8759125000/snakeyaml-1.30.jar:/Users/macbook/.gradle/caches/modules-2/files-2.1/jakarta.xml.bind/jakarta.xml.bind-api/2.3.3/48e3b9cfc10752fba3521d6511f4165bea951801/jakarta.xml.bind-api-2.3.3.jar:/Users/macbook/.gradle/caches/modules-2/files-2.1/jakarta.activation/jakarta.activation-api/1.2.2/99f53adba383cb1bf7c3862844488574b559621f/jakarta.activation-api-1.2.2.jar:/Users/macbook/.gradle/caches/modules-2/files-2.1/net.minidev/accessors-smart/2.4.7/3970cfc505e6657ca60f3aa57c849f6043000d7a/accessors-smart-2.4.7.jar:/Users/macbook/.gradle/caches/modules-2/files-2.1/org.antlr/ST4/4.0.8/a1c55e974f8a94d78e2348fa6ff63f4fa1fae64/ST4-4.0.8.jar:/Users/macbook/.gradle/caches/modules-2/files-2.1/org.antlr/antlr4/4.5.1/19a08f261dc2b7e1bc58c8f1038f766dccade74c/antlr4-4.5.1.jar:/Users/macbook/.gradle/caches/modules-2/files-2.1/org.reactivestreams/reactive-streams/1.0.3/d9fb7a7926ffa635b3dcaa5049fb2bfa25b3e7d0/reactive-streams-1.0.3.jar:/Users/macbook/.gradle/caches/modules-2/files-2.1/com.sun.activation/jakarta.activation/1.2.2/74548703f9851017ce2f556066659438019e7eb5/jakarta.activation-1.2.2.jar:/Users/macbook/.gradle/caches/modules-2/files-2.1/dev.failsafe/failsafe/3.2.3/8e004e3b315d7eff434463942314900c3a43f821/failsafe-3.2.3.jar:/Users/macbook/.gradle/caches/modules-2/files-2.1/com.github.jai-imageio/jai-imageio-core/1.4.0/fb6d79b929556362a241b2f65a04e538062f0077/jai-imageio-core-1.4.0.jar:/Users/macbook/.gradle/caches/modules-2/files-2.1/io.netty/netty-codec-haproxy/4.1.77.Final/edb659ffd15d1418955162ad64a33afbebb14ec1/netty-codec-haproxy-4.1.77.Final.jar:/Users/macbook/.gradle/caches/modules-2/files-2.1/io.netty/netty-codec-http2/4.1.77.Final/9e58eeeacc74f8ad2b2acb240b1f01d2c40159d7/netty-codec-http2-4.1.77.Final.jar:/Users/macbook/.gradle/caches/modules-2/files-2.1/io.netty/netty-codec-memcache/4.1.77.Final/5c8ece9583530efd4cd2f1927407e2e5a9529c7/netty-codec-memcache-4.1.77.Final.jar:/Users/macbook/.gradle/caches/modules-2/files-2.1/io.netty/netty-codec-mqtt/4.1.77.Final/23c950e5cb1b6cbccc0b131a1adea658debc838/netty-codec-mqtt-4.1.77.Final.jar:/Users/macbook/.gradle/caches/modules-2/files-2.1/io.netty/netty-codec-redis/4.1.77.Final/a0f93e362d70eaf4fae201eef7f50e99a4d595d4/netty-codec-redis-4.1.77.Final.jar:/Users/macbook/.gradle/caches/modules-2/files-2.1/io.netty/netty-codec-smtp/4.1.77.Final/9d6ce2a17b4f39b0bc75c5cb00f75eb416f61177/netty-codec-smtp-4.1.77.Final.jar:/Users/macbook/.gradle/caches/modules-2/files-2.1/io.netty/netty-codec-stomp/4.1.77.Final/2c6209f93efd1e4274bcef909c811acd00f605d0/netty-codec-stomp-4.1.77.Final.jar:/Users/macbook/.gradle/caches/modules-2/files-2.1/io.netty/netty-codec-xml/4.1.77.Final/3c8bf6a7dc74f5c649c43adb5ef7f1337c3616c6/netty-codec-xml-4.1.77.Final.jar:/Users/macbook/.gradle/caches/modules-2/files-2.1/io.netty/netty-transport-rxtx/4.1.77.Final/1760ec139dea5d6421023867b9984f777636592b/netty-transport-rxtx-4.1.77.Final.jar:/Users/macbook/.gradle/caches/modules-2/files-2.1/io.netty/netty-transport-sctp/4.1.77.Final/fca40f6334a3b567b65f87080d1df6e419ff0933/netty-transport-sctp-4.1.77.Final.jar:/Users/macbook/.gradle/caches/modules-2/files-2.1/io.netty/netty-transport-udt/4.1.77.Final/c0a5981ee7e9e4bf02d0bbf9882edd31b4b278a2/netty-transport-udt-4.1.77.Final.jar:/Users/macbook/.gradle/caches/modules-2/files-2.1/com.barchart.udt/barchart-udt-bundle/2.3.0/3d1a29b2b08d20533ad08918411528dd1880515e/barchart-udt-bundle-2.3.0.jar:/Users/macbook/.gradle/caches/modules-2/files-2.1/org.ow2.asm/asm/9.1/a99500cf6eea30535eeac6be73899d048f8d12a8/asm-9.1.jar:/Users/macbook/.gradle/caches/modules-2/files-2.1/commons-digester/commons-digester/2.1/73a8001e7a54a255eef0f03521ec1805dc738ca0/commons-digester-2.1.jar:/Users/macbook/.gradle/caches/modules-2/files-2.1/commons-collections/commons-collections/3.2.2/8ad72fe39fa8c91eaaf12aadb21e0c3661fe26d5/commons-collections-3.2.2.jar:/Users/macbook/.gradle/caches/modules-2/files-2.1/com.squareup.okio/okio/2.8.0/49b64e09d81c0cc84b267edd0c2fd7df5a64c78c/okio-jvm-2.8.0.jar:/Users/macbook/.gradle/caches/modules-2/files-2.1/org.jetbrains.kotlin/kotlin-stdlib/1.4.10/ea29e063d2bbe695be13e9d044dcfb0c7add398e/kotlin-stdlib-1.4.10.jar:/Users/macbook/.gradle/caches/modules-2/files-2.1/org.jetbrains/annotations/15.0/d40ab99147584cf6cfb5245be67b3fee2c7220f9/annotations-15.0.jar:/Users/macbook/.gradle/caches/modules-2/files-2.1/org.antlr/antlr-runtime/3.5.2/cd9cd41361c155f3af0f653009dcecb08d8b4afd/antlr-runtime-3.5.2.jar:/Users/macbook/.gradle/caches/modules-2/files-2.1/org.jetbrains.kotlin/kotlin-stdlib-common/1.4.10/6229be3465805c99db1142ad75e6c6ddeac0b04c/kotlin-stdlib-common-1.4.10.jar
2022-05-31 22:54:51,956 [main] INFO  org.vividus.log.TestInfoLogger - java.class.version=61.0
2022-05-31 22:54:51,957 [main] INFO  org.vividus.log.TestInfoLogger - java.home=/Library/Java/JavaVirtualMachines/jdk-17.0.3.1.jdk/Contents/Home
2022-05-31 22:54:51,959 [main] INFO  org.vividus.log.TestInfoLogger - java.io.tmpdir=/var/folders/r3/thzlxrbx3dgdd324ms_dlxr00000gn/T/
2022-05-31 22:54:51,960 [main] INFO  org.vividus.log.TestInfoLogger - java.library.path=/Users/macbook/Library/Java/Extensions:/Library/Java/Extensions:/Network/Library/Java/Extensions:/System/Library/Java/Extensions:/usr/lib/java:.
2022-05-31 22:54:51,960 [main] INFO  org.vividus.log.TestInfoLogger - java.runtime.name=Java(TM) SE Runtime Environment
2022-05-31 22:54:51,960 [main] INFO  org.vividus.log.TestInfoLogger - java.runtime.version=17.0.3.1+2-LTS-6
2022-05-31 22:54:51,960 [main] INFO  org.vividus.log.TestInfoLogger - java.specification.name=Java Platform API Specification
2022-05-31 22:54:51,964 [main] INFO  org.vividus.log.TestInfoLogger - java.specification.vendor=Oracle Corporation
2022-05-31 22:54:51,965 [main] INFO  org.vividus.log.TestInfoLogger - java.specification.version=17
2022-05-31 22:54:51,965 [main] INFO  org.vividus.log.TestInfoLogger - java.vendor=Oracle Corporation
2022-05-31 22:54:51,965 [main] INFO  org.vividus.log.TestInfoLogger - java.vendor.url=https://java.oracle.com/
2022-05-31 22:54:51,965 [main] INFO  org.vividus.log.TestInfoLogger - java.vendor.url.bug=https://bugreport.java.com/bugreport/
2022-05-31 22:54:51,965 [main] INFO  org.vividus.log.TestInfoLogger - java.version=17.0.3.1
2022-05-31 22:54:51,965 [main] INFO  org.vividus.log.TestInfoLogger - java.version.date=2022-04-22
2022-05-31 22:54:51,965 [main] INFO  org.vividus.log.TestInfoLogger - java.vm.compressedOopsMode=Zero based
2022-05-31 22:54:51,966 [main] INFO  org.vividus.log.TestInfoLogger - java.vm.info=mixed mode, sharing
2022-05-31 22:54:51,966 [main] INFO  org.vividus.log.TestInfoLogger - java.vm.name=Java HotSpot(TM) 64-Bit Server VM
2022-05-31 22:54:51,966 [main] INFO  org.vividus.log.TestInfoLogger - java.vm.specification.name=Java Virtual Machine Specification
2022-05-31 22:54:51,966 [main] INFO  org.vividus.log.TestInfoLogger - java.vm.specification.vendor=Oracle Corporation
2022-05-31 22:54:51,966 [main] INFO  org.vividus.log.TestInfoLogger - java.vm.specification.version=17
2022-05-31 22:54:51,966 [main] INFO  org.vividus.log.TestInfoLogger - java.vm.vendor=Oracle Corporation
2022-05-31 22:54:51,966 [main] INFO  org.vividus.log.TestInfoLogger - java.vm.version=17.0.3.1+2-LTS-6
2022-05-31 22:54:51,966 [main] INFO  org.vividus.log.TestInfoLogger - jdk.debug=release
2022-05-31 22:54:51,966 [main] INFO  org.vividus.log.TestInfoLogger - line.separator=

2022-05-31 22:54:51,967 [main] INFO  org.vividus.log.TestInfoLogger - log4j.configurationFile=log4j2.xml
2022-05-31 22:54:51,967 [main] INFO  org.vividus.log.TestInfoLogger - native.encoding=UTF-8
2022-05-31 22:54:51,967 [main] INFO  org.vividus.log.TestInfoLogger - org.freemarker.loggerLibrary=SLF4J
2022-05-31 22:54:51,967 [main] INFO  org.vividus.log.TestInfoLogger - os.arch=x86_64
2022-05-31 22:54:51,967 [main] INFO  org.vividus.log.TestInfoLogger - os.name=Mac OS X
2022-05-31 22:54:51,967 [main] INFO  org.vividus.log.TestInfoLogger - os.version=12.3.1
2022-05-31 22:54:51,967 [main] INFO  org.vividus.log.TestInfoLogger - path.separator=:
2022-05-31 22:54:51,967 [main] INFO  org.vividus.log.TestInfoLogger - socksNonProxyHosts=local|*.local|169.254/16|*.169.254/16
2022-05-31 22:54:51,967 [main] INFO  org.vividus.log.TestInfoLogger - sun.arch.data.model=64
2022-05-31 22:54:51,968 [main] INFO  org.vividus.log.TestInfoLogger - sun.boot.library.path=/Library/Java/JavaVirtualMachines/jdk-17.0.3.1.jdk/Contents/Home/lib
2022-05-31 22:54:51,968 [main] INFO  org.vividus.log.TestInfoLogger - sun.cpu.endian=little
2022-05-31 22:54:51,968 [main] INFO  org.vividus.log.TestInfoLogger - sun.io.unicode.encoding=UnicodeBig
2022-05-31 22:54:51,968 [main] INFO  org.vividus.log.TestInfoLogger - sun.java.command=org.vividus.runner.StoriesRunner
2022-05-31 22:54:51,968 [main] INFO  org.vividus.log.TestInfoLogger - sun.java.launcher=SUN_STANDARD
2022-05-31 22:54:51,968 [main] INFO  org.vividus.log.TestInfoLogger - sun.jnu.encoding=UTF-8
2022-05-31 22:54:51,968 [main] INFO  org.vividus.log.TestInfoLogger - sun.management.compiler=HotSpot 64-Bit Tiered Compilers
2022-05-31 22:54:51,969 [main] INFO  org.vividus.log.TestInfoLogger - user.country=GE
2022-05-31 22:54:51,969 [main] INFO  org.vividus.log.TestInfoLogger - user.dir=/Users/macbook/task2
2022-05-31 22:54:51,969 [main] INFO  org.vividus.log.TestInfoLogger - user.home=/Users/macbook
2022-05-31 22:54:51,969 [main] INFO  org.vividus.log.TestInfoLogger - user.language=en
2022-05-31 22:54:51,969 [main] INFO  org.vividus.log.TestInfoLogger - user.name=macbook
2022-05-31 22:54:51,969 [main] INFO  org.vividus.log.TestInfoLogger - user.timezone=Asia/Tbilisi
2022-05-31 22:54:51,969 [main] INFO  org.vividus.log.TestInfoLogger - user.variant=
2022-05-31 22:54:51,969 [main] INFO  org.vividus.log.TestInfoLogger - vividus.output.directory=/Users/macbook/task2/output
2022-05-31 22:54:51,969 [main] INFO  org.vividus.log.TestInfoLogger - wdm.gitHubToken=****
2022-05-31 22:54:51,970 [main] INFO  org.vividus.log.TestInfoLogger - CLASSPATH=/Users/macbook/task2/output/classes/java/main:/Users/macbook/task2/output/resources/main:/Users/macbook/.gradle/caches/modules-2/files-2.1/org.vividus/vividus/0.4.9/38a7f0acc5351b754f02ee1f0fb34599e3fc2d5c/vividus-0.4.9.jar:/Users/macbook/.gradle/caches/modules-2/files-2.1/org.vividus/vividus-plugin-rest-api/0.4.9/c871f95680314eb9263cc31a3576a9a99226da97/vividus-plugin-rest-api-0.4.9.jar:/Users/macbook/.gradle/caches/modules-2/files-2.1/org.vividus/vividus-plugin-json/0.4.9/7101458590ab66cf91ad8aa6fa4116eb4415d6ad/vividus-plugin-json-0.4.9.jar:/Users/macbook/.gradle/caches/modules-2/files-2.1/org.vividus/vividus-plugin-visual/0.4.9/899f7d63616d2fee5ad47f5da2efb25ca394b0a8/vividus-plugin-visual-0.4.9.jar:/Users/macbook/.gradle/caches/modules-2/files-2.1/org.vividus/vividus-plugin-web-app/0.4.9/8bca40e6c11d6f1385d1b6dd0ae82027d0a1bfc3/vividus-plugin-web-app-0.4.9.jar:/Users/macbook/.gradle/caches/modules-2/files-2.1/org.vividus/vividus-allure-adaptor/0.4.9/9cb2f37a9ea692d70d95bab894d3e097223d44e/vividus-allure-adaptor-0.4.9.jar:/Users/macbook/.gradle/caches/modules-2/files-2.1/org.vividus/vividus-analytics/0.4.9/f3b7a380379535b5b88dc14483885e5159dd0dc7/vividus-analytics-0.4.9.jar:/Users/macbook/.gradle/caches/modules-2/files-2.1/org.vividus/vividus-extension-visual-testing/0.4.9/69af5609468b840050d737be193245467448cc7d/vividus-extension-visual-testing-0.4.9.jar:/Users/macbook/.gradle/caches/modules-2/files-2.1/org.vividus/vividus-extension-selenium/0.4.9/9750a4358f0aecc6464f412e2d057705b48a1e36/vividus-extension-selenium-0.4.9.jar:/Users/macbook/.gradle/caches/modules-2/files-2.1/org.vividus/vividus-soft-assert/0.4.9/79ed0b7d1eb11297c74b14dddb0c428399b9cb53/vividus-soft-assert-0.4.9.jar:/Users/macbook/.gradle/caches/modules-2/files-2.1/org.vividus/vividus-engine/0.4.9/7b0f9daf8e77f879eb78385b35c2f8b3da55c7f9/vividus-engine-0.4.9.jar:/Users/macbook/.gradle/caches/modules-2/files-2.1/org.vividus/vividus-http-client/0.4.9/2fbde53c7be43b43d61e263fa409ae441cff5bfb/vividus-http-client-0.4.9.jar:/Users/macbook/.gradle/caches/modules-2/files-2.1/org.vividus/vividus-reporter/0.4.9/7bb203af5de0c801da5d38374321c8d1ac3a626c/vividus-reporter-0.4.9.jar:/Users/macbook/.gradle/caches/modules-2/files-2.1/org.vividus/vividus-util/0.4.9/959eeb6f785817b3b3083d10b98931207d566c4c/vividus-util-0.4.9.jar:/Users/macbook/.gradle/caches/modules-2/files-2.1/com.github.valfirst.browserup-proxy/browserup-proxy-core/2.1.5/68bbd7a9d399656d812aefcbce8b20067da88fc6/browserup-proxy-core-2.1.5.jar:/Users/macbook/.gradle/caches/modules-2/files-2.1/com.github.valfirst.browserup-proxy/browserup-proxy-mitm/2.1.5/eb9a415c640e8d7a4d4434ea49b6e4a493908e78/browserup-proxy-mitm-2.1.5.jar:/Users/macbook/.gradle/caches/modules-2/files-2.1/org.slf4j/jcl-over-slf4j/2.0.0-alpha2/d19474caf00ebbbfb503c4cbef258edb8f31404d/jcl-over-slf4j-2.0.0-alpha2.jar:/Users/macbook/.gradle/caches/modules-2/files-2.1/org.slf4j/jul-to-slf4j/2.0.0-alpha2/f79c148a6d3ea4e8dad0dc6f369aef68dbd3cc23/jul-to-slf4j-2.0.0-alpha2.jar:/Users/macbook/.gradle/caches/modules-2/files-2.1/com.jayway.jsonpath/json-path-assert/2.7.0/df8959d2fd55d5d0367e75f8d563ad7220ccf70d/json-path-assert-2.7.0.jar:/Users/macbook/.gradle/caches/modules-2/files-2.1/io.qameta.allure/allure-generator/2.18.0/533b67460ca49c53a55f8582571f3ebef3785ea9/allure-generator-2.18.0.jar:/Users/macbook/.gradle/caches/modules-2/files-2.1/org.apache.tika/tika-core/2.4.0/97b2454943127857a8304319be658d6d7ff4fff1/tika-core-2.4.0.jar:/Users/macbook/.gradle/caches/modules-2/files-2.1/com.codeborne/selenide/6.5.0/2504e2f624d0f74d52385f9804fa0f80fd29ae09/selenide-6.5.0.jar:/Users/macbook/.gradle/caches/modules-2/files-2.1/com.codeborne/selenide-core/6.5.0/adc0aeafac7b3993f5a9d4f67d0064a283ae0bf1/selenide-core-6.5.0.jar:/Users/macbook/.gradle/caches/modules-2/files-2.1/io.github.bonigarcia/webdrivermanager/5.1.1/4be041d104ebe9ba84a4e7a111944a13d262400b/webdrivermanager-5.1.1.jar:/Users/macbook/.gradle/caches/modules-2/files-2.1/org.apache.logging.log4j/log4j-slf4j18-impl/2.17.2/79462d0451b93106225395b03362b1965984533b/log4j-slf4j18-impl-2.17.2.jar:/Users/macbook/.gradle/caches/modules-2/files-2.1/io.qameta.allure/allure-java-commons/2.18.0/20224c188a439a01eca65e45da5fed7eb1e5e048/allure-java-commons-2.18.0.jar:/Users/macbook/.gradle/caches/modules-2/files-2.1/io.qameta.allure/allure-plugin-api/2.18.0/a50bfd5a2afde4558975979f96bd1ff2b9d3ba6d/allure-plugin-api-2.18.0.jar:/Users/macbook/.gradle/caches/modules-2/files-2.1/com.jayway.jsonpath/json-path/2.7.0/f9d7d9659f2694e61142046ff8a216c047f263e8/json-path-2.7.0.jar:/Users/macbook/.gradle/caches/modules-2/files-2.1/org.apache.httpcomponents.client5/httpclient5/5.1.3/13c984b7b881afcff3a7f0bb95878724a48a4b66/httpclient5-5.1.3.jar:/Users/macbook/.gradle/caches/modules-2/files-2.1/io.appium/java-client/8.0.0/bd49469d8820f92f3b83e924862b4e83668408f8/java-client-8.0.0.jar:/Users/macbook/.gradle/caches/modules-2/files-2.1/org.allurefw/allure1-model/1.0/cfd4d328364a7736448e42f088b53b5b8fb1c09d/allure1-model-1.0.jar:/Users/macbook/.gradle/caches/modules-2/files-2.1/de.vandermeer/asciitable/0.3.2/96ee630413aa5a03ac5cbb34c79c95f91f417caa/asciitable-0.3.2.jar:/Users/macbook/.gradle/caches/modules-2/files-2.1/de.vandermeer/ascii-utf-themes/0.0.1/4e6354685bb4bf62742dd8f0bc2de338e048e978/ascii-utf-themes-0.0.1.jar:/Users/macbook/.gradle/caches/modules-2/files-2.1/de.vandermeer/char-translation/0.0.2/1f8a810c0b9a5b8269288b22f842b88b1262f238/char-translation-0.0.2.jar:/Users/macbook/.gradle/caches/modules-2/files-2.1/de.vandermeer/skb-interfaces/0.0.1/78940adb54f8dbcebb9b6166ebd0ff52ca124b32/skb-interfaces-0.0.1.jar:/Users/macbook/.gradle/caches/modules-2/files-2.1/org.seleniumhq.selenium/selenium-java/4.1.4/d1ff6102a8b23729b967406ea85f40fea5a2e970/selenium-java-4.1.4.jar:/Users/macbook/.gradle/caches/modules-2/files-2.1/org.seleniumhq.selenium/selenium-chrome-driver/4.1.4/68af859b6ebb156c53ab8e54c0f130a6813b4973/selenium-chrome-driver-4.1.4.jar:/Users/macbook/.gradle/caches/modules-2/files-2.1/org.seleniumhq.selenium/selenium-edge-driver/4.1.4/3f216e94ed0f71d4a96b4df0880cff1c194d9b02/selenium-edge-driver-4.1.4.jar:/Users/macbook/.gradle/caches/modules-2/files-2.1/org.seleniumhq.selenium/selenium-firefox-driver/4.1.4/eb04a522ccfd9e91f80a593dd07276f187a49bb/selenium-firefox-driver-4.1.4.jar:/Users/macbook/.gradle/caches/modules-2/files-2.1/org.seleniumhq.selenium/selenium-ie-driver/4.1.4/de2e3bfb254f1b0972b1026087fe5b6b6b0e2bed/selenium-ie-driver-4.1.4.jar:/Users/macbook/.gradle/caches/modules-2/files-2.1/org.seleniumhq.selenium/selenium-safari-driver/4.1.4/d882231dd0a27954a4c1ba627c28b5880edcc6e0/selenium-safari-driver-4.1.4.jar:/Users/macbook/.gradle/caches/modules-2/files-2.1/org.seleniumhq.selenium/selenium-opera-driver/4.1.4/515b2c05e90cd37952a626604cdb1fd1185d4760/selenium-opera-driver-4.1.4.jar:/Users/macbook/.gradle/caches/modules-2/files-2.1/org.seleniumhq.selenium/selenium-chromium-driver/4.1.4/963a217eed29f23fcf4ab6958ffb0bdb465c0997/selenium-chromium-driver-4.1.4.jar:/Users/macbook/.gradle/caches/modules-2/files-2.1/org.seleniumhq.selenium/selenium-devtools-v85/4.1.4/627f9ea27c505032abb04b480aed5462e3a24182/selenium-devtools-v85-4.1.4.jar:/Users/macbook/.gradle/caches/modules-2/files-2.1/org.seleniumhq.selenium/selenium-support/4.1.4/8aa95743eb0f5233e7f9634ee45dfbfd7d0ca9b1/selenium-support-4.1.4.jar:/Users/macbook/.gradle/caches/modules-2/files-2.1/ru.yandex.qatools.ashot/ashot/1.5.4/630e052b98de4f4f82c2d16d803d7b30f468853d/ashot-1.5.4.jar:/Users/macbook/.gradle/caches/modules-2/files-2.1/org.seleniumhq.selenium/selenium-devtools-v100/4.1.4/37837b48286353437adeaf084860a7adeb485782/selenium-devtools-v100-4.1.4.jar:/Users/macbook/.gradle/caches/modules-2/files-2.1/org.seleniumhq.selenium/selenium-devtools-v101/4.1.4/cad0f16567048d507d9ca1fa12176bfea8957575/selenium-devtools-v101-4.1.4.jar:/Users/macbook/.gradle/caches/modules-2/files-2.1/org.seleniumhq.selenium/selenium-devtools-v99/4.1.4/efbdac8d0865f10ad26e45533e46be766dedf980/selenium-devtools-v99-4.1.4.jar:/Users/macbook/.gradle/caches/modules-2/files-2.1/org.seleniumhq.selenium/selenium-remote-driver/4.1.4/dfe2fc3aeff186f9ae5d1f8b739a2d330b3e7b1c/selenium-remote-driver-4.1.4.jar:/Users/macbook/.gradle/caches/modules-2/files-2.1/org.asynchttpclient/async-http-client/2.12.3/6dfc91814cc8b3bc3327246d0e5df36911b9a623/async-http-client-2.12.3.jar:/Users/macbook/.gradle/caches/modules-2/files-2.1/xyz.rogfam/littleproxy/2.0.9/948fc7ecdf547c9656feffceb40b83b756c42e42/littleproxy-2.0.9.jar:/Users/macbook/.gradle/caches/modules-2/files-2.1/dnsjava/dnsjava/3.5.1/eaf35f867896a7dc9d6ba15899a3d7834e0e2abe/dnsjava-3.5.1.jar:/Users/macbook/.gradle/caches/modules-2/files-2.1/org.zeroturnaround/zt-exec/1.12/51a8d135518365a169a8c94e074c7eaaf864e147/zt-exec-1.12.jar:/Users/macbook/.gradle/caches/modules-2/files-2.1/org.asynchttpclient/async-http-client-netty-utils/2.12.3/ad99d8622931ed31367d0fef7fa17eb62e033fb3/async-http-client-netty-utils-2.12.3.jar:/Users/macbook/.gradle/caches/modules-2/files-2.1/org.slf4j/slf4j-api/2.0.0-alpha2/5822122019357edb9366f595f887ab77bab80b39/slf4j-api-2.0.0-alpha2.jar:/Users/macbook/.gradle/caches/modules-2/files-2.1/org.apache.logging.log4j/log4j-core/2.17.2/fa43ba4467f5300b16d1e0742934149bfc5ac564/log4j-core-2.17.2.jar:/Users/macbook/.gradle/caches/modules-2/files-2.1/org.apache.logging.log4j/log4j-api/2.17.2/f42d6afa111b4dec5d2aea0fe2197240749a4ea6/log4j-api-2.17.2.jar:/Users/macbook/.gradle/caches/modules-2/files-2.1/org.apache.groovy/groovy/4.0.2/56d3019114aea2658cb6bdbb1d9768feab9bccdd/groovy-4.0.2.jar:/Users/macbook/.gradle/caches/modules-2/files-2.1/org.vividus/jbehave-spring/5.0.0-alpha.26/8244d4aa86540b10fa36f4e622bf68c2baa86e78/jbehave-spring-5.0.0-alpha.26.jar:/Users/macbook/.gradle/caches/modules-2/files-2.1/org.springframework/spring-context/5.3.20/517a42165221ea944c8b794154c10b69c0128281/spring-context-5.3.20.jar:/Users/macbook/.gradle/caches/modules-2/files-2.1/javax.inject/javax.inject/1/6975da39a7040257bd51d21a231b76c915872d38/javax.inject-1.jar:/Users/macbook/.gradle/caches/modules-2/files-2.1/commons-cli/commons-cli/1.5.0/dc98be5d5390230684a092589d70ea76a147925c/commons-cli-1.5.0.jar:/Users/macbook/.gradle/caches/modules-2/files-2.1/org.jasypt/jasypt-spring4/1.9.3/1759d8d81852c7c05451c9d1126f394122ed22ef/jasypt-spring4-1.9.3.jar:/Users/macbook/.gradle/caches/modules-2/files-2.1/io.qameta.allure/allure-jsonunit/2.18.0/ae5ee2879d6c0810a3e3cc76ce189d18ba84c389/allure-jsonunit-2.18.0.jar:/Users/macbook/.gradle/caches/modules-2/files-2.1/org.vividus/jbehave-core/5.0.0-alpha.26/1aded394cc8e06d470a08aee13ace8f91a84750e/jbehave-core-5.0.0-alpha.26.jar:/Users/macbook/.gradle/caches/modules-2/files-2.1/com.opencsv/opencsv/4.6/b7ce164e9e75be4b5eb42fd89c9c53ebecea6729/opencsv-4.6.jar:/Users/macbook/.gradle/caches/modules-2/files-2.1/org.apache.commons/commons-text/1.9/ba6ac8c2807490944a0a27f6f8e68fb5ed2e80e2/commons-text-1.9.jar:/Users/macbook/.gradle/caches/modules-2/files-2.1/org.apache.commons/commons-lang3/3.12.0/c6842c86792ff03b9f1d1fe2aab8dc23aa6c6f0e/commons-lang3-3.12.0.jar:/Users/macbook/.gradle/caches/modules-2/files-2.1/com.flipkart.zjsonpatch/zjsonpatch/0.4.12/9783037290ba3b7e95e2e7b57183f159d6256271/zjsonpatch-0.4.12.jar:/Users/macbook/.gradle/caches/modules-2/files-2.1/org.apache.commons/commons-collections4/4.4/62ebe7544cb7164d87e0637a2a6a2bdc981395e8/commons-collections4-4.4.jar:/Users/macbook/.gradle/caches/modules-2/files-2.1/org.junit.platform/junit-platform-launcher/1.8.2/c334fcee82b81311ab5c426ec2d52d467c8d0b28/junit-platform-launcher-1.8.2.jar:/Users/macbook/.gradle/caches/modules-2/files-2.1/org.junit.jupiter/junit-jupiter/5.8.2/5a817b1e63f1217e5c586090c45e681281f097ad/junit-jupiter-5.8.2.jar:/Users/macbook/.gradle/caches/modules-2/files-2.1/org.junit.jupiter/junit-jupiter-engine/5.8.2/c598b4328d2f397194d11df3b1648d68d7d990e3/junit-jupiter-engine-5.8.2.jar:/Users/macbook/.gradle/caches/modules-2/files-2.1/org.junit.platform/junit-platform-engine/1.8.2/b737de09f19864bd136805c84df7999a142fec29/junit-platform-engine-1.8.2.jar:/Users/macbook/.gradle/caches/modules-2/files-2.1/org.junit.jupiter/junit-jupiter-params/5.8.2/ddeafe92fc263f895bfb73ffeca7fd56e23c2cce/junit-jupiter-params-5.8.2.jar:/Users/macbook/.gradle/caches/modules-2/files-2.1/org.junit.jupiter/junit-jupiter-api/5.8.2/4c21029217adf07e4c0d0c5e192b6bf610c94bdc/junit-jupiter-api-5.8.2.jar:/Users/macbook/.gradle/caches/modules-2/files-2.1/org.junit.platform/junit-platform-commons/1.8.2/32c8b8617c1342376fd5af2053da6410d8866861/junit-platform-commons-1.8.2.jar:/Users/macbook/.gradle/caches/modules-2/files-2.1/org.junit.vintage/junit-vintage-engine/5.8.2/64dde404f2db8b0e2ec6a53d31f4a076e298b1d1/junit-vintage-engine-5.8.2.jar:/Users/macbook/.gradle/caches/modules-2/files-2.1/junit/junit/4.13.2/8ac9e16d933b6fb43bc7f576336b8f4d7eb5ba12/junit-4.13.2.jar:/Users/macbook/.gradle/caches/modules-2/files-2.1/net.javacrumbs.json-unit/json-unit/2.35.0/36247fc5b6536b12233fc3c6be752d44d72e94/json-unit-2.35.0.jar:/Users/macbook/.gradle/caches/modules-2/files-2.1/net.javacrumbs.json-unit/json-unit-core/2.35.0/a03d04a57e261857ce265dac9cef0df771e16eb6/json-unit-core-2.35.0.jar:/Users/macbook/.gradle/caches/modules-2/files-2.1/org.hamcrest/hamcrest-core/2.2/3f2bd07716a31c395e2837254f37f21f0f0ab24b/hamcrest-core-2.2.jar:/Users/macbook/.gradle/caches/modules-2/files-2.1/org.awaitility/awaitility/4.2.0/2c39784846001a9cffd6c6b89c78de62c0d80fb8/awaitility-4.2.0.jar:/Users/macbook/.gradle/caches/modules-2/files-2.1/org.hamcrest/hamcrest/2.2/1820c0968dba3a11a1b30669bb1f01978a91dedc/hamcrest-2.2.jar:/Users/macbook/.gradle/caches/modules-2/files-2.1/com.google.auto.service/auto-service/1.0.1/c9779f7372192a96c957a3df1faeeabd07881085/auto-service-1.0.1.jar:/Users/macbook/.gradle/caches/modules-2/files-2.1/com.google.auto/auto-common/1.2/ca270191fd7d2a7297da7c8f29184206df10c67d/auto-common-1.2.jar:/Users/macbook/.gradle/caches/modules-2/files-2.1/org.seleniumhq.selenium/selenium-http/4.1.4/3d291d9f6749990ae543e49636d41ffd7108be16/selenium-http-4.1.4.jar:/Users/macbook/.gradle/caches/modules-2/files-2.1/com.google.guava/guava/31.1-jre/60458f877d055d0c9114d9e1a2efb737b4bc282c/guava-31.1-jre.jar:/Users/macbook/.gradle/caches/modules-2/files-2.1/io.github.classgraph/classgraph/4.8.137/41692ccaf4e46e5cc10be225dd04104aa59b9d94/classgraph-4.8.137.jar:/Users/macbook/.gradle/caches/modules-2/files-2.1/io.github.java-diff-utils/java-diff-utils/4.11/e674e7408acefe082e7421d37f5d866e49dc468f/java-diff-utils-4.11.jar:/Users/macbook/.gradle/caches/modules-2/files-2.1/org.apache.commons/commons-jexl3/3.2.1/e138026048758e4f92b0e1e9e0c8e496ddc1fd61/commons-jexl3-3.2.1.jar:/Users/macbook/.gradle/caches/modules-2/files-2.1/net.datafaker/datafaker/1.3.0/edf60689c387d3312b23ec59ec689916b0106b16/datafaker-1.3.0.jar:/Users/macbook/.gradle/caches/modules-2/files-2.1/org.vividus/vividus-test-context/0.4.9/173dd04299405221ac686630c38c46e0474bd105/vividus-test-context-0.4.9.jar:/Users/macbook/.gradle/caches/modules-2/files-2.1/org.apache.httpcomponents/httpmime/4.5.13/efc110bad4a0d45cda7858e6beee1d8a8313da5a/httpmime-4.5.13.jar:/Users/macbook/.gradle/caches/modules-2/files-2.1/org.springframework/spring-web/5.3.20/3c2fe9363760d62d5b7c9f087bb4255e3377a0b2/spring-web-5.3.20.jar:/Users/macbook/.gradle/caches/modules-2/files-2.1/io.qameta.allure.plugins/behaviors-plugin/2.18.0/a0a760090bf7bf67d71150461ea4c14a9590eedd/behaviors-plugin-2.18.0.jar:/Users/macbook/.gradle/caches/modules-2/files-2.1/org.springframework/spring-aop/5.3.20/c82f17997ab18ecafa8d08ce34a7c7aa4a04ef9e/spring-aop-5.3.20.jar:/Users/macbook/.gradle/caches/modules-2/files-2.1/org.springframework/spring-beans/5.3.20/ab88bd9e3a8307f5c0516c15d295c88ec318659/spring-beans-5.3.20.jar:/Users/macbook/.gradle/caches/modules-2/files-2.1/org.springframework/spring-expression/5.3.20/20e179f0dfabf0a46428f22c2150c9c4850fd15d/spring-expression-5.3.20.jar:/Users/macbook/.gradle/caches/modules-2/files-2.1/org.springframework/spring-core/5.3.20/4b88aa3c401ede3d6c8ac78ea0c646cf326ec24b/spring-core-5.3.20.jar:/Users/macbook/.gradle/caches/modules-2/files-2.1/javax.xml.bind/jaxb-api/2.3.1/8531ad5ac454cc2deb9d4d32c40c4d7451939b5d/jaxb-api-2.3.1.jar:/Users/macbook/.gradle/caches/modules-2/files-2.1/com.fasterxml.jackson.dataformat/jackson-dataformat-xml/2.13.3/ec52dc41977a927a6ff175042576d716cd55c7c5/jackson-dataformat-xml-2.13.3.jar:/Users/macbook/.gradle/caches/modules-2/files-2.1/com.fasterxml.jackson.dataformat/jackson-dataformat-yaml/2.13.3/9363ded5441b1fee62d5be0604035690ca759a2a/jackson-dataformat-yaml-2.13.3.jar:/Users/macbook/.gradle/caches/modules-2/files-2.1/com.fasterxml.jackson.datatype/jackson-datatype-jdk8/2.13.3/d4884595d5aab5babdb00ddbd693b8fd36b5ec3c/jackson-datatype-jdk8-2.13.3.jar:/Users/macbook/.gradle/caches/modules-2/files-2.1/com.fasterxml.jackson.datatype/jackson-datatype-jsr310/2.13.3/ad2f4c61aeb9e2a8bb5e4a3ed782cfddec52d972/jackson-datatype-jsr310-2.13.3.jar:/Users/macbook/.gradle/caches/modules-2/files-2.1/com.fasterxml.jackson.module/jackson-module-jaxb-annotations/2.13.3/1dba7b89605c64026f60ccf1116d3766039fcab0/jackson-module-jaxb-annotations-2.13.3.jar:/Users/macbook/.gradle/caches/modules-2/files-2.1/com.fasterxml.jackson.core/jackson-databind/2.13.3/56deb9ea2c93a7a556b3afbedd616d342963464e/jackson-databind-2.13.3.jar:/Users/macbook/.gradle/caches/modules-2/files-2.1/com.fasterxml.jackson.core/jackson-core/2.13.3/a27014716e4421684416e5fa83d896ddb87002da/jackson-core-2.13.3.jar:/Users/macbook/.gradle/caches/modules-2/files-2.1/com.fasterxml.jackson.core/jackson-annotations/2.13.3/7198b3aac15285a49e218e08441c5f70af00fc51/jackson-annotations-2.13.3.jar:/Users/macbook/.gradle/caches/modules-2/files-2.1/com.fasterxml.jackson.dataformat/jackson-dataformat-properties/2.13.3/1f2824ed336013669df33e2b5045fce3041f91a4/jackson-dataformat-properties-2.13.3.jar:/Users/macbook/.gradle/caches/modules-2/files-2.1/io.qameta.allure/allure-model/2.18.0/4ad6073747a833a72428aa7b8eee75b61cc6802d/allure-model-2.18.0.jar:/Users/macbook/.gradle/caches/modules-2/files-2.1/commons-io/commons-io/2.11.0/a2503f302b11ebde7ebc3df41daebe0e4eea3689/commons-io-2.11.0.jar:/Users/macbook/.gradle/caches/modules-2/files-2.1/org.apache.commons/commons-pool2/2.11.1/8970fd110c965f285ed4c6e40be7630c62db6f68/commons-pool2-2.11.1.jar:/Users/macbook/.gradle/caches/modules-2/files-2.1/org.freemarker/freemarker/2.3.31/cd4fc0942b4a8bdb19f3b669aa42136fb54feb55/freemarker-2.3.31.jar:/Users/macbook/.gradle/caches/modules-2/files-2.1/org.jasypt/jasypt/1.9.3/d99ef9540f51c617f2a293b460f025d2ee563dd/jasypt-1.9.3.jar:/Users/macbook/.gradle/caches/modules-2/files-2.1/com.google.guava/failureaccess/1.0.1/1dcf1de382a0bf95a3d8b0849546c88bac1292c9/failureaccess-1.0.1.jar:/Users/macbook/.gradle/caches/modules-2/files-2.1/com.google.guava/listenablefuture/9999.0-empty-to-avoid-conflict-with-guava/b421526c5f297295adef1c886e5246c39d4ac629/listenablefuture-9999.0-empty-to-avoid-conflict-with-guava.jar:/Users/macbook/.gradle/caches/modules-2/files-2.1/com.google.code.findbugs/jsr305/3.0.2/25ea2e8b0c338a877313bd4672d3fe056ea78f0d/jsr305-3.0.2.jar:/Users/macbook/.gradle/caches/modules-2/files-2.1/org.checkerframework/checker-qual/3.12.0/d5692f0526415fcc6de94bb5bfbd3afd9dd3b3e5/checker-qual-3.12.0.jar:/Users/macbook/.gradle/caches/modules-2/files-2.1/com.google.errorprone/error_prone_annotations/2.11.0/c5a0ace696d3f8b1c1d8cc036d8c03cc0cbe6b69/error_prone_annotations-2.11.0.jar:/Users/macbook/.gradle/caches/modules-2/files-2.1/com.google.j2objc/j2objc-annotations/1.3/ba035118bc8bac37d7eff77700720999acd9986d/j2objc-annotations-1.3.jar:/Users/macbook/.gradle/caches/modules-2/files-2.1/com.github.mifmif/generex/1.0.2/b378f873b4e8d7616c3d920e2132cb1c87679600/generex-1.0.2.jar:/Users/macbook/.gradle/caches/modules-2/files-2.1/org.apache.httpcomponents/httpclient/4.5.13/e5f6cae5ca7ecaac1ec2827a9e2d65ae2869cada/httpclient-4.5.13.jar:/Users/macbook/.gradle/caches/modules-2/files-2.1/com.google.auto.service/auto-service-annotations/1.0.1/ac86dacc0eb9285ea9d42eee6aad8629ca3a7432/auto-service-annotations-1.0.1.jar:/Users/macbook/.gradle/caches/modules-2/files-2.1/org.seleniumhq.selenium/selenium-json/4.1.4/d6b50de970b3cf420fdd58b656c500745202da85/selenium-json-4.1.4.jar:/Users/macbook/.gradle/caches/modules-2/files-2.1/org.seleniumhq.selenium/selenium-api/4.1.4/b246fcd2411c2c9b7209077d9b47971ef9d4fefd/selenium-api-4.1.4.jar:/Users/macbook/.gradle/caches/modules-2/files-2.1/com.google.code.gson/gson/2.9.0/8a1167e089096758b49f9b34066ef98b2f4b37aa/gson-2.9.0.jar:/Users/macbook/.gradle/caches/modules-2/files-2.1/org.brotli/dec/0.1.2/c26a897ae0d524809eef1c786cc6183b4ddcc3b/dec-0.1.2.jar:/Users/macbook/.gradle/caches/modules-2/files-2.1/com.google.zxing/javase/3.5.0/8d18b81e6bf1c783166387c1b077ec2a13f01818/javase-3.5.0.jar:/Users/macbook/.gradle/caches/modules-2/files-2.1/com.google.zxing/core/3.5.0/43cad2dc52f93c72e21ba4bd0a9244f04bb51fad/core-3.5.0.jar:/Users/macbook/.gradle/caches/modules-2/files-2.1/com.vladsch.flexmark/flexmark-ext-tables/0.62.2/c95068a1450835c2695750ece82c996a7b57bbd3/flexmark-ext-tables-0.62.2.jar:/Users/macbook/.gradle/caches/modules-2/files-2.1/com.vladsch.flexmark/flexmark/0.62.2/606a88e1d15aa8debd97cb5dfdf788ddc6fb5b5e/flexmark-0.62.2.jar:/Users/macbook/.gradle/caches/modules-2/files-2.1/org.springframework/spring-jcl/5.3.20/35119231d09863699567ce579c21512ddcbc5407/spring-jcl-5.3.20.jar:/Users/macbook/.gradle/caches/modules-2/files-2.1/javax.activation/javax.activation-api/1.2.0/85262acf3ca9816f9537ca47d5adeabaead7cb16/javax.activation-api-1.2.0.jar:/Users/macbook/.gradle/caches/modules-2/files-2.1/net.minidev/json-smart/2.4.7/8d7f4c1530c07c54930935f3da85f48b83b3c109/json-smart-2.4.7.jar:/Users/macbook/.gradle/caches/modules-2/files-2.1/dk.brics.automaton/automaton/1.11-8/6ebfa65eb431ff4b715a23be7a750cbc4cc96d0f/automaton-1.11-8.jar:/Users/macbook/.gradle/caches/modules-2/files-2.1/org.codehaus.plexus/plexus-utils/3.4.1/4de9992988c534efd668bfcca0480ebe13e0c0eb/plexus-utils-3.4.1.jar:/Users/macbook/.gradle/caches/modules-2/files-2.1/com.thoughtworks.paranamer/paranamer/2.8/619eba74c19ccf1da8ebec97a2d7f8ba05773dd6/paranamer-2.8.jar:/Users/macbook/.gradle/caches/modules-2/files-2.1/org.apache.httpcomponents/httpcore/4.4.13/853b96d3afbb7bf8cc303fe27ee96836a10c1834/httpcore-4.4.13.jar:/Users/macbook/.gradle/caches/modules-2/files-2.1/commons-validator/commons-validator/1.7/76069c915de3787f3ddd8726a56f47a95bfcbb0e/commons-validator-1.7.jar:/Users/macbook/.gradle/caches/modules-2/files-2.1/commons-beanutils/commons-beanutils/1.9.4/d52b9abcd97f38c81342bb7e7ae1eee9b73cba51/commons-beanutils-1.9.4.jar:/Users/macbook/.gradle/caches/modules-2/files-2.1/commons-logging/commons-logging/1.2/4bfc12adfe4842bf07b657f0369c4cb522955686/commons-logging-1.2.jar:/Users/macbook/.gradle/caches/modules-2/files-2.1/commons-codec/commons-codec/1.15/49d94806b6e3dc933dacbd8acb0fdbab8ebd1e5d/commons-codec-1.15.jar:/Users/macbook/.gradle/caches/modules-2/files-2.1/commons-lang/commons-lang/2.6/ce1edb914c94ebc388f086c6827e8bdeec71ac2/commons-lang-2.6.jar:/Users/macbook/.gradle/caches/modules-2/files-2.1/org.apache.commons/commons-compress/1.21/4ec95b60d4e86b5c95a0e919cb172a0af98011ef/commons-compress-1.21.jar:/Users/macbook/.gradle/caches/modules-2/files-2.1/org.opentest4j/opentest4j/1.2.0/28c11eb91f9b6d8e200631d46e20a7f407f2a046/opentest4j-1.2.0.jar:/Users/macbook/.gradle/caches/modules-2/files-2.1/com.beust/jcommander/1.82/a7c5fef184d238065de38f81bbc6ee50cca2e21/jcommander-1.82.jar:/Users/macbook/.gradle/caches/modules-2/files-2.1/io.netty/netty-all/4.1.77.Final/4479b91838a2e5fcbc0fc8c1829182451573eba/netty-all-4.1.77.Final.jar:/Users/macbook/.gradle/caches/modules-2/files-2.1/com.typesafe.netty/netty-reactive-streams/2.0.4/f77c8eaa7d5e2f2160b6d21ba385cf726f164b2/netty-reactive-streams-2.0.4.jar:/Users/macbook/.gradle/caches/modules-2/files-2.1/io.netty/netty-handler-proxy/4.1.77.Final/d1ac0d95b770098c46b6679fbfd417ae277012d4/netty-handler-proxy-4.1.77.Final.jar:/Users/macbook/.gradle/caches/modules-2/files-2.1/io.netty/netty-codec-http/4.1.77.Final/c5ac5afa9af5b4dc0e8bdbfd686979af77ebdb3c/netty-codec-http-4.1.77.Final.jar:/Users/macbook/.gradle/caches/modules-2/files-2.1/io.netty/netty-resolver-dns-native-macos/4.1.77.Final/ba23bed7fd221158b5064096f9f8e286b190250c/netty-resolver-dns-native-macos-4.1.77.Final-osx-x86_64.jar:/Users/macbook/.gradle/caches/modules-2/files-2.1/io.netty/netty-resolver-dns-native-macos/4.1.77.Final/edfd4aea54326ee6b834d403e45bb89634dfaaf2/netty-resolver-dns-native-macos-4.1.77.Final-osx-aarch_64.jar:/Users/macbook/.gradle/caches/modules-2/files-2.1/io.netty/netty-resolver-dns-classes-macos/4.1.77.Final/60a6b7a3d81982bcf98db89c20b04f870d2d5ea0/netty-resolver-dns-classes-macos-4.1.77.Final.jar:/Users/macbook/.gradle/caches/modules-2/files-2.1/io.netty/netty-resolver-dns/4.1.77.Final/aad506ab6804e2720771634e2de2a065fa678126/netty-resolver-dns-4.1.77.Final.jar:/Users/macbook/.gradle/caches/modules-2/files-2.1/io.netty/netty-handler/4.1.77.Final/47a81089de03635a27f509f3e4e13386ae1db275/netty-handler-4.1.77.Final.jar:/Users/macbook/.gradle/caches/modules-2/files-2.1/io.netty/netty-codec-socks/4.1.77.Final/17bb510aa545fc73a18ab804c594593e32de1a1d/netty-codec-socks-4.1.77.Final.jar:/Users/macbook/.gradle/caches/modules-2/files-2.1/io.netty/netty-transport-native-epoll/4.1.77.Final/272f94f6ff601d2d2d88836d484044d5de6ab5ac/netty-transport-native-epoll-4.1.77.Final.jar:/Users/macbook/.gradle/caches/modules-2/files-2.1/io.netty/netty-transport-native-epoll/4.1.77.Final/8d10e9e138dac52172dd83229bdc89197100c723/netty-transport-native-epoll-4.1.77.Final-linux-x86_64.jar:/Users/macbook/.gradle/caches/modules-2/files-2.1/io.netty/netty-transport-native-epoll/4.1.77.Final/5f051599ced83e119ddeda891f471c0613721e5c/netty-transport-native-epoll-4.1.77.Final-linux-aarch_64.jar:/Users/macbook/.gradle/caches/modules-2/files-2.1/io.netty/netty-transport-classes-epoll/4.1.77.Final/dd70dbccbcf98382223a59044f3c08d8e9920cad/netty-transport-classes-epoll-4.1.77.Final.jar:/Users/macbook/.gradle/caches/modules-2/files-2.1/io.netty/netty-transport-native-kqueue/4.1.77.Final/6cad40f7c59152dccb9b21f32171c00d03be4fde/netty-transport-native-kqueue-4.1.77.Final.jar:/Users/macbook/.gradle/caches/modules-2/files-2.1/io.netty/netty-transport-native-kqueue/4.1.77.Final/a5b9f6713bbfacccbaef27a567deb571222da723/netty-transport-native-kqueue-4.1.77.Final-osx-x86_64.jar:/Users/macbook/.gradle/caches/modules-2/files-2.1/io.netty/netty-transport-native-kqueue/4.1.77.Final/1e3afd165dbde85b536dfbbd48b96d65fd1f5405/netty-transport-native-kqueue-4.1.77.Final-osx-aarch_64.jar:/Users/macbook/.gradle/caches/modules-2/files-2.1/io.netty/netty-transport-classes-kqueue/4.1.77.Final/d82618d83946911d0550fcccc87f18de85d7ade9/netty-transport-classes-kqueue-4.1.77.Final.jar:/Users/macbook/.gradle/caches/modules-2/files-2.1/io.netty/netty-transport-native-unix-common/4.1.77.Final/c95d53486414b3270d08057957c5da8e0c37e4eb/netty-transport-native-unix-common-4.1.77.Final.jar:/Users/macbook/.gradle/caches/modules-2/files-2.1/io.netty/netty-codec-dns/4.1.77.Final/a0a9bc85703efbab626fb8642e08e221b59dc604/netty-codec-dns-4.1.77.Final.jar:/Users/macbook/.gradle/caches/modules-2/files-2.1/io.netty/netty-codec/4.1.77.Final/4efc5f59335301d6ba0d7cd31dd10651119b03c8/netty-codec-4.1.77.Final.jar:/Users/macbook/.gradle/caches/modules-2/files-2.1/io.netty/netty-transport/4.1.77.Final/2a3373bbd20d520c821f210bd5ee886788512043/netty-transport-4.1.77.Final.jar:/Users/macbook/.gradle/caches/modules-2/files-2.1/io.netty/netty-buffer/4.1.77.Final/d97571f99e5e739d86824d0df99f35d295276b5f/netty-buffer-4.1.77.Final.jar:/Users/macbook/.gradle/caches/modules-2/files-2.1/io.netty/netty-resolver/4.1.77.Final/4a239dbf8d8bb5f98aa51462c35011c0516395fd/netty-resolver-4.1.77.Final.jar:/Users/macbook/.gradle/caches/modules-2/files-2.1/io.netty/netty-common/4.1.77.Final/ea0fc20f4e6178966b9d62017b7fcb83dfe0e713/netty-common-4.1.77.Final.jar:/Users/macbook/.gradle/caches/modules-2/files-2.1/io.opentelemetry/opentelemetry-exporter-logging/1.13.0/1d53b783d3f565606e19776a3411fb34fa642238/opentelemetry-exporter-logging-1.13.0.jar:/Users/macbook/.gradle/caches/modules-2/files-2.1/io.opentelemetry/opentelemetry-sdk-extension-autoconfigure/1.13.0-alpha/f01d20fb5b8a314c4ae69c34f1c2cbbe7c78c71f/opentelemetry-sdk-extension-autoconfigure-1.13.0-alpha.jar:/Users/macbook/.gradle/caches/modules-2/files-2.1/io.opentelemetry/opentelemetry-sdk-extension-autoconfigure-spi/1.13.0/5b9bdd69f54b28bb336516d05d08fc32c3b7448b/opentelemetry-sdk-extension-autoconfigure-spi-1.13.0.jar:/Users/macbook/.gradle/caches/modules-2/files-2.1/io.opentelemetry/opentelemetry-sdk/1.13.0/2b2a72c07c88b9df272c85c55f6b37b30ef88932/opentelemetry-sdk-1.13.0.jar:/Users/macbook/.gradle/caches/modules-2/files-2.1/io.opentelemetry/opentelemetry-sdk-trace/1.13.0/522d7bd82da2fbd53e782062d87e1d3872e196e5/opentelemetry-sdk-trace-1.13.0.jar:/Users/macbook/.gradle/caches/modules-2/files-2.1/io.opentelemetry/opentelemetry-sdk-metrics/1.13.0-alpha/231fbb2c38ed6456244948ae13221de21bd236e0/opentelemetry-sdk-metrics-1.13.0-alpha.jar:/Users/macbook/.gradle/caches/modules-2/files-2.1/io.opentelemetry/opentelemetry-sdk-logs/1.13.0-alpha/346a4cf9b4778ff97b2ecca28344ff2bccfca625/opentelemetry-sdk-logs-1.13.0-alpha.jar:/Users/macbook/.gradle/caches/modules-2/files-2.1/io.opentelemetry/opentelemetry-sdk-common/1.13.0/1da9c40ece22166bea9952b95b7e0295e2cdf944/opentelemetry-sdk-common-1.13.0.jar:/Users/macbook/.gradle/caches/modules-2/files-2.1/io.opentelemetry/opentelemetry-semconv/1.13.0-alpha/3fa7b8f67d9fb77cee450a2e0727e1978032d6ad/opentelemetry-semconv-1.13.0-alpha.jar:/Users/macbook/.gradle/caches/modules-2/files-2.1/io.opentelemetry/opentelemetry-api/1.13.0/558f0bc9bb80f639a6edf816872a4acb7edd2a88/opentelemetry-api-1.13.0.jar:/Users/macbook/.gradle/caches/modules-2/files-2.1/io.opentelemetry/opentelemetry-context/1.13.0/abb6a2c76fdf132724b3462d0b5ec0966892e0df/opentelemetry-context-1.13.0.jar:/Users/macbook/.gradle/caches/modules-2/files-2.1/io.ous/jtoml/2.0.0/2085505b2b173e14b2a7702edd703ce185fd6206/jtoml-2.0.0.jar:/Users/macbook/.gradle/caches/modules-2/files-2.1/net.bytebuddy/byte-buddy/1.12.9/424ded9ef3496b0d997ce066f2166a4f7ec7b07a/byte-buddy-1.12.9.jar:/Users/macbook/.gradle/caches/modules-2/files-2.1/org.apache.commons/commons-exec/1.3/8dfb9facd0830a27b1b5f29f84593f0aeee7773b/commons-exec-1.3.jar:/Users/macbook/.gradle/caches/modules-2/files-2.1/org.apache.httpcomponents.core5/httpcore5-h2/5.1.3/4664b59b09f5ee008e37a963bbb92f4068e91696/httpcore5-h2-5.1.3.jar:/Users/macbook/.gradle/caches/modules-2/files-2.1/org.apache.httpcomponents.core5/httpcore5/5.1.3/d1638d1e5f2793f187d4144c702a93524ba6fd3b/httpcore5-5.1.3.jar:/Users/macbook/.gradle/caches/modules-2/files-2.1/org.bouncycastle/bcpkix-jdk15on/1.70/f81e5af49571a9d5a109a88f239a73ce87055417/bcpkix-jdk15on-1.70.jar:/Users/macbook/.gradle/caches/modules-2/files-2.1/org.bouncycastle/bcutil-jdk15on/1.70/54280e7195a7430d7911ded93fc01e07300b9526/bcutil-jdk15on-1.70.jar:/Users/macbook/.gradle/caches/modules-2/files-2.1/org.bouncycastle/bcprov-jdk15on/1.70/4636a0d01f74acaf28082fb62b317f1080118371/bcprov-jdk15on-1.70.jar:/Users/macbook/.gradle/caches/modules-2/files-2.1/cglib/cglib/3.3.0/c956b9f9708af5901e9cf05701e9b2b1c25027cc/cglib-3.3.0.jar:/Users/macbook/.gradle/caches/modules-2/files-2.1/org.aspectj/aspectjweaver/1.9.8/860849bd5fbb047279d138006f0fe613bf00962/aspectjweaver-1.9.8.jar:/Users/macbook/.gradle/caches/modules-2/files-2.1/com.jcraft/jzlib/1.1.3/c01428efa717624f7aabf4df319939dda9646b2d/jzlib-1.1.3.jar:/Users/macbook/.gradle/caches/modules-2/files-2.1/com.squareup.okhttp3/okhttp/4.9.3/b0b14b3d12980912723fb8b66afb48dcda742fcb/okhttp-4.9.3.jar:/Users/macbook/.gradle/caches/modules-2/files-2.1/ru.qatools.commons/properties/2.0.RC5/9c90f0e4211aedcc39c18cd77b2268ddb6563bad/properties-2.0.RC5.jar:/Users/macbook/.gradle/caches/modules-2/files-2.1/com.github.baev/jaxb-utils/1.0/7463f66662f5bc4ea6e61de04bfccfafe6125d67/jaxb-utils-1.0.jar:/Users/macbook/.gradle/caches/modules-2/files-2.1/com.vladsch.flexmark/flexmark-util/0.62.2/6e38dcd6bb4ccfc13d513aaba350404977fa85bd/flexmark-util-0.62.2.jar:/Users/macbook/.gradle/caches/modules-2/files-2.1/com.vladsch.flexmark/flexmark-util-format/0.62.2/58548be1fc0682698721c0c278451a41f361d3a/flexmark-util-format-0.62.2.jar:/Users/macbook/.gradle/caches/modules-2/files-2.1/com.vladsch.flexmark/flexmark-util-ast/0.62.2/c0b998d5570295f104a4ffee4f8eec305d7db327/flexmark-util-ast-0.62.2.jar:/Users/macbook/.gradle/caches/modules-2/files-2.1/com.vladsch.flexmark/flexmark-util-builder/0.62.2/22c85efb51d4aa25540b8b0d880be7ad4a8baec1/flexmark-util-builder-0.62.2.jar:/Users/macbook/.gradle/caches/modules-2/files-2.1/com.vladsch.flexmark/flexmark-util-dependency/0.62.2/ae5afa76a669e06b3a65255c2ed775ede5cd3eb1/flexmark-util-dependency-0.62.2.jar:/Users/macbook/.gradle/caches/modules-2/files-2.1/com.vladsch.flexmark/flexmark-util-html/0.62.2/6d830cb37e48fd9dca44bf15fbc3a86aa7d82c5a/flexmark-util-html-0.62.2.jar:/Users/macbook/.gradle/caches/modules-2/files-2.1/com.vladsch.flexmark/flexmark-util-options/0.62.2/d871763fff2226c271cc3333e98729ce6211065c/flexmark-util-options-0.62.2.jar:/Users/macbook/.gradle/caches/modules-2/files-2.1/com.vladsch.flexmark/flexmark-util-sequence/0.62.2/87af2803a63b5b07cc42d9c1d98f8ecd4f83fbcc/flexmark-util-sequence-0.62.2.jar:/Users/macbook/.gradle/caches/modules-2/files-2.1/com.vladsch.flexmark/flexmark-util-collection/0.62.2/85253a62761533ce7709f81b0c581c8473f825ec/flexmark-util-collection-0.62.2.jar:/Users/macbook/.gradle/caches/modules-2/files-2.1/com.vladsch.flexmark/flexmark-util-data/0.62.2/2df8ce1abab2e40edc7d340962025ee1dd09fe02/flexmark-util-data-0.62.2.jar:/Users/macbook/.gradle/caches/modules-2/files-2.1/com.vladsch.flexmark/flexmark-util-misc/0.62.2/18133dd81887c512e2f56feb3c14a8a1210f30ea/flexmark-util-misc-0.62.2.jar:/Users/macbook/.gradle/caches/modules-2/files-2.1/com.vladsch.flexmark/flexmark-util-visitor/0.62.2/ca49bd94860a5ccedd82bde96ece831f16c66ff1/flexmark-util-visitor-0.62.2.jar:/Users/macbook/.gradle/caches/modules-2/files-2.1/com.fasterxml.woodstox/woodstox-core/6.2.7/86622cfd0a9933628b6b876d0c92589148d3b42e/woodstox-core-6.2.7.jar:/Users/macbook/.gradle/caches/modules-2/files-2.1/org.codehaus.woodstox/stax2-api/4.2.1/a3f7325c52240418c2ba257b103c3c550e140c83/stax2-api-4.2.1.jar:/Users/macbook/.gradle/caches/modules-2/files-2.1/org.yaml/snakeyaml/1.30/8fde7fe2586328ac3c68db92045e1c8759125000/snakeyaml-1.30.jar:/Users/macbook/.gradle/caches/modules-2/files-2.1/jakarta.xml.bind/jakarta.xml.bind-api/2.3.3/48e3b9cfc10752fba3521d6511f4165bea951801/jakarta.xml.bind-api-2.3.3.jar:/Users/macbook/.gradle/caches/modules-2/files-2.1/jakarta.activation/jakarta.activation-api/1.2.2/99f53adba383cb1bf7c3862844488574b559621f/jakarta.activation-api-1.2.2.jar:/Users/macbook/.gradle/caches/modules-2/files-2.1/net.minidev/accessors-smart/2.4.7/3970cfc505e6657ca60f3aa57c849f6043000d7a/accessors-smart-2.4.7.jar:/Users/macbook/.gradle/caches/modules-2/files-2.1/org.antlr/ST4/4.0.8/a1c55e974f8a94d78e2348fa6ff63f4fa1fae64/ST4-4.0.8.jar:/Users/macbook/.gradle/caches/modules-2/files-2.1/org.antlr/antlr4/4.5.1/19a08f261dc2b7e1bc58c8f1038f766dccade74c/antlr4-4.5.1.jar:/Users/macbook/.gradle/caches/modules-2/files-2.1/org.reactivestreams/reactive-streams/1.0.3/d9fb7a7926ffa635b3dcaa5049fb2bfa25b3e7d0/reactive-streams-1.0.3.jar:/Users/macbook/.gradle/caches/modules-2/files-2.1/com.sun.activation/jakarta.activation/1.2.2/74548703f9851017ce2f556066659438019e7eb5/jakarta.activation-1.2.2.jar:/Users/macbook/.gradle/caches/modules-2/files-2.1/dev.failsafe/failsafe/3.2.3/8e004e3b315d7eff434463942314900c3a43f821/failsafe-3.2.3.jar:/Users/macbook/.gradle/caches/modules-2/files-2.1/com.github.jai-imageio/jai-imageio-core/1.4.0/fb6d79b929556362a241b2f65a04e538062f0077/jai-imageio-core-1.4.0.jar:/Users/macbook/.gradle/caches/modules-2/files-2.1/io.netty/netty-codec-haproxy/4.1.77.Final/edb659ffd15d1418955162ad64a33afbebb14ec1/netty-codec-haproxy-4.1.77.Final.jar:/Users/macbook/.gradle/caches/modules-2/files-2.1/io.netty/netty-codec-http2/4.1.77.Final/9e58eeeacc74f8ad2b2acb240b1f01d2c40159d7/netty-codec-http2-4.1.77.Final.jar:/Users/macbook/.gradle/caches/modules-2/files-2.1/io.netty/netty-codec-memcache/4.1.77.Final/5c8ece9583530efd4cd2f1927407e2e5a9529c7/netty-codec-memcache-4.1.77.Final.jar:/Users/macbook/.gradle/caches/modules-2/files-2.1/io.netty/netty-codec-mqtt/4.1.77.Final/23c950e5cb1b6cbccc0b131a1adea658debc838/netty-codec-mqtt-4.1.77.Final.jar:/Users/macbook/.gradle/caches/modules-2/files-2.1/io.netty/netty-codec-redis/4.1.77.Final/a0f93e362d70eaf4fae201eef7f50e99a4d595d4/netty-codec-redis-4.1.77.Final.jar:/Users/macbook/.gradle/caches/modules-2/files-2.1/io.netty/netty-codec-smtp/4.1.77.Final/9d6ce2a17b4f39b0bc75c5cb00f75eb416f61177/netty-codec-smtp-4.1.77.Final.jar:/Users/macbook/.gradle/caches/modules-2/files-2.1/io.netty/netty-codec-stomp/4.1.77.Final/2c6209f93efd1e4274bcef909c811acd00f605d0/netty-codec-stomp-4.1.77.Final.jar:/Users/macbook/.gradle/caches/modules-2/files-2.1/io.netty/netty-codec-xml/4.1.77.Final/3c8bf6a7dc74f5c649c43adb5ef7f1337c3616c6/netty-codec-xml-4.1.77.Final.jar:/Users/macbook/.gradle/caches/modules-2/files-2.1/io.netty/netty-transport-rxtx/4.1.77.Final/1760ec139dea5d6421023867b9984f777636592b/netty-transport-rxtx-4.1.77.Final.jar:/Users/macbook/.gradle/caches/modules-2/files-2.1/io.netty/netty-transport-sctp/4.1.77.Final/fca40f6334a3b567b65f87080d1df6e419ff0933/netty-transport-sctp-4.1.77.Final.jar:/Users/macbook/.gradle/caches/modules-2/files-2.1/io.netty/netty-transport-udt/4.1.77.Final/c0a5981ee7e9e4bf02d0bbf9882edd31b4b278a2/netty-transport-udt-4.1.77.Final.jar:/Users/macbook/.gradle/caches/modules-2/files-2.1/com.barchart.udt/barchart-udt-bundle/2.3.0/3d1a29b2b08d20533ad08918411528dd1880515e/barchart-udt-bundle-2.3.0.jar:/Users/macbook/.gradle/caches/modules-2/files-2.1/org.ow2.asm/asm/9.1/a99500cf6eea30535eeac6be73899d048f8d12a8/asm-9.1.jar:/Users/macbook/.gradle/caches/modules-2/files-2.1/commons-digester/commons-digester/2.1/73a8001e7a54a255eef0f03521ec1805dc738ca0/commons-digester-2.1.jar:/Users/macbook/.gradle/caches/modules-2/files-2.1/commons-collections/commons-collections/3.2.2/8ad72fe39fa8c91eaaf12aadb21e0c3661fe26d5/commons-collections-3.2.2.jar:/Users/macbook/.gradle/caches/modules-2/files-2.1/com.squareup.okio/okio/2.8.0/49b64e09d81c0cc84b267edd0c2fd7df5a64c78c/okio-jvm-2.8.0.jar:/Users/macbook/.gradle/caches/modules-2/files-2.1/org.jetbrains.kotlin/kotlin-stdlib/1.4.10/ea29e063d2bbe695be13e9d044dcfb0c7add398e/kotlin-stdlib-1.4.10.jar:/Users/macbook/.gradle/caches/modules-2/files-2.1/org.jetbrains/annotations/15.0/d40ab99147584cf6cfb5245be67b3fee2c7220f9/annotations-15.0.jar:/Users/macbook/.gradle/caches/modules-2/files-2.1/org.antlr/antlr-runtime/3.5.2/cd9cd41361c155f3af0f653009dcecb08d8b4afd/antlr-runtime-3.5.2.jar:/Users/macbook/.gradle/caches/modules-2/files-2.1/org.jetbrains.kotlin/kotlin-stdlib-common/1.4.10/6229be3465805c99db1142ad75e6c6ddeac0b04c/kotlin-stdlib-common-1.4.10.jar
2022-05-31 22:54:51,971 [main] INFO  org.vividus.log.TestInfoLogger - CONDA_EXE=/Users/macbook/opt/anaconda3/bin/conda
2022-05-31 22:54:51,971 [main] INFO  org.vividus.log.TestInfoLogger - CONDA_PYTHON_EXE=/Users/macbook/opt/anaconda3/bin/python
2022-05-31 22:54:51,971 [main] INFO  org.vividus.log.TestInfoLogger - CONDA_SHLVL=0
2022-05-31 22:54:51,972 [main] INFO  org.vividus.log.TestInfoLogger - DISPLAY=/private/tmp/com.apple.launchd.gTqJkzWtBq/org.xquartz:0
2022-05-31 22:54:51,972 [main] INFO  org.vividus.log.TestInfoLogger - HOME=/Users/macbook
2022-05-31 22:54:51,972 [main] INFO  org.vividus.log.TestInfoLogger - JAVA_HOME=/Library/Java/JavaVirtualMachines/jdk-17.0.3.1.jdk/Contents/Home
2022-05-31 22:54:51,972 [main] INFO  org.vividus.log.TestInfoLogger - JAVA_MAIN_CLASS_97086=org.gradle.wrapper.GradleWrapperMain
2022-05-31 22:54:51,972 [main] INFO  org.vividus.log.TestInfoLogger - JAVA_MAIN_CLASS_97106=org.vividus.runner.StoriesRunner
2022-05-31 22:54:51,972 [main] INFO  org.vividus.log.TestInfoLogger - LC_CTYPE=UTF-8
2022-05-31 22:54:51,972 [main] INFO  org.vividus.log.TestInfoLogger - LOGNAME=macbook
2022-05-31 22:54:51,972 [main] INFO  org.vividus.log.TestInfoLogger - PATH=/Users/macbook/opt/anaconda3/condabin:/Users/macbook/.rbenv/shims:/Users/macbook/.rbenv/shims:/opt/local/bin:/opt/local/sbin:/usr/local/bin:/usr/bin:/bin:/usr/sbin:/sbin:/usr/local/share/dotnet:/opt/X11/bin:~/.dotnet/tools:/Library/Apple/usr/bin:/Library/Frameworks/Mono.framework/Versions/Current/Commands:/Applications/Xamarin Workbooks.app/Contents/SharedSupport/path-bin:/Users/macbook/.rvm/bin
2022-05-31 22:54:51,972 [main] INFO  org.vividus.log.TestInfoLogger - PWD=/Users/macbook/task2
2022-05-31 22:54:51,972 [main] INFO  org.vividus.log.TestInfoLogger - RBENV_SHELL=zsh
2022-05-31 22:54:51,973 [main] INFO  org.vividus.log.TestInfoLogger - SHELL=/bin/zsh
2022-05-31 22:54:51,973 [main] INFO  org.vividus.log.TestInfoLogger - SHLVL=1
2022-05-31 22:54:51,973 [main] INFO  org.vividus.log.TestInfoLogger - SSH_AUTH_SOCK=/private/tmp/com.apple.launchd.MsiH23rXWW/Listeners
2022-05-31 22:54:51,973 [main] INFO  org.vividus.log.TestInfoLogger - TERM=xterm-256color
2022-05-31 22:54:51,973 [main] INFO  org.vividus.log.TestInfoLogger - TERM_PROGRAM=Apple_Terminal
2022-05-31 22:54:51,975 [main] INFO  org.vividus.log.TestInfoLogger - TERM_PROGRAM_VERSION=444
2022-05-31 22:54:51,975 [main] INFO  org.vividus.log.TestInfoLogger - TERM_SESSION_ID=23E6B503-9EFC-4214-B041-052BEC65D5A6
2022-05-31 22:54:51,975 [main] INFO  org.vividus.log.TestInfoLogger - TMPDIR=/var/folders/r3/thzlxrbx3dgdd324ms_dlxr00000gn/T/
2022-05-31 22:54:51,976 [main] INFO  org.vividus.log.TestInfoLogger - USER=macbook
2022-05-31 22:54:51,976 [main] INFO  org.vividus.log.TestInfoLogger - VIVIDUS_BUILD_SYSTEM_HOME=vividus-build-system
2022-05-31 22:54:51,976 [main] INFO  org.vividus.log.TestInfoLogger - XPC_FLAGS=0x0
2022-05-31 22:54:51,976 [main] INFO  org.vividus.log.TestInfoLogger - XPC_SERVICE_NAME=0
2022-05-31 22:54:51,976 [main] INFO  org.vividus.log.TestInfoLogger - _CE_CONDA=
2022-05-31 22:54:51,976 [main] INFO  org.vividus.log.TestInfoLogger - _CE_M=
2022-05-31 22:54:51,976 [main] INFO  org.vividus.log.TestInfoLogger - __CFBundleIdentifier=com.apple.Terminal
2022-05-31 22:54:51,977 [main] INFO  org.vividus.log.TestInfoLogger - __CF_USER_TEXT_ENCODING=0x1F5:0x0:0x0
2022-05-31 22:54:51,977 [main] INFO  org.vividus.log.TestInfoLogger - allure.history-directory=/Users/macbook/task2/output/history
2022-05-31 22:54:51,977 [main] INFO  org.vividus.log.TestInfoLogger - allure.report-directory=/Users/macbook/task2/output/reports/allure
2022-05-31 22:54:51,977 [main] INFO  org.vividus.log.TestInfoLogger - analytics.enabled=false
2022-05-31 22:54:51,978 [main] INFO  org.vividus.log.TestInfoLogger - analytics.tracking-id=UA-167152972-1
2022-05-31 22:54:51,978 [main] INFO  org.vividus.log.TestInfoLogger - bbd.variables.global.email=tt0128389@gmail.com
2022-05-31 22:54:51,978 [main] INFO  org.vividus.log.TestInfoLogger - bbd.variables.global.password=****
2022-05-31 22:54:51,978 [main] INFO  org.vividus.log.TestInfoLogger - bdd.all-meta-filters=groovy: (!layout || layout.contains('desktop')) && !skip && (true)
2022-05-31 22:54:51,979 [main] INFO  org.vividus.log.TestInfoLogger - bdd.batch.fail-fast=false
2022-05-31 22:54:51,979 [main] INFO  org.vividus.log.TestInfoLogger - bdd.cache-examples-table=false
2022-05-31 22:54:51,981 [main] INFO  org.vividus.log.TestInfoLogger - bdd.configuration.all-composite-paths=,steps/defaults/*.steps
2022-05-31 22:54:51,981 [main] INFO  org.vividus.log.TestInfoLogger - bdd.configuration.composite-paths=
2022-05-31 22:54:51,982 [main] INFO  org.vividus.log.TestInfoLogger - bdd.configuration.dry-run=false
2022-05-31 22:54:51,982 [main] INFO  org.vividus.log.TestInfoLogger - bdd.configuration.examples-table-header-separator=|
2022-05-31 22:54:51,982 [main] INFO  org.vividus.log.TestInfoLogger - bdd.configuration.examples-table-value-separator=|
2022-05-31 22:54:51,982 [main] INFO  org.vividus.log.TestInfoLogger - bdd.configuration.formats=
2022-05-31 22:54:51,983 [main] INFO  org.vividus.log.TestInfoLogger - bdd.configuration.parallel-story-examples-enabled=false
2022-05-31 22:54:51,983 [main] INFO  org.vividus.log.TestInfoLogger - bdd.configuration.skip-story-if-given-story-failed=false
2022-05-31 22:54:51,983 [main] INFO  org.vividus.log.TestInfoLogger - bdd.date-expression-processor.locale=en_US
2022-05-31 22:54:51,984 [main] INFO  org.vividus.log.TestInfoLogger - bdd.generate-view-after-batches=false
2022-05-31 22:54:51,986 [main] INFO  org.vividus.log.TestInfoLogger - bdd.meta-filters=true
2022-05-31 22:54:51,986 [main] INFO  org.vividus.log.TestInfoLogger - bdd.report-directory=/Users/macbook/task2/output/reports/jbehave
2022-05-31 22:54:51,986 [main] INFO  org.vividus.log.TestInfoLogger - bdd.scenario.fail-fast=false
2022-05-31 22:54:51,986 [main] INFO  org.vividus.log.TestInfoLogger - bdd.story-execution-timeout=10800
2022-05-31 22:54:51,987 [main] INFO  org.vividus.log.TestInfoLogger - bdd.story-loader.batch-1.resource-include-patterns=*.story
2022-05-31 22:54:51,987 [main] INFO  org.vividus.log.TestInfoLogger - bdd.story-loader.batch-1.resource-location=story/web
2022-05-31 22:54:51,987 [main] INFO  org.vividus.log.TestInfoLogger - bdd.story.fail-fast=false
2022-05-31 22:54:51,987 [main] INFO  org.vividus.log.TestInfoLogger - buildSystemVersion=1.0
2022-05-31 22:54:51,987 [main] INFO  org.vividus.log.TestInfoLogger - configuration.environments=test
2022-05-31 22:54:51,987 [main] INFO  org.vividus.log.TestInfoLogger - configuration.profiles=web/desktop/chrome
2022-05-31 22:54:51,987 [main] INFO  org.vividus.log.TestInfoLogger - configuration.suites=test1
2022-05-31 22:54:51,988 [main] INFO  org.vividus.log.TestInfoLogger - desktop-electron-app=false
2022-05-31 22:54:51,988 [main] INFO  org.vividus.log.TestInfoLogger - engine.alias-paths=
2022-05-31 22:54:51,988 [main] INFO  org.vividus.log.TestInfoLogger - environment-configurer.configuration.environments=test
2022-05-31 22:54:51,988 [main] INFO  org.vividus.log.TestInfoLogger - environment-configurer.configuration.profiles=web/desktop/chrome
2022-05-31 22:54:51,988 [main] INFO  org.vividus.log.TestInfoLogger - environment-configurer.configuration.suites=test1
2022-05-31 22:54:51,988 [main] INFO  org.vividus.log.TestInfoLogger - environment-configurer.dynamic.batch-exclude-patterns.category=SUITE
2022-05-31 22:54:51,989 [main] INFO  org.vividus.log.TestInfoLogger - environment-configurer.dynamic.batch-exclude-patterns.description-pattern=Batch %s Exclude Patterns
2022-05-31 22:54:51,989 [main] INFO  org.vividus.log.TestInfoLogger - environment-configurer.dynamic.batch-exclude-patterns.property-regex=bdd.story-loader.batch-(.+).resource-exclude-patterns
2022-05-31 22:54:51,989 [main] INFO  org.vividus.log.TestInfoLogger - environment-configurer.dynamic.batch-include-patterns.category=SUITE
2022-05-31 22:54:51,989 [main] INFO  org.vividus.log.TestInfoLogger - environment-configurer.dynamic.batch-include-patterns.description-pattern=Batch %s Include Patterns
2022-05-31 22:54:51,989 [main] INFO  org.vividus.log.TestInfoLogger - environment-configurer.dynamic.batch-include-patterns.property-regex=bdd.story-loader.batch-(.+).resource-include-patterns
2022-05-31 22:54:51,989 [main] INFO  org.vividus.log.TestInfoLogger - environment-configurer.dynamic.batch-location.category=SUITE
2022-05-31 22:54:51,989 [main] INFO  org.vividus.log.TestInfoLogger - environment-configurer.dynamic.batch-location.description-pattern=Batch %s Location
2022-05-31 22:54:51,989 [main] INFO  org.vividus.log.TestInfoLogger - environment-configurer.dynamic.batch-location.property-regex=bdd.story-loader.batch-(.+).resource-location
2022-05-31 22:54:51,990 [main] INFO  org.vividus.log.TestInfoLogger - environment-configurer.dynamic.batch-meta-filters.category=SUITE
2022-05-31 22:54:51,990 [main] INFO  org.vividus.log.TestInfoLogger - environment-configurer.dynamic.batch-meta-filters.description-pattern=Batch %s Meta Filters
2022-05-31 22:54:51,990 [main] INFO  org.vividus.log.TestInfoLogger - environment-configurer.dynamic.batch-meta-filters.property-regex=bdd.batch-(.+).meta-filters
2022-05-31 22:54:51,990 [main] INFO  org.vividus.log.TestInfoLogger - environment-configurer.dynamic.batch-threads.category=SUITE
2022-05-31 22:54:51,990 [main] INFO  org.vividus.log.TestInfoLogger - environment-configurer.dynamic.batch-threads.description-pattern=Batch %s Threads
2022-05-31 22:54:51,990 [main] INFO  org.vividus.log.TestInfoLogger - environment-configurer.dynamic.batch-threads.property-regex=bdd.batch-(.+).threads
2022-05-31 22:54:51,991 [main] INFO  org.vividus.log.TestInfoLogger - environment-configurer.environment.main-application-page=https://trello.com/login
2022-05-31 22:54:51,991 [main] INFO  org.vividus.log.TestInfoLogger - environment-configurer.profile.browser=chrome 
2022-05-31 22:54:51,991 [main] INFO  org.vividus.log.TestInfoLogger - environment-configurer.profile.operating-system=Mac OS X
2022-05-31 22:54:51,991 [main] INFO  org.vividus.log.TestInfoLogger - environment-configurer.profile.proxy=OFF
2022-05-31 22:54:51,991 [main] INFO  org.vividus.log.TestInfoLogger - environment-configurer.profile.remote-execution=OFF
2022-05-31 22:54:51,991 [main] INFO  org.vividus.log.TestInfoLogger - environment-configurer.suite.global-meta-filters=groovy: (!layout || layout.contains('desktop')) && !skip && (true)
2022-05-31 22:54:51,991 [main] INFO  org.vividus.log.TestInfoLogger - http.auth.password=****
2022-05-31 22:54:51,991 [main] INFO  org.vividus.log.TestInfoLogger - http.auth.preemptive-auth-enabled=false
2022-05-31 22:54:51,991 [main] INFO  org.vividus.log.TestInfoLogger - http.auth.username=
2022-05-31 22:54:51,992 [main] INFO  org.vividus.log.TestInfoLogger - http.circular-redirects-allowed=false
2022-05-31 22:54:51,992 [main] INFO  org.vividus.log.TestInfoLogger - http.connect-timeout=30000
2022-05-31 22:54:51,992 [main] INFO  org.vividus.log.TestInfoLogger - http.connection-request-timeout=30000
2022-05-31 22:54:51,992 [main] INFO  org.vividus.log.TestInfoLogger - http.cookie-spec=default
2022-05-31 22:54:51,992 [main] INFO  org.vividus.log.TestInfoLogger - http.idempotent-methods-sending-request-body=
2022-05-31 22:54:51,992 [main] INFO  org.vividus.log.TestInfoLogger - http.key-store.password=****
2022-05-31 22:54:51,992 [main] INFO  org.vividus.log.TestInfoLogger - http.key-store.path=****
2022-05-31 22:54:51,992 [main] INFO  org.vividus.log.TestInfoLogger - http.key-store.type=****
2022-05-31 22:54:51,992 [main] INFO  org.vividus.log.TestInfoLogger - http.max-connections-per-route=60
2022-05-31 22:54:51,992 [main] INFO  org.vividus.log.TestInfoLogger - http.max-total-connections=80
2022-05-31 22:54:51,992 [main] INFO  org.vividus.log.TestInfoLogger - http.service-unavailable-retry.max-retries=1
2022-05-31 22:54:51,992 [main] INFO  org.vividus.log.TestInfoLogger - http.service-unavailable-retry.retry-interval=PT1S
2022-05-31 22:54:51,992 [main] INFO  org.vividus.log.TestInfoLogger - http.service-unavailable-retry.status-codes=
2022-05-31 22:54:51,993 [main] INFO  org.vividus.log.TestInfoLogger - http.socket-timeout=300000
2022-05-31 22:54:51,993 [main] INFO  org.vividus.log.TestInfoLogger - http.ssl.check-certificate=true
2022-05-31 22:54:51,993 [main] INFO  org.vividus.log.TestInfoLogger - http.ssl.private-key-password=****
2022-05-31 22:54:51,993 [main] INFO  org.vividus.log.TestInfoLogger - http.ssl.verify-hostname=true
2022-05-31 22:54:51,993 [main] INFO  org.vividus.log.TestInfoLogger - known-issue-provider.detect-potentially-known-issues=true
2022-05-31 22:54:51,993 [main] INFO  org.vividus.log.TestInfoLogger - known-issue-provider.fileName=known-issues.json
2022-05-31 22:54:51,993 [main] INFO  org.vividus.log.TestInfoLogger - location.locale=en_US
2022-05-31 22:54:51,993 [main] INFO  org.vividus.log.TestInfoLogger - location.zone-id=Asia/Tbilisi
2022-05-31 22:54:51,993 [main] INFO  org.vividus.log.TestInfoLogger - mobile-app=false
2022-05-31 22:54:51,993 [main] INFO  org.vividus.log.TestInfoLogger - output.directory=/Users/macbook/task2/output
2022-05-31 22:54:51,993 [main] INFO  org.vividus.log.TestInfoLogger - output.report-directory=/Users/macbook/task2/output/reports
2022-05-31 22:54:51,993 [main] INFO  org.vividus.log.TestInfoLogger - property-mapper.naming-strategy=KEBAB_CASE
2022-05-31 22:54:51,993 [main] INFO  org.vividus.log.TestInfoLogger - property-mapper.prefix-separator=.
2022-05-31 22:54:51,993 [main] INFO  org.vividus.log.TestInfoLogger - proxy.capture-types=REQUEST_CONTENT, RESPONSE_CONTENT, REQUEST_BINARY_CONTENT, RESPONSE_BINARY_CONTENT, REQUEST_HEADERS, RESPONSE_HEADERS
2022-05-31 22:54:51,993 [main] INFO  org.vividus.log.TestInfoLogger - proxy.connectable-host=
2022-05-31 22:54:51,993 [main] INFO  org.vividus.log.TestInfoLogger - proxy.enabled=false
2022-05-31 22:54:51,994 [main] INFO  org.vividus.log.TestInfoLogger - proxy.host=localhost
2022-05-31 22:54:51,994 [main] INFO  org.vividus.log.TestInfoLogger - proxy.mitm.enabled=false
2022-05-31 22:54:51,994 [main] INFO  org.vividus.log.TestInfoLogger - proxy.mitm.key-store.alias=****
2022-05-31 22:54:51,994 [main] INFO  org.vividus.log.TestInfoLogger - proxy.mitm.key-store.password=****
2022-05-31 22:54:51,994 [main] INFO  org.vividus.log.TestInfoLogger - proxy.mitm.key-store.path=****
2022-05-31 22:54:51,994 [main] INFO  org.vividus.log.TestInfoLogger - proxy.mitm.key-store.type=****
2022-05-31 22:54:51,995 [main] INFO  org.vividus.log.TestInfoLogger - proxy.ports=0
2022-05-31 22:54:51,995 [main] INFO  org.vividus.log.TestInfoLogger - proxy.recording.enabled=false
2022-05-31 22:54:51,995 [main] INFO  org.vividus.log.TestInfoLogger - proxy.trust-all-servers=false
2022-05-31 22:54:51,997 [main] INFO  org.vividus.log.TestInfoLogger - report.text-length-diff-threshold=100
2022-05-31 22:54:51,997 [main] INFO  org.vividus.log.TestInfoLogger - rest-api.http.cookie-store-level=global
2022-05-31 22:54:51,997 [main] INFO  org.vividus.log.TestInfoLogger - rest-api.http.endpoint=
2022-05-31 22:54:51,997 [main] INFO  org.vividus.log.TestInfoLogger - rvm_alias_expanded=
2022-05-31 22:54:51,998 [main] INFO  org.vividus.log.TestInfoLogger - rvm_bin_flag=
2022-05-31 22:54:51,998 [main] INFO  org.vividus.log.TestInfoLogger - rvm_bin_path=/Users/macbook/.rvm/bin
2022-05-31 22:54:51,998 [main] INFO  org.vividus.log.TestInfoLogger - rvm_docs_type=
2022-05-31 22:54:51,998 [main] INFO  org.vividus.log.TestInfoLogger - rvm_gemstone_package_file=
2022-05-31 22:54:51,998 [main] INFO  org.vividus.log.TestInfoLogger - rvm_gemstone_url=
2022-05-31 22:54:51,998 [main] INFO  org.vividus.log.TestInfoLogger - rvm_hook=
2022-05-31 22:54:51,998 [main] INFO  org.vividus.log.TestInfoLogger - rvm_niceness=
2022-05-31 22:54:51,998 [main] INFO  org.vividus.log.TestInfoLogger - rvm_nightly_flag=
2022-05-31 22:54:51,998 [main] INFO  org.vividus.log.TestInfoLogger - rvm_only_path_flag=
2022-05-31 22:54:51,998 [main] INFO  org.vividus.log.TestInfoLogger - rvm_path=/Users/macbook/.rvm
2022-05-31 22:54:51,999 [main] INFO  org.vividus.log.TestInfoLogger - rvm_prefix=/Users/macbook
2022-05-31 22:54:51,999 [main] INFO  org.vividus.log.TestInfoLogger - rvm_pretty_print_flag=
2022-05-31 22:54:51,999 [main] INFO  org.vividus.log.TestInfoLogger - rvm_proxy=
2022-05-31 22:54:51,999 [main] INFO  org.vividus.log.TestInfoLogger - rvm_quiet_flag=
2022-05-31 22:54:51,999 [main] INFO  org.vividus.log.TestInfoLogger - rvm_ruby_bits=
2022-05-31 22:54:51,999 [main] INFO  org.vividus.log.TestInfoLogger - rvm_ruby_file=
2022-05-31 22:54:51,999 [main] INFO  org.vividus.log.TestInfoLogger - rvm_ruby_make=
2022-05-31 22:54:51,999 [main] INFO  org.vividus.log.TestInfoLogger - rvm_ruby_make_install=
2022-05-31 22:54:51,999 [main] INFO  org.vividus.log.TestInfoLogger - rvm_ruby_mode=
2022-05-31 22:54:52,000 [main] INFO  org.vividus.log.TestInfoLogger - rvm_script_name=
2022-05-31 22:54:52,000 [main] INFO  org.vividus.log.TestInfoLogger - rvm_sdk=
2022-05-31 22:54:52,000 [main] INFO  org.vividus.log.TestInfoLogger - rvm_silent_flag=
2022-05-31 22:54:52,000 [main] INFO  org.vividus.log.TestInfoLogger - rvm_use_flag=
2022-05-31 22:54:52,000 [main] INFO  org.vividus.log.TestInfoLogger - rvm_version=1.29.12 (latest)
2022-05-31 22:54:52,000 [main] INFO  org.vividus.log.TestInfoLogger - screenshot.on-failure.debug-modes=
2022-05-31 22:54:52,000 [main] INFO  org.vividus.log.TestInfoLogger - selenium.alert-strategy=DO_NOTHING
2022-05-31 22:54:52,000 [main] INFO  org.vividus.log.TestInfoLogger - selenium.browser=chrome
2022-05-31 22:54:52,000 [main] INFO  org.vividus.log.TestInfoLogger - selenium.grid.capabilities.browserName=chrome
2022-05-31 22:54:52,000 [main] INFO  org.vividus.log.TestInfoLogger - selenium.grid.capabilities.platformName=Windows 10
2022-05-31 22:54:52,001 [main] INFO  org.vividus.log.TestInfoLogger - selenium.grid.enabled=false
2022-05-31 22:54:52,001 [main] INFO  org.vividus.log.TestInfoLogger - selenium.grid.idle-timeout=360
2022-05-31 22:54:52,001 [main] INFO  org.vividus.log.TestInfoLogger - selenium.grid.platform-name=Windows
2022-05-31 22:54:52,001 [main] INFO  org.vividus.log.TestInfoLogger - selenium.grid.platform-version=10
2022-05-31 22:54:52,001 [main] INFO  org.vividus.log.TestInfoLogger - selenium.grid.screen-resolution=1920x1080
2022-05-31 22:54:52,001 [main] INFO  org.vividus.log.TestInfoLogger - selenium.grid.url=
2022-05-31 22:54:52,001 [main] INFO  org.vividus.log.TestInfoLogger - selenium.grid.use-w3c=true
2022-05-31 22:54:52,001 [main] INFO  org.vividus.log.TestInfoLogger - selenium.screenshot.full-page=false
2022-05-31 22:54:52,001 [main] INFO  org.vividus.log.TestInfoLogger - selenium.screenshot.highlighter=MONOCHROME
2022-05-31 22:54:52,002 [main] INFO  org.vividus.log.TestInfoLogger - selenium.screenshot.indent=300
2022-05-31 22:54:52,002 [main] INFO  org.vividus.log.TestInfoLogger - selenium.screenshot.strategy=VIEWPORT_PASTING
2022-05-31 22:54:52,002 [main] INFO  org.vividus.log.TestInfoLogger - selenium.timeout.async-script-timeout=1
2022-05-31 22:54:52,002 [main] INFO  org.vividus.log.TestInfoLogger - selenium.timeout.async-script-timeout-unit=MINUTES
2022-05-31 22:54:52,002 [main] INFO  org.vividus.log.TestInfoLogger - selenium.timeout.page-load-timeout=1
2022-05-31 22:54:52,002 [main] INFO  org.vividus.log.TestInfoLogger - selenium.timeout.page-load-timeout-unit=MINUTES
2022-05-31 22:54:52,002 [main] INFO  org.vividus.log.TestInfoLogger - selenium.windows-strategy=DO_NOTHING
2022-05-31 22:54:52,003 [main] INFO  org.vividus.log.TestInfoLogger - soft-assert.stack-trace-filter.enabled=true
2022-05-31 22:54:52,003 [main] INFO  org.vividus.log.TestInfoLogger - soft-assert.stack-trace-filter.exclusions=org.vividus.softassert
2022-05-31 22:54:52,003 [main] INFO  org.vividus.log.TestInfoLogger - soft-assert.stack-trace-filter.inclusions=org.vividus
2022-05-31 22:54:52,003 [main] INFO  org.vividus.log.TestInfoLogger - spring.profiles.active=web
2022-05-31 22:54:52,003 [main] INFO  org.vividus.log.TestInfoLogger - start-context-listener.cleanable-directories=/Users/macbook/task2/output/reports
2022-05-31 22:54:52,003 [main] INFO  org.vividus.log.TestInfoLogger - statistics.folder=/Users/macbook/task2/output/statistics
2022-05-31 22:54:52,004 [main] INFO  org.vividus.log.TestInfoLogger - statistics.print-failures=false
2022-05-31 22:54:52,004 [main] INFO  org.vividus.log.TestInfoLogger - template-processor.resolve-bdd-variables=false
2022-05-31 22:54:52,004 [main] INFO  org.vividus.log.TestInfoLogger - ui.context.self-healing=false
2022-05-31 22:54:52,004 [main] INFO  org.vividus.log.TestInfoLogger - ui.publish-source-on-failure=true
2022-05-31 22:54:52,004 [main] INFO  org.vividus.log.TestInfoLogger - ui.screenshot.debug-directory=
2022-05-31 22:54:52,004 [main] INFO  org.vividus.log.TestInfoLogger - ui.search.retry-search-if-stale=false
2022-05-31 22:54:52,004 [main] INFO  org.vividus.log.TestInfoLogger - ui.search.wait-for-element-timeout=PT0S
2022-05-31 22:54:52,004 [main] INFO  org.vividus.log.TestInfoLogger - ui.visual.acceptable-diff-percentage=0
2022-05-31 22:54:52,004 [main] INFO  org.vividus.log.TestInfoLogger - ui.visual.baselines-folder=./baselines
2022-05-31 22:54:52,004 [main] INFO  org.vividus.log.TestInfoLogger - ui.visual.ignored-areas=
2022-05-31 22:54:52,005 [main] INFO  org.vividus.log.TestInfoLogger - ui.visual.ignored-elements=
2022-05-31 22:54:52,005 [main] INFO  org.vividus.log.TestInfoLogger - ui.visual.indexer=
2022-05-31 22:54:52,005 [main] INFO  org.vividus.log.TestInfoLogger - ui.visual.override-baselines=false
2022-05-31 22:54:52,005 [main] INFO  org.vividus.log.TestInfoLogger - ui.visual.required-diff-percentage=70
2022-05-31 22:54:52,005 [main] INFO  org.vividus.log.TestInfoLogger - ui.wait.polling-period=PT2S
2022-05-31 22:54:52,005 [main] INFO  org.vividus.log.TestInfoLogger - ui.wait.timeout=PT1M
2022-05-31 22:54:52,007 [main] INFO  org.vividus.log.TestInfoLogger - web-application.authentication-mode=URL
2022-05-31 22:54:52,007 [main] INFO  org.vividus.log.TestInfoLogger - web-application.environment-type=test
2022-05-31 22:54:52,008 [main] INFO  org.vividus.log.TestInfoLogger - web-application.main-page-url=https://trello.com/login
2022-05-31 22:54:52,008 [main] INFO  org.vividus.log.TestInfoLogger - web-application.phone-resolution-width-threshold=640
2022-05-31 22:54:52,008 [main] INFO  org.vividus.log.TestInfoLogger - web-application.session-scope=story
2022-05-31 22:54:52,009 [main] INFO  org.vividus.log.TestInfoLogger - web-application.sticky-header-size-percentage=25
2022-05-31 22:54:52,010 [main] INFO  org.vividus.log.TestInfoLogger - web-application.tablet-resolution-width-threshold=1024
2022-05-31 22:54:52,010 [main] INFO  org.vividus.log.TestInfoLogger - web.alert.wait-for-alert-timeout=PT0S
2022-05-31 22:54:52,010 [main] INFO  org.vividus.log.TestInfoLogger - web.screenshot.strategy=
2022-05-31 22:54:52,010 [main] INFO  org.vividus.log.TestInfoLogger - web.search.link-url.case-sensitive=false
2022-05-31 22:54:52,010 [main] INFO  org.vividus.log.TestInfoLogger - web.steps.js.include-browser-extension-log-entries=false
2022-05-31 22:54:52,011 [main] INFO  org.vividus.log.TestInfoLogger - web.steps.page.keep-user-info-for-protocol-redirects=false
2022-05-31 22:54:52,011 [main] INFO  org.vividus.log.TestInfoLogger - web.wait.page-open-timeout=PT10S
2022-05-31 22:54:52,011 [main] INFO  org.vividus.log.TestInfoLogger - web.wait.page-starts-to-load-timeout=PT0.5S
2022-05-31 22:54:52,011 [main] INFO  org.vividus.log.TestInfoLogger - web.wait.window-open-timeout=PT15S
2022-05-31 22:54:52,019 [main] INFO  org.vividus.log.TestInfoLogger - 
------------------------------------------------------------
 Execution plan (before filtering by meta):
   batch-1:
     file:/Users/macbook/task2/output/resources/main/story/web/Login.story
     file:/Users/macbook/task2/output/resources/main/story/web/VerifyUser.story
------------------------------------------------------------
2022-05-31 22:54:53,153 [main] INFO  org.vividus.log.LoggingStoryReporter - BeforeStories
2022-05-31 22:54:53,174 [batch-1-thread-1] INFO  org.vividus.log.LoggingStoryReporter - (file:/Users/macbook/task2/output/resources/main/story/web/Login.story)
2022-05-31 22:54:53,175 [batch-1-thread-1] INFO  org.vividus.log.LoggingStoryReporter - BeforeSystemStorySteps
2022-05-31 22:54:53,178 [main] INFO  org.vividus.log.LoggingEmbedderMonitor - Using timeout for story Login.story of 10800 secs.
2022-05-31 22:54:53,179 [batch-1-thread-1] INFO  org.vividus.log.LoggingStoryReporter - BeforeUserStorySteps
2022-05-31 22:54:53,189 [batch-1-thread-1] INFO  org.vividus.log.LoggingStoryReporter - Scenario: Log in the application
2022-05-31 22:54:53,190 [batch-1-thread-1] INFO  org.vividus.log.LoggingStoryReporter - BeforeSystemScenarioSteps
2022-05-31 22:54:53,191 [batch-1-thread-1] INFO  org.vividus.log.LoggingStoryReporter - BeforeUserScenarioSteps
2022-05-31 22:54:53,196 [batch-1-thread-1] INFO  org.vividus.log.LoggingStepMonitor - Performing step 'Given I am on the main application page'
2022-05-31 22:54:53,229 [batch-1-thread-1] INFO  org.vividus.ui.web.action.NavigateActions - Loading: https://trello.com/login
2022-05-31 22:54:53,412 [batch-1-thread-1] INFO  io.github.bonigarcia.wdm.WebDriverManager - Using chromedriver 102.0.5005.61 (resolved driver for Chrome 102)
2022-05-31 22:54:53,424 [batch-1-thread-1] INFO  io.github.bonigarcia.wdm.WebDriverManager - Exporting webdriver.chrome.driver as /Users/macbook/.cache/selenium/chromedriver/mac64/102.0.5005.61/chromedriver
2022-05-31 22:54:53,437 [batch-1-thread-1] INFO  org.vividus.selenium.AbstractWebDriverFactory - Requested capabilities:
{ }
2022-05-31 22:54:56,935 [Forwarding newSession on session null to remote] INFO  org.openqa.selenium.remote.ProtocolHandshake - Detected dialect: W3C
2022-05-31 22:54:57,158 [batch-1-thread-1] WARN  org.openqa.selenium.devtools.CdpVersionFinder - Unable to find an exact match for CDP version 102, so returning the closest version found: 101
2022-05-31 22:54:57,158 [batch-1-thread-1] INFO  org.openqa.selenium.devtools.CdpVersionFinder - Found CDP implementation for version 102 of 101
2022-05-31 22:54:57,210 [batch-1-thread-1] INFO  org.vividus.selenium.AbstractWebDriverFactory - Session capabilities:
{
  "acceptInsecureCerts" : false,
  "browserName" : "chrome",
  "browserVersion" : "102.0.5005.61",
  "chrome" : {
    "chromedriverVersion" : "102.0.5005.61 (0e59bcc00cc4985ce39ad31c150065f159d95ad3-refs/branch-heads/5005@{#819})",
    "userDataDir" : "/var/folders/r3/thzlxrbx3dgdd324ms_dlxr00000gn/T/.com.google.Chrome.T6hV4V"
  },
  "goog:chromeOptions" : {
    "debuggerAddress" : "localhost:64092"
  },
  "javascriptEnabled" : true,
  "networkConnectionEnabled" : false,
  "pageLoadStrategy" : "normal",
  "platform" : "MAC",
  "platformName" : "MAC",
  "proxy" : {
    "proxyType" : "UNSPECIFIED",
    "autodetect" : false,
    "ftpProxy" : null,
    "httpProxy" : null,
    "noProxy" : null,
    "sslProxy" : null,
    "socksProxy" : null,
    "socksVersion" : null,
    "socksUsername" : null,
    "socksPassword" : null,
    "proxyAutoconfigUrl" : null
  },
  "se:cdp" : "ws://localhost:64092/devtools/browser/5d445c87-dff0-40d8-8bca-6e498911d7c3",
  "se:cdpVersion" : "102.0.5005.61",
  "setWindowRect" : true,
  "strictFileInteractability" : false,
  "timeouts" : {
    "implicit" : 0,
    "pageLoad" : 300000,
    "script" : 30000
  },
  "unhandledPromptBehavior" : "dismiss and notify",
  "webauthn:extension:credBlob" : true,
  "webauthn:extension:largeBlob" : true,
  "webauthn:virtualAuthenticators" : true
}
2022-05-31 22:54:59,817 [batch-1-thread-1] INFO  org.vividus.ui.web.action.NavigateActions - Refreshing the current page
2022-05-31 22:55:01,134 [batch-1-thread-1] INFO  org.vividus.log.LoggingStepMonitor - Performing step 'When I enter 'tt0128389@gmail.com' in a field by the xpath '//*[@id="user"]''
2022-05-31 22:55:01,143 [batch-1-thread-1] INFO  org.vividus.log.LoggingStepMonitor - Performing step 'When I enter `｟tt0128389@gmail.com｠` in field located `By.xpath(｟//*[@id="user"]｠)`'
2022-05-31 22:55:01,174 [batch-1-thread-1] INFO  org.vividus.ui.action.search.AbstractElementAction - Total number of elements found By.xpath: //*[normalize-space(@id)="user"] is 1
2022-05-31 22:55:01,202 [batch-1-thread-1] INFO  org.vividus.ui.action.search.AbstractElementAction - Number of visible elements is 1
2022-05-31 22:55:01,208 [batch-1-thread-1] INFO  org.vividus.softassert.SoftAssert - Pass: An element with attributes XPath: '//*[@id="user"]'; Visibility: VISIBLE; exists
2022-05-31 22:55:01,209 [batch-1-thread-1] DEBUG org.vividus.softassert.SoftAssert - Pass: An element with attributes: ' XPath: '//*[@id="user"]'; Visibility: VISIBLE;' exists
2022-05-31 22:55:01,237 [batch-1-thread-1] INFO  org.vividus.steps.ui.web.FieldSteps - Entering text "tt0128389@gmail.com" in element
2022-05-31 22:55:01,338 [batch-1-thread-1] INFO  org.vividus.log.LoggingStepMonitor - Performing step 'When I click on an element by the xpath '//*[@id="login"]''
2022-05-31 22:55:01,339 [batch-1-thread-1] INFO  org.vividus.log.LoggingStepMonitor - Performing step 'When I click on element located `By.xpath(｟//*[@id="login"]｠)`'
2022-05-31 22:55:01,363 [batch-1-thread-1] INFO  org.vividus.ui.action.search.AbstractElementAction - Total number of elements found By.xpath: //*[normalize-space(@id)="login"] is 1
2022-05-31 22:55:01,379 [batch-1-thread-1] INFO  org.vividus.ui.action.search.AbstractElementAction - Number of visible elements is 1
2022-05-31 22:55:01,380 [batch-1-thread-1] INFO  org.vividus.softassert.SoftAssert - Pass: An element with attributes XPath: '//*[@id="login"]'; Visibility: VISIBLE; exists
2022-05-31 22:55:01,380 [batch-1-thread-1] DEBUG org.vividus.softassert.SoftAssert - Pass: An element with attributes: ' XPath: '//*[@id="login"]'; Visibility: VISIBLE;' exists
2022-05-31 22:55:04,890 [batch-1-thread-1] INFO  org.vividus.log.LoggingStepMonitor - Performing step 'When I enter '123456nZ' in a field by the xpath '//*[@id="password"]''
2022-05-31 22:55:04,890 [batch-1-thread-1] INFO  org.vividus.log.LoggingStepMonitor - Performing step 'When I enter `｟123456nZ｠` in field located `By.xpath(｟//*[@id="password"]｠)`'
2022-05-31 22:55:04,916 [batch-1-thread-1] INFO  org.vividus.ui.action.search.AbstractElementAction - Total number of elements found By.xpath: //*[normalize-space(@id)="password"] is 1
2022-05-31 22:55:04,940 [batch-1-thread-1] INFO  org.vividus.ui.action.search.AbstractElementAction - Number of visible elements is 1
2022-05-31 22:55:04,940 [batch-1-thread-1] INFO  org.vividus.softassert.SoftAssert - Pass: An element with attributes XPath: '//*[@id="password"]'; Visibility: VISIBLE; exists
2022-05-31 22:55:04,941 [batch-1-thread-1] DEBUG org.vividus.softassert.SoftAssert - Pass: An element with attributes: ' XPath: '//*[@id="password"]'; Visibility: VISIBLE;' exists
2022-05-31 22:55:04,974 [batch-1-thread-1] INFO  org.vividus.steps.ui.web.FieldSteps - Entering text "123456nZ" in element
2022-05-31 22:55:05,073 [batch-1-thread-1] INFO  org.vividus.log.LoggingStepMonitor - Performing step 'When I click on an element by the xpath '//*[@id="login-submit"]/span''
2022-05-31 22:55:05,074 [batch-1-thread-1] INFO  org.vividus.log.LoggingStepMonitor - Performing step 'When I click on element located `By.xpath(｟//*[@id="login-submit"]/span｠)`'
2022-05-31 22:55:05,090 [batch-1-thread-1] INFO  org.vividus.ui.action.search.AbstractElementAction - Total number of elements found By.xpath: //*[normalize-space(@id)="login-submit"]/span is 1
2022-05-31 22:55:05,110 [batch-1-thread-1] INFO  org.vividus.ui.action.search.AbstractElementAction - Number of visible elements is 1
2022-05-31 22:55:05,110 [batch-1-thread-1] INFO  org.vividus.softassert.SoftAssert - Pass: An element with attributes XPath: '//*[@id="login-submit"]/span'; Visibility: VISIBLE; exists
2022-05-31 22:55:05,111 [batch-1-thread-1] DEBUG org.vividus.softassert.SoftAssert - Pass: An element with attributes: ' XPath: '//*[@id="login-submit"]/span'; Visibility: VISIBLE;' exists
2022-05-31 22:55:05,849 [batch-1-thread-1] INFO  org.vividus.log.LoggingStepMonitor - Performing step 'Then the page with the URL containing 'atlassian' is loaded'
2022-05-31 22:55:05,856 [batch-1-thread-1] INFO  org.vividus.softassert.SoftAssert - Pass: Page with the URLpart 'atlassian' is loaded a string containing "atlassian"
2022-05-31 22:55:05,857 [batch-1-thread-1] DEBUG org.vividus.softassert.SoftAssert - Pass: Page url 'https://id.atlassian.com/login?application=trello&continue=https://trello.com/auth/atlassian/callback?returnUrl=%252F%26display=%26aaOnboarding=%26updateEmail=%26traceId=629664866417a4a34342c47f3731993b%26migrateGoogle=%26ssoVerified=&email=tt0128389@gmail.com&errorCode&login_hint=tt0128389@gmail.com&restrict=true' contains part 'atlassian' a string containing "atlassian"
2022-05-31 22:55:05,857 [batch-1-thread-1] INFO  org.vividus.log.LoggingStoryReporter - AfterUserScenarioSteps
2022-05-31 22:55:05,857 [batch-1-thread-1] INFO  org.vividus.log.LoggingStoryReporter - AfterSystemScenarioSteps
2022-05-31 22:55:05,860 [batch-1-thread-1] INFO  org.vividus.softassert.SoftAssert - Passed verification: 5 of 5 assertions passed.
2022-05-31 22:55:05,924 [batch-1-thread-1] INFO  org.vividus.log.LoggingStoryReporter - AfterUserStorySteps
2022-05-31 22:55:05,924 [batch-1-thread-1] INFO  org.vividus.log.LoggingStoryReporter - AfterSystemStorySteps
2022-05-31 22:55:06,175 [batch-1-thread-1] INFO  org.vividus.log.LoggingStoryReporter - (file:/Users/macbook/task2/output/resources/main/story/web/VerifyUser.story)
2022-05-31 22:55:06,176 [batch-1-thread-1] INFO  org.vividus.log.LoggingStoryReporter - BeforeSystemStorySteps
2022-05-31 22:55:06,178 [batch-1-thread-1] INFO  org.vividus.log.LoggingStoryReporter - BeforeUserStorySteps
2022-05-31 22:55:06,179 [batch-1-thread-1] INFO  org.vividus.log.LoggingStoryReporter - Scenario: Verify user profile
2022-05-31 22:55:06,180 [batch-1-thread-1] INFO  org.vividus.log.LoggingStoryReporter - BeforeSystemScenarioSteps
2022-05-31 22:55:06,181 [batch-1-thread-1] INFO  org.vividus.log.LoggingStoryReporter - BeforeUserScenarioSteps
2022-05-31 22:55:06,182 [batch-1-thread-1] INFO  org.vividus.log.LoggingStepMonitor - Performing step 'Given I am on a page with the URL 'https://trello.com/home''
2022-05-31 22:55:06,182 [batch-1-thread-1] INFO  org.vividus.ui.web.action.NavigateActions - Loading: https://trello.com/home
2022-05-31 22:55:06,183 [batch-1-thread-1] INFO  org.vividus.selenium.AbstractWebDriverFactory - Requested capabilities:
{ }
2022-05-31 22:55:06,270 [main] INFO  org.vividus.log.LoggingEmbedderMonitor - Using timeout for story VerifyUser.story of 10800 secs.
2022-05-31 22:55:07,603 [Forwarding newSession on session null to remote] INFO  org.openqa.selenium.remote.ProtocolHandshake - Detected dialect: W3C
2022-05-31 22:55:07,629 [batch-1-thread-1] WARN  org.openqa.selenium.devtools.CdpVersionFinder - Unable to find an exact match for CDP version 102, so returning the closest version found: 101
2022-05-31 22:55:07,630 [batch-1-thread-1] INFO  org.openqa.selenium.devtools.CdpVersionFinder - Found CDP implementation for version 102 of 101
2022-05-31 22:55:07,641 [batch-1-thread-1] INFO  org.vividus.selenium.AbstractWebDriverFactory - Session capabilities:
{
  "acceptInsecureCerts" : false,
  "browserName" : "chrome",
  "browserVersion" : "102.0.5005.61",
  "chrome" : {
    "chromedriverVersion" : "102.0.5005.61 (0e59bcc00cc4985ce39ad31c150065f159d95ad3-refs/branch-heads/5005@{#819})",
    "userDataDir" : "/var/folders/r3/thzlxrbx3dgdd324ms_dlxr00000gn/T/.com.google.Chrome.wqq4yO"
  },
  "goog:chromeOptions" : {
    "debuggerAddress" : "localhost:64188"
  },
  "javascriptEnabled" : true,
  "networkConnectionEnabled" : false,
  "pageLoadStrategy" : "normal",
  "platform" : "MAC",
  "platformName" : "MAC",
  "proxy" : {
    "proxyType" : "UNSPECIFIED",
    "autodetect" : false,
    "ftpProxy" : null,
    "httpProxy" : null,
    "noProxy" : null,
    "sslProxy" : null,
    "socksProxy" : null,
    "socksVersion" : null,
    "socksUsername" : null,
    "socksPassword" : null,
    "proxyAutoconfigUrl" : null
  },
  "se:cdp" : "ws://localhost:64188/devtools/browser/a41eb2b0-ecbd-4029-9ea9-48e57fc4b017",
  "se:cdpVersion" : "102.0.5005.61",
  "setWindowRect" : true,
  "strictFileInteractability" : false,
  "timeouts" : {
    "implicit" : 0,
    "pageLoad" : 300000,
    "script" : 30000
  },
  "unhandledPromptBehavior" : "dismiss and notify",
  "webauthn:extension:credBlob" : true,
  "webauthn:extension:largeBlob" : true,
  "webauthn:virtualAuthenticators" : true
}
2022-05-31 22:55:11,914 [batch-1-thread-1] INFO  org.vividus.log.LoggingStepMonitor - Performing step 'When I enter 'tt5892605@gmail.com' in a field by the xpath '//*[@id="hero"]/div/div/div[2]/form/div[1]/input''
2022-05-31 22:55:11,915 [batch-1-thread-1] INFO  org.vividus.log.LoggingStepMonitor - Performing step 'When I enter `｟tt5892605@gmail.com｠` in field located `By.xpath(｟//*[@id="hero"]/div/div/div[2]/form/div[1]/input｠)`'
2022-05-31 22:55:11,928 [batch-1-thread-1] INFO  org.vividus.ui.action.search.AbstractElementAction - Total number of elements found By.xpath: //*[normalize-space(@id)="hero"]/div/div/div[2]/form/div[1]/input is 1
2022-05-31 22:55:11,944 [batch-1-thread-1] INFO  org.vividus.ui.action.search.AbstractElementAction - Number of visible elements is 1
2022-05-31 22:55:11,944 [batch-1-thread-1] INFO  org.vividus.softassert.SoftAssert - Pass: An element with attributes XPath: '//*[@id="hero"]/div/div/div[2]/form/div[1]/input'; Visibility: VISIBLE; exists
2022-05-31 22:55:11,944 [batch-1-thread-1] DEBUG org.vividus.softassert.SoftAssert - Pass: An element with attributes: ' XPath: '//*[@id="hero"]/div/div/div[2]/form/div[1]/input'; Visibility: VISIBLE;' exists
2022-05-31 22:55:11,967 [batch-1-thread-1] INFO  org.vividus.steps.ui.web.FieldSteps - Entering text "tt5892605@gmail.com" in element
2022-05-31 22:55:12,117 [batch-1-thread-1] INFO  org.vividus.log.LoggingStepMonitor - Performing step 'When I click on an element by the xpath '//*[@id="hero"]/div/div/div[2]/form/div[2]/button''
2022-05-31 22:55:12,119 [batch-1-thread-1] INFO  org.vividus.log.LoggingStepMonitor - Performing step 'When I click on element located `By.xpath(｟//*[@id="hero"]/div/div/div[2]/form/div[2]/button｠)`'
2022-05-31 22:55:12,136 [batch-1-thread-1] INFO  org.vividus.ui.action.search.AbstractElementAction - Total number of elements found By.xpath: //*[normalize-space(@id)="hero"]/div/div/div[2]/form/div[2]/button is 1
2022-05-31 22:55:12,153 [batch-1-thread-1] INFO  org.vividus.ui.action.search.AbstractElementAction - Number of visible elements is 1
2022-05-31 22:55:12,153 [batch-1-thread-1] INFO  org.vividus.softassert.SoftAssert - Pass: An element with attributes XPath: '//*[@id="hero"]/div/div/div[2]/form/div[2]/button'; Visibility: VISIBLE; exists
2022-05-31 22:55:12,153 [batch-1-thread-1] DEBUG org.vividus.softassert.SoftAssert - Pass: An element with attributes: ' XPath: '//*[@id="hero"]/div/div/div[2]/form/div[2]/button'; Visibility: VISIBLE;' exists
2022-05-31 22:55:17,423 [batch-1-thread-1] INFO  org.vividus.log.LoggingStepMonitor - Performing step 'When I click on an element by the xpath '//*[@id="signup-submit"]''
2022-05-31 22:55:17,423 [batch-1-thread-1] INFO  org.vividus.log.LoggingStepMonitor - Performing step 'When I click on element located `By.xpath(｟//*[@id="signup-submit"]｠)`'
2022-05-31 22:55:17,433 [batch-1-thread-1] INFO  org.vividus.ui.action.search.AbstractElementAction - Total number of elements found By.xpath: //*[normalize-space(@id)="signup-submit"] is 1
2022-05-31 22:55:17,446 [batch-1-thread-1] INFO  org.vividus.ui.action.search.AbstractElementAction - Number of visible elements is 1
2022-05-31 22:55:17,447 [batch-1-thread-1] INFO  org.vividus.softassert.SoftAssert - Pass: An element with attributes XPath: '//*[@id="signup-submit"]'; Visibility: VISIBLE; exists
2022-05-31 22:55:17,447 [batch-1-thread-1] DEBUG org.vividus.softassert.SoftAssert - Pass: An element with attributes: ' XPath: '//*[@id="signup-submit"]'; Visibility: VISIBLE;' exists
2022-05-31 22:55:18,198 [batch-1-thread-1] INFO  org.vividus.log.LoggingStepMonitor - Performing step 'When I click on an element by the xpath '//*[@id="signup-submit"]/span''
2022-05-31 22:55:18,198 [batch-1-thread-1] INFO  org.vividus.log.LoggingStepMonitor - Performing step 'When I click on element located `By.xpath(｟//*[@id="signup-submit"]/span｠)`'
2022-05-31 22:55:18,208 [batch-1-thread-1] INFO  org.vividus.ui.action.search.AbstractElementAction - Total number of elements found By.xpath: //*[normalize-space(@id)="signup-submit"]/span is 1
2022-05-31 22:55:18,223 [batch-1-thread-1] INFO  org.vividus.ui.action.search.AbstractElementAction - Number of visible elements is 1
2022-05-31 22:55:18,224 [batch-1-thread-1] INFO  org.vividus.softassert.SoftAssert - Pass: An element with attributes XPath: '//*[@id="signup-submit"]/span'; Visibility: VISIBLE; exists
2022-05-31 22:55:18,224 [batch-1-thread-1] DEBUG org.vividus.softassert.SoftAssert - Pass: An element with attributes: ' XPath: '//*[@id="signup-submit"]/span'; Visibility: VISIBLE;' exists
2022-05-31 22:55:20,121 [batch-1-thread-1] INFO  org.vividus.log.LoggingStepMonitor - Performing step 'When I click on an element by the xpath '//*[@id="welcome-send-validation-submit"]/span''
2022-05-31 22:55:20,122 [batch-1-thread-1] INFO  org.vividus.log.LoggingStepMonitor - Performing step 'When I click on element located `By.xpath(｟//*[@id="welcome-send-validation-submit"]/span｠)`'
2022-05-31 22:55:20,131 [batch-1-thread-1] INFO  org.vividus.ui.action.search.AbstractElementAction - Total number of elements found By.xpath: //*[normalize-space(@id)="welcome-send-validation-submit"]/span is 0
2022-05-31 22:55:20,132 [batch-1-thread-1] ERROR org.vividus.softassert.SoftAssert - Fail: An element with attributes XPath: '//*[@id="welcome-send-validation-submit"]/span'; Visibility: VISIBLE; [Expected: exists Actual: does not exist]
2022-05-31 22:55:20,133 [batch-1-thread-1] DEBUG org.vividus.softassert.SoftAssert - Fail: An element with attributes: ' XPath: '//*[@id="welcome-send-validation-submit"]/span'; Visibility: VISIBLE;' [Expected: exists Actual: does not exist]
2022-05-31 22:55:23,541 [batch-1-thread-1] INFO  org.vividus.log.LoggingStepMonitor - Performing step 'Then the text 'We've sent you an email!' exists'
2022-05-31 22:55:23,565 [batch-1-thread-1] INFO  org.vividus.ui.action.search.AbstractElementAction - Total number of elements found By.xpath: .//*[normalize-space(.)="We've sent you an email!" and not(.//*[normalize-space(.)="We've sent you an email!"])] is 0
2022-05-31 22:55:23,572 [batch-1-thread-1] INFO  org.vividus.ui.action.search.AbstractElementAction - Total number of elements found By.xpath: .//*[contains(normalize-space(.), "We've sent you an email!") and not(.//*[contains(normalize-space(.), "We've sent you an email!")])] is 0
2022-05-31 22:55:23,585 [batch-1-thread-1] INFO  org.vividus.ui.action.search.AbstractElementAction - Total number of elements found By.xpath: .//*[text()[normalize-space(translate(., 'ABCDEFGHIJKLMNOPQRSTUVWXYZ', 'abcdefghijklmnopqrstuvwxyz'))="we've sent you an email!"] or @*[normalize-space(translate(., 'ABCDEFGHIJKLMNOPQRSTUVWXYZ', 'abcdefghijklmnopqrstuvwxyz'))="we've sent you an email!"] or *[normalize-space(translate(., 'ABCDEFGHIJKLMNOPQRSTUVWXYZ', 'abcdefghijklmnopqrstuvwxyz'))="we've sent you an email!"] and not(.//*[text()[normalize-space(translate(., 'ABCDEFGHIJKLMNOPQRSTUVWXYZ', 'abcdefghijklmnopqrstuvwxyz'))="we've sent you an email!"] or @*[normalize-space(translate(., 'ABCDEFGHIJKLMNOPQRSTUVWXYZ', 'abcdefghijklmnopqrstuvwxyz'))="we've sent you an email!"] or *[normalize-space(translate(., 'ABCDEFGHIJKLMNOPQRSTUVWXYZ', 'abcdefghijklmnopqrstuvwxyz'))="we've sent you an email!"]])] is 0
2022-05-31 22:55:23,611 [batch-1-thread-1] ERROR org.vividus.softassert.SoftAssert - Fail: There is an element with text=We've sent you an email! in the context [The condition is false]
2022-05-31 22:55:26,487 [batch-1-thread-1] INFO  org.vividus.log.LoggingStoryReporter - AfterUserScenarioSteps
2022-05-31 22:55:26,488 [batch-1-thread-1] INFO  org.vividus.log.LoggingStoryReporter - AfterSystemScenarioSteps
2022-05-31 22:55:26,491 [batch-1-thread-1] ERROR org.vividus.softassert.SoftAssert - Failed verification: 2 of 6 assertions failed. Known issues are not found.
1) java.lang.AssertionError: An element with attributes XPath: '//*[@id="welcome-send-validation-submit"]/span'; Visibility: VISIBLE; [Expected: exists Actual: does not exist]
	at org.vividus.steps.ui.validation.DescriptiveSoftAssert.recordAssertionOutcome(DescriptiveSoftAssert.java:69)
	at org.vividus.steps.ui.validation.DescriptiveSoftAssert.assertThat(DescriptiveSoftAssert.java:39)
	at org.vividus.steps.ui.validation.BaseValidations.lambda$assertIfElementExists$3(BaseValidations.java:145)
	at org.vividus.steps.ui.validation.BaseValidations.runValidatingSearchContext(BaseValidations.java:198)
	at org.vividus.steps.ui.validation.BaseValidations.assertIfElementExists(BaseValidations.java:137)
	at org.vividus.steps.ui.validation.BaseValidations.assertIfElementExists(BaseValidations.java:100)
	at org.vividus.steps.ui.web.ElementSteps.clickOnElement(ElementSteps.java:290)
2) java.lang.AssertionError: There is an element with text=We've sent you an email! in the context [The condition is false]
	at org.vividus.steps.ui.web.TextValidationSteps.lambda$ifTextExists$2(TextValidationSteps.java:131)
	at org.vividus.steps.ui.web.TextValidationSteps.ifTextExists(TextValidationSteps.java:101)

2022-05-31 22:55:26,494 [batch-1-thread-1] INFO  org.vividus.log.LoggingStoryReporter - org.vividus.steps.AssertSteps.verifyIfAssertionsPassed() (FAILED)
(org.jbehave.core.failures.BeforeOrAfterFailed: Method verifyIfAssertionsPassed (annotated with @AfterScenario in class org.vividus.steps.AssertSteps) failed: org.vividus.softassert.exception.VerificationError: 
1) java.lang.AssertionError: An element with attributes XPath: '//*[@id="welcome-send-validation-submit"]/span'; Visibility: VISIBLE; [Expected: exists Actual: does not exist]
	at org.vividus.steps.ui.validation.DescriptiveSoftAssert.recordAssertionOutcome(DescriptiveSoftAssert.java:69)
	at org.vividus.steps.ui.validation.DescriptiveSoftAssert.assertThat(DescriptiveSoftAssert.java:39)
	at org.vividus.steps.ui.validation.BaseValidations.lambda$assertIfElementExists$3(BaseValidations.java:145)
	at org.vividus.steps.ui.validation.BaseValidations.runValidatingSearchContext(BaseValidations.java:198)
	at org.vividus.steps.ui.validation.BaseValidations.assertIfElementExists(BaseValidations.java:137)
	at org.vividus.steps.ui.validation.BaseValidations.assertIfElementExists(BaseValidations.java:100)
	at org.vividus.steps.ui.web.ElementSteps.clickOnElement(ElementSteps.java:290)
2) java.lang.AssertionError: There is an element with text=We've sent you an email! in the context [The condition is false]
	at org.vividus.steps.ui.web.TextValidationSteps.lambda$ifTextExists$2(TextValidationSteps.java:131)
	at org.vividus.steps.ui.web.TextValidationSteps.ifTextExists(TextValidationSteps.java:101)
)
2022-05-31 22:55:26,495 [batch-1-thread-1] ERROR org.vividus.log.LoggingStoryReporter - Step is failed with exception
org.jbehave.core.failures.UUIDExceptionWrapper: org.jbehave.core.failures.BeforeOrAfterFailed: Method verifyIfAssertionsPassed (annotated with @AfterScenario in class org.vividus.steps.AssertSteps) failed: org.vividus.softassert.exception.VerificationError: 
1) java.lang.AssertionError: An element with attributes XPath: '//*[@id="welcome-send-validation-submit"]/span'; Visibility: VISIBLE; [Expected: exists Actual: does not exist]
	at org.vividus.steps.ui.validation.DescriptiveSoftAssert.recordAssertionOutcome(DescriptiveSoftAssert.java:69)
	at org.vividus.steps.ui.validation.DescriptiveSoftAssert.assertThat(DescriptiveSoftAssert.java:39)
	at org.vividus.steps.ui.validation.BaseValidations.lambda$assertIfElementExists$3(BaseValidations.java:145)
	at org.vividus.steps.ui.validation.BaseValidations.runValidatingSearchContext(BaseValidations.java:198)
	at org.vividus.steps.ui.validation.BaseValidations.assertIfElementExists(BaseValidations.java:137)
	at org.vividus.steps.ui.validation.BaseValidations.assertIfElementExists(BaseValidations.java:100)
	at org.vividus.steps.ui.web.ElementSteps.clickOnElement(ElementSteps.java:290)
2) java.lang.AssertionError: There is an element with text=We've sent you an email! in the context [The condition is false]
	at org.vividus.steps.ui.web.TextValidationSteps.lambda$ifTextExists$2(TextValidationSteps.java:131)
	at org.vividus.steps.ui.web.TextValidationSteps.ifTextExists(TextValidationSteps.java:101)

	at org.jbehave.core.steps.StepCreator$BeforeOrAfterStep.perform(StepCreator.java:743) ~[jbehave-core-5.0.0-alpha.26.jar:?]
	at org.jbehave.core.steps.StepCreator$ReportingAbstractStep.perform(StepCreator.java:678) ~[jbehave-core-5.0.0-alpha.26.jar:?]
	at org.jbehave.core.steps.StepCreator$DelegatingStep.perform(StepCreator.java:702) ~[jbehave-core-5.0.0-alpha.26.jar:?]
	at org.jbehave.core.embedder.PerformableTree$FineSoFar.run(PerformableTree.java:397) ~[jbehave-core-5.0.0-alpha.26.jar:?]
	at org.jbehave.core.embedder.PerformableTree$PerformableSteps.perform(PerformableTree.java:1423) ~[jbehave-core-5.0.0-alpha.26.jar:?]
	at org.jbehave.core.embedder.PerformableTree$PerformableEntity.performSteps(PerformableTree.java:979) ~[jbehave-core-5.0.0-alpha.26.jar:?]
	at org.jbehave.core.embedder.PerformableTree$PerformableEntity.performAfterSteps(PerformableTree.java:958) ~[jbehave-core-5.0.0-alpha.26.jar:?]
	at org.jbehave.core.embedder.PerformableTree$AbstractPerformableScenario.performScenario(PerformableTree.java:1267) ~[jbehave-core-5.0.0-alpha.26.jar:?]
	at org.jbehave.core.embedder.PerformableTree$NormalPerformableScenario.perform(PerformableTree.java:1314) ~[jbehave-core-5.0.0-alpha.26.jar:?]
	at org.jbehave.core.embedder.PerformableTree$PerformableScenario.perform(PerformableTree.java:1200) ~[jbehave-core-5.0.0-alpha.26.jar:?]
	at org.jbehave.core.embedder.PerformableTree$PerformableStory.performScenarios(PerformableTree.java:1089) ~[jbehave-core-5.0.0-alpha.26.jar:?]
	at org.jbehave.core.embedder.PerformableTree$PerformableStory.perform(PerformableTree.java:1064) ~[jbehave-core-5.0.0-alpha.26.jar:?]
	at org.jbehave.core.embedder.PerformableTree.performCancellable(PerformableTree.java:514) ~[jbehave-core-5.0.0-alpha.26.jar:?]
	at org.jbehave.core.embedder.PerformableTree.perform(PerformableTree.java:481) ~[jbehave-core-5.0.0-alpha.26.jar:?]
	at org.jbehave.core.embedder.StoryManager$EnqueuedStory.call(StoryManager.java:300) ~[jbehave-core-5.0.0-alpha.26.jar:?]
	at org.jbehave.core.embedder.StoryManager$EnqueuedStory.call(StoryManager.java:273) ~[jbehave-core-5.0.0-alpha.26.jar:?]
	at java.util.concurrent.FutureTask.run(FutureTask.java:264) ~[?:?]
	at java.util.concurrent.ThreadPoolExecutor.runWorker(ThreadPoolExecutor.java:1136) ~[?:?]
	at java.util.concurrent.ThreadPoolExecutor$Worker.run(ThreadPoolExecutor.java:635) ~[?:?]
	at java.lang.Thread.run(Thread.java:833) ~[?:?]
Caused by: org.jbehave.core.failures.BeforeOrAfterFailed: Method verifyIfAssertionsPassed (annotated with @AfterScenario in class org.vividus.steps.AssertSteps) failed: org.vividus.softassert.exception.VerificationError: 
1) java.lang.AssertionError: An element with attributes XPath: '//*[@id="welcome-send-validation-submit"]/span'; Visibility: VISIBLE; [Expected: exists Actual: does not exist]
	at org.vividus.steps.ui.validation.DescriptiveSoftAssert.recordAssertionOutcome(DescriptiveSoftAssert.java:69)
	at org.vividus.steps.ui.validation.DescriptiveSoftAssert.assertThat(DescriptiveSoftAssert.java:39)
	at org.vividus.steps.ui.validation.BaseValidations.lambda$assertIfElementExists$3(BaseValidations.java:145)
	at org.vividus.steps.ui.validation.BaseValidations.runValidatingSearchContext(BaseValidations.java:198)
	at org.vividus.steps.ui.validation.BaseValidations.assertIfElementExists(BaseValidations.java:137)
	at org.vividus.steps.ui.validation.BaseValidations.assertIfElementExists(BaseValidations.java:100)
	at org.vividus.steps.ui.web.ElementSteps.clickOnElement(ElementSteps.java:290)
2) java.lang.AssertionError: There is an element with text=We've sent you an email! in the context [The condition is false]
	at org.vividus.steps.ui.web.TextValidationSteps.lambda$ifTextExists$2(TextValidationSteps.java:131)
	at org.vividus.steps.ui.web.TextValidationSteps.ifTextExists(TextValidationSteps.java:101)

	... 20 more
Caused by: org.vividus.softassert.exception.VerificationError: 
1) java.lang.AssertionError: An element with attributes XPath: '//*[@id="welcome-send-validation-submit"]/span'; Visibility: VISIBLE; [Expected: exists Actual: does not exist]
	at org.vividus.steps.ui.validation.DescriptiveSoftAssert.recordAssertionOutcome(DescriptiveSoftAssert.java:69)
	at org.vividus.steps.ui.validation.DescriptiveSoftAssert.assertThat(DescriptiveSoftAssert.java:39)
	at org.vividus.steps.ui.validation.BaseValidations.lambda$assertIfElementExists$3(BaseValidations.java:145)
	at org.vividus.steps.ui.validation.BaseValidations.runValidatingSearchContext(BaseValidations.java:198)
	at org.vividus.steps.ui.validation.BaseValidations.assertIfElementExists(BaseValidations.java:137)
	at org.vividus.steps.ui.validation.BaseValidations.assertIfElementExists(BaseValidations.java:100)
	at org.vividus.steps.ui.web.ElementSteps.clickOnElement(ElementSteps.java:290)
2) java.lang.AssertionError: There is an element with text=We've sent you an email! in the context [The condition is false]
	at org.vividus.steps.ui.web.TextValidationSteps.lambda$ifTextExists$2(TextValidationSteps.java:131)
	at org.vividus.steps.ui.web.TextValidationSteps.ifTextExists(TextValidationSteps.java:101)

	at org.vividus.softassert.SoftAssert.verify(SoftAssert.java:286) ~[vividus-soft-assert-0.4.9.jar:0.4.9]
	at org.vividus.steps.AssertSteps.verifyIfAssertionsPassed(AssertSteps.java:45) ~[vividus-0.4.9.jar:0.4.9]
	at jdk.internal.reflect.NativeMethodAccessorImpl.invoke0(Native Method) ~[?:?]
	at jdk.internal.reflect.NativeMethodAccessorImpl.invoke(NativeMethodAccessorImpl.java:77) ~[?:?]
	at jdk.internal.reflect.DelegatingMethodAccessorImpl.invoke(DelegatingMethodAccessorImpl.java:43) ~[?:?]
	at java.lang.reflect.Method.invoke(Method.java:568) ~[?:?]
	at org.jbehave.core.steps.StepCreator$MethodInvoker.invoke(StepCreator.java:1022) ~[jbehave-core-5.0.0-alpha.26.jar:?]
	at org.jbehave.core.steps.StepCreator$BeforeOrAfterStep.perform(StepCreator.java:739) ~[jbehave-core-5.0.0-alpha.26.jar:?]
	... 19 more
2022-05-31 22:55:26,515 [batch-1-thread-1] INFO  org.vividus.log.LoggingStoryReporter - AfterUserStorySteps
2022-05-31 22:55:26,515 [batch-1-thread-1] INFO  org.vividus.log.LoggingStoryReporter - AfterSystemStorySteps
2022-05-31 22:55:27,005 [main] INFO  org.vividus.log.LoggingStoryReporter - AfterStories
2022-05-31 22:55:27,013 [main] INFO  org.vividus.log.TestInfoLogger - 
------------------------------------------------------------
 Configuration:
   Suites                           test1
   Environments                     test
   Profiles                         web/desktop/chrome
------------------------------------------------------------
 Profile:
   Proxy                            OFF
   Operating System                 Mac OS X
   Browser                          chrome 
   Remote Execution                 OFF
------------------------------------------------------------
 Suite:
   Batch 1 Location                 story/web
   Batch 1 Include Patterns         *.story
   Global Meta Filters              groovy: (!layout || layout.contains('desktop')) && !skip && (true)
------------------------------------------------------------
 Environment:
   Main Application Page            https://trello.com/login
------------------------------------------------------------
 Vividus:
   vividus                          0.4.9
   vividus-allure-adaptor           0.4.9
   vividus-analytics                0.4.9
   vividus-engine                   0.4.9
   vividus-extension-selenium       0.4.9
   vividus-extension-visual-testing 0.4.9
   vividus-http-client              0.4.9
   vividus-plugin-json              0.4.9
   vividus-plugin-rest-api          0.4.9
   vividus-plugin-visual            0.4.9
   vividus-plugin-web-app           0.4.9
   vividus-reporter                 0.4.9
   vividus-soft-assert              0.4.9
   vividus-test-context             0.4.9
   vividus-util                     0.4.9

 Execution statistics:
   ----------------------------------------
                 Story   Scenario     Step
   ----------------------------------------
   Passed            1          1       11
   Failed            1          1        2
   Broken            0          0        0
   Known Issue       0          0        0
   Pending           0          0        0
   Skipped           0          0        0
   ----------------------------------------
   TOTAL             2          2       13
2022-05-31 22:55:28,642 [main] INFO  org.vividus.report.allure.AllureReportGenerator - Allure report is successfully generated at /Users/macbook/task2/output/reports/allure/index.html
